1:  dbo_numberOfSeasons-906-smallest.csv - 2.35497403145
2:  dbo_number-345.csv.results-smallest.csv - 13.8212311268
3:  dbo_activeYearsStartYear-139-smallest.csv - 13.0264530182
4:  dbo_squadNumber-154-smallest.csv - 7.09435796738
5:  dbo_area-322-smallest.csv - 3.00996804237
6:  dbo_displacement-807-smallest.csv - 1.18519496918
7:  dbo_topSpeed-864-smallest.csv - 9.73126506805
8:  dbo_activeYearsEndYear-192-smallest.csv - 12.2580599785
9:  dbo_areaTotal-180-smallest.csv - 14.902777195
10:  dbo_populationDensity-267-smallest.csv - 15.0176339149
11:  dbo_areaTotal-183-smallest.csv - 14.5425360203
12:  dbo_areaWater-363-smallest.csv - 13.4409091473
13:  dbo_populationDensity-259.csv.results-smallest.csv - 4.12285614014
14:  dbo_length-318-smallest.csv - 15.8066620827
15:  dbo_weight-278-smallest.csv - 2.94670200348
16:  dbo_numberOfEpisodes-561-smallest.csv - 4.13197278976
17:  dbo_activeYearsStartYear-133-smallest.csv - 4.0736219883
18:  dbo_displacement-804-smallest.csv - 1.19494485855
19:  dbo_yearOfConstruction-376-smallest.csv - 1.7865691185
20:  dbo_runtime-119-smallest.csv - 1.18713307381
21:  dbo_length-315-smallest.csv - 13.0035090446
22:  dbo_maximumElevation-398-smallest.csv - 2.92329406738
23:  dbo_areaLand-300-smallest.csv - 14.8457159996
24:  dbo_populationDensity-268-smallest.csv - 15.6878449917
25:  dbo_length-317-smallest.csv - 9.30676817894
26:  dbo_areaTotal-184-smallest.csv - 12.4535729885
27:  dbo_populationDensity-274-smallest.csv - 13.475066185
28:  dbo_height-166-smallest.csv - 12.3714599609
29:  dbo_areaWater-369-smallest.csv - 13.2897930145
30:  dbo_maximumElevation-399-smallest.csv - 13.2462010384
31:  dbo_width-1019-smallest.csv - 9.13940191269
32:  dbo_foundingYear-243-smallest.csv - 12.9997069836
33:  dbo_height-163-smallest.csv - 12.2884120941
34:  dbo_openingYear-390-smallest.csv - 14.1199879646
35:  dbo_areaWater-367-smallest.csv - 14.2222321033
36:  dbo_activeYearsStartYear-138-smallest.csv - 12.260258913
37:  dbo_numberOfGoals-19-smallest.csv - 4.88077092171
38:  dbo_areaLand-297-smallest.csv - 11.4556908607
39:  dbo_yearOfConstruction-381-smallest.csv - 7.66314101219
40:  dbo_numberOfPages-604-smallest.csv - 7.48168683052
41:  dbo_numberOfGoals-14-smallest.csv - 6.21795582771
42:  dbo_openingYear-388-smallest.csv - 2.36764597893
43:  dbo_serviceEndYear-731-smallest.csv - 10.1893668175
44:  dbo_runwayLength-492-smallest.csv - 1.77690887451
45:  dbo_width-1021-smallest.csv - 4.16490697861
46:  dbo_populationTotal-75-smallest.csv - 12.8782739639
47:  dbo_numberOfStudents-425-smallest.csv - 13.1800489426
48:  dbo_runtime-92-smallest.csv - 2.9585878849
49:  dbo_weight-281-smallest.csv - 12.8722641468
50:  dbo_populationTotal-54-smallest.csv - 14.5197291374
51:  dbo_elevation-131-smallest.csv - 9.01061797142
52:  dbo_runtime-109-smallest.csv - 6.44502401352
53:  dbo_area-326-smallest.csv - 9.79882693291
54:  dbo_squadNumber-149-smallest.csv - 5.67116618156
55:  dbo_squadNumber-156-smallest.csv - 1.24560403824
56:  dbo_minimumElevation-407-smallest.csv - 2.9479830265
57:  dbo_areaLand-290-smallest.csv - 14.5284750462
58:  dbo_height-165-smallest.csv - 9.35363698006
59:  dbo_draftYear-703-smallest.csv - 14.3613100052
60:  dbo_numberOfSeasons-892-smallest.csv - 9.88059997559
61:  dbo_activeYearsStartYear-135-smallest.csv - 14.3466250896
62:  dbo_height-164-smallest.csv - 3.56990504265
63:  dbo_foundingYear-247-smallest.csv - 9.22336101532
64:  dbo_areaTotal-187-smallest.csv - 15.2129728794
65:  dbo_runwayLength-500-smallest.csv - 9.81628513336
66:  dbo_shipBeam-592-smallest.csv - 1.18251013756
67:  dbo_year-416-smallest.csv - 1.18555283546
68:  dbo_populationDensity-267.csv.results-smallest.csv - 4.1907119751
69:  dbo_length-319-smallest.csv - 6.00590014458
70:  dbo_budget-932-smallest.csv - 6.72696113586
71:  dbo_yearOfConstruction-380-smallest.csv - 1.18354821205
72:  dbo_foundingYear-242-smallest.csv - 5.86163687706
73:  dbo_areaLand-305-smallest.csv - 13.3802690506
74:  dbo_shipBeam-599-smallest.csv - 7.01752090454
75:  dbo_gross-959-smallest.csv - 8.38195991516
76:  dbo_serviceStartYear-675-smallest.csv - 10.6789019108
77:  dbo_length-310-smallest.csv - 15.441054821
78:  dbo_weight-282-smallest.csv - 12.3474018574
79:  dbo_minimumElevation-405-smallest.csv - 12.8927328587
80:  dbo_activeYearsEndYear-191-smallest.csv - 1.18272709846
81:  dbo_year-419-smallest.csv - 5.95729708672
82:  dbo_activeYearsStartYear-132-smallest.csv - 12.3996851444
83:  dbo_weight-283-smallest.csv - 6.65495204926
84:  dbo_elevation-130-smallest.csv - 14.5591590405
85:  dbo_minimumElevation-404-smallest.csv - 12.1042039394
86:  dbo_populationTotal-79-smallest.csv - 14.5259389877
87:  dbo_deathYear-42-smallest.csv - 11.0661790371
88:  dbo_numberOfStudents-439-smallest.csv - 12.7177970409
89:  dbo_openingYear-392-smallest.csv - 1.18299102783
90:  dbo_elevation-129-smallest.csv - 14.6302938461
91:  dbo_weight-285-smallest.csv - 1.77493596077
92:  dbo_runwayLength-508-smallest.csv - 14.3118519783
93:  dbo_areaWater-357-smallest.csv - 15.4536969662
94:  dbo_weight-284-smallest.csv - 3.52696895599
95:  dbo_yearOfConstruction-377-smallest.csv - 9.59209799767
96:  dbo_areaTotal-181-smallest.csv - 9.87446093559
97:  dbo_height-162-smallest.csv - 13.7404367924
98:  dbo_openingYear-386.csv.results-smallest.csv - 13.394701004
99:  dbo_budget-933-smallest.csv - 4.77583193779
100:  dbo_area-329-smallest.csv - 6.00853800774
101:  dbo_yearOfConstruction-375-smallest.csv - 2.36156797409
102:  dbo_activeYearsEndYear-194-smallest.csv - 1.20356011391
103:  dbo_topSpeed-863-smallest.csv - 7.06166410446
104:  dbo_areaLand-291-smallest.csv - 15.2490301132
105:  dbo_elevation-122-smallest.csv - 9.47794413567
106:  dbo_numberOfPages-616-smallest.csv - 1.18809103966
107:  dbo_maximumElevation-401-smallest.csv - 10.5207498074
108:  dbo_area-321-smallest.csv - 6.01677107811
109:  dbo_activeYearsStartYear-134-smallest.csv - 12.8388109207
110:  dbo_areaTotal-179-smallest.csv - 12.6177101135
111:  dbo_areaLand-301-smallest.csv - 14.1493289471
112:  dbo_runtime-99-smallest.csv - 1.76621079445
113:  dbo_numberOfPages-649-smallest.csv - 6.54712796211
114:  dbo_budget-928-smallest.csv - 6.83474111557
115:  dbo_populationDensity-258-smallest.csv - 1.1979470253
116:  dbo_maximumElevation-395-smallest.csv - 2.93435907364
117:  dbo_budget-935-smallest.csv - 3.66584587097
118:  dbo_activeYearsEndYear-196-smallest.csv - 2.96169090271
119:  dbo_gross-960-smallest.csv - 1.77178215981
120:  dbo_runtime-101-smallest.csv - 1.19004178047
121:  dbo_minimumElevation-410-smallest.csv - 13.0564827919
122:  dbo_runwayLength-491-smallest.csv - 1.18321084976
123:  dbo_weight-280-smallest.csv - 1.72634506226
124:  dbo_maximumElevation-400-smallest.csv - 2.36762189865
125:  dbo_populationTotal-74-smallest.csv - 12.8701119423
126:  dbo_activeYearsEndYear-188-smallest.csv - 11.928704977
127:  dbo_foundingYear-244-smallest.csv - 13.9374740124
128:  dbo_height-158-smallest.csv - 13.977244854
129:  dbo_foundingYear-240-smallest.csv - 13.3979020119
130:  dbo_serviceEndYear-722-smallest.csv - 1.1985449791
131:  dbo_areaTotal-182-smallest.csv - 11.3534610271
132:  dbo_numberOfEpisodes-548-smallest.csv - 6.4632229805
133:  dbo_runtime-106-smallest.csv - 1.18138217926
134:  dbo_squadNumber-148-smallest.csv - 7.23574590683
135:  dbo_minimumElevation-408-smallest.csv - 13.1280388832
136:  dbo_displacement-813-smallest.csv - 1.20085501671
137:  dbo_height-159-smallest.csv - 10.4360151291
138:  dbo_area-320-smallest.csv - 12.8977611065
139:  dbo_weight-286-smallest.csv - 12.2126350403
140:  dbo_squadNumber-150-smallest.csv - 5.88768386841
141:  dbo_maximumElevation-402-smallest.csv - 13.357544899
142:  dbo_runwayLength-487-smallest.csv - 1.76701807976
143:  dbo_maximumElevation-397-smallest.csv - 2.97281193733
144:  dbo_populationTotal-64-smallest.csv - 1.77640509605
145:  dbo_year-422-smallest.csv - 6.29799294472
146:  dbo_runtime-104-smallest.csv - 9.46623706818
147:  dbo_year-414-smallest.csv - 6.11212301254
148:  dbo_budget-936-smallest.csv - 3.69971609116
149:  dbo_squadNumber-142-smallest.csv - 2.97695493698
150:  dbo_yearOfConstruction-378-smallest.csv - 2.35742998123
151:  dbo_deathYear-47-smallest.csv - 8.42259597778
152:  dbo_width-1025-smallest.csv - 13.8349699974
153:  dbo_minimumElevation-403-smallest.csv - 1.18906903267
154:  dbo_height-161-smallest.csv - 13.1016800404
155:  dbo_yearOfConstruction-382-smallest.csv - 6.64698386192
156:  dbo_activeYearsStartYear-140-smallest.csv - 1.19042897224
157:  dbo_width-1024-smallest.csv - 6.24003815651
158:  dbo_budget-927-smallest.csv - 11.7854771614
159:  dbo_numberOfEmployees-712-smallest.csv - 11.7635769844
160:  dbo_foundingYear-241-smallest.csv - 11.0786848068
161:  dbo_areaLand-298-smallest.csv - 12.1188778877
162:  dbo_numberOfGoals-13-smallest.csv - 4.87665700912
163:  dbo_populationDensity-252-smallest.csv - 15.3271291256
164:  dbo_populationTotal-76-smallest.csv - 12.69815588
165:  dbo_formationYear-822-smallest.csv - 2.93940114975
166:  dbo_capacity-989-smallest.csv - 5.92008781433
167:  dbo_runtime-103-smallest.csv - 6.76964592934
168:  dbo_draftYear-679-smallest.csv - 14.3044571877
169:  dbo_yearOfConstruction-373-smallest.csv - 3.5590569973
170:  dbo_areaWater-365-smallest.csv - 14.5608170033
171:  dbo_area-324-smallest.csv - 11.3252980709
172:  dbo_deathYear-39-smallest.csv - 12.4865670204
173:  dbo_elevation-123-smallest.csv - 13.1165440083
174:  dbo_length-316-smallest.csv - 9.75927805901
175:  dbo_activeYearsStartYear-136-smallest.csv - 12.853042841
176:  dbo_numberOfStudents-464-smallest.csv - 12.2363269329
177:  dbo_width-1023-smallest.csv - 9.18107008934
178:  dbo_populationDensity-265-smallest.csv - 13.1962170601
179:  dbo_length-313-smallest.csv - 1.18096804619
180:  dbo_openingYear-389-smallest.csv - 6.00024008751
181:  dbo_populationDensity-266-smallest.csv - 13.4344081879
182:  dbo_numberOfGoals-15-smallest.csv - 13.1322891712
183:  dbo_populationDensity-269-smallest.csv - 14.2261838913
184:  dbo_areaWater-364-smallest.csv - 15.2977838516
185:  dbo_runwayLength-516-smallest.csv - 14.3611109257
186:  dbo_formationYear-817-smallest.csv - 1.17786693573
187:  dbo_numberOfEpisodes-526.csv.results-smallest.csv - 13.4657568932
188:  dbo_serviceEndYear-724-smallest.csv - 10.7556579113
189:  dbo_openingYear-387-smallest.csv - 3.55013298988
190:  dbo_populationDensity-257-smallest.csv - 3.00890302658
191:  dbo_foundingYear-245-smallest.csv - 1.76683807373
192:  dbo_numberOfGoals-10-smallest.csv - 4.83977293968
193:  dbo_width-1018-smallest.csv - 15.8560919762
194:  dbo_numberOfStudents-432-smallest.csv - 11.3080918789
195:  dbo_minimumElevation-411-smallest.csv - 2.94569087029
196:  dbo_areaTotal-178-smallest.csv - 13.1571948528
197:  dbo_elevation-126-smallest.csv - 12.4288220406
198:  dbo_activeYearsEndYear-197-smallest.csv - 14.0189378262
199:  dbo_area-327-smallest.csv - 5.9960899353
200:  dbo_area-323-smallest.csv - 6.47043395042
201:  dbo_year-420-smallest.csv - 6.37064409256
202:  dbo_populationDensity-253-smallest.csv - 14.1918869019
203:  dbo_weight-287-smallest.csv - 6.19592094421
204:  dbo_maximumElevation-394-smallest.csv - 1.19153499603
205:  dbo_numberOfEpisodes-543-smallest.csv - 9.5359480381
206:  dbo_capacity-1011-smallest.csv - 8.84281396866
207:  dbo_activeYearsStartYear-141-smallest.csv - 13.0048348904
208:  dbo_populationTotal-77-smallest.csv - 14.4580569267
209:  dbo_runtime-120-smallest.csv - 8.12920713425
210:  dbo_gross-956-smallest.csv - 2.3660941124
211:  dbo_elevation-127-smallest.csv - 12.2189378738
212:  dbo_runtime-98-smallest.csv - 9.70855093002
213:  dbo_areaTotal-185-smallest.csv - 10.9883179665
214:  dbo_elevation-124-smallest.csv - 14.4355759621
215:  dbo_draftYear-681-smallest.csv - 12.8040249348
216:  dbo_areaLand-299-smallest.csv - 15.4536509514
217:  dbo_draftYear-696-smallest.csv - 1.76677107811
218:  dbo_minimumElevation-409-smallest.csv - 4.07834100723
219:  dbo_height-167-smallest.csv - 6.09388804436
220:  dbo_populationTotal-55-smallest.csv - 13.5058140755
221:  dbo_height-160-smallest.csv - 12.5365159512
222:  dbo_length-312-smallest.csv - 12.2358570099
223:  dbo_populationTotal-56-smallest.csv - 12.4847400188
224:  dbo_serviceStartYear-674-smallest.csv - 10.6401770115
225:  dbo_draftYear-680-smallest.csv - 2.37710094452
226:  dbo_budget-931-smallest.csv - 6.15600204468
227:  dbo_elevation-125-smallest.csv - 12.5276749134
228:  dbo_draftYear-689-smallest.csv - 11.5047960281
229:  dbo_openingYear-391-smallest.csv - 10.8903470039
230:  dbo_runwayLength-512-smallest.csv - 14.2242209911
231:  dbo_length-311-smallest.csv - 10.2464079857
232:  dbo_openingYear-383-smallest.csv - 15.8834350109
233:  dbo_minimumElevation-406-smallest.csv - 9.82243394852
234:  dbo_areaWater-362-smallest.csv - 13.9875040054
235:  dbo_shipBeam-591-smallest.csv - 1.18807792664
236:  dbo_length-314-smallest.csv - 6.58515810966
237:  dbo_areaWater-356-smallest.csv - 14.4297540188
238:  dbo_numberOfEpisodes-552-smallest.csv - 1.82390904427
239:  dbo_gross-947-smallest.csv - 9.91457295418
240:  dbo_runtime-108-smallest.csv - 1.1879799366
241:  dbo_draftYear-700-smallest.csv - 14.0495009422
242:  dbo_width-1022-smallest.csv - 15.5350499153
243:  dbo_areaTotal-186-smallest.csv - 16.1773278713
244:  dbo_activeYearsEndYear-193-smallest.csv - 12.9313259125
245:  dbo_draftYear-702-smallest.csv - 14.5718660355
246:  dbo_weight-279-smallest.csv - 3.07453489304
