1:  dbo_foundingYear-242-small.csv - 11.7298858166
2:  dbo_area-324-small.csv - 16.091258049
3:  dbo_minimumElevation-410-small.csv - 16.216823101
4:  dbo_draftYear-703-small.csv - 13.2786431313
5:  dbo_weight-286-small.csv - 13.1519072056
6:  dbo_numberOfGoals-19-small.csv - 14.3834710121
7:  dbo_foundingYear-244-small.csv - 14.4541120529
8:  dbo_areaWater-356-small.csv - 15.1714859009
9:  dbo_activeYearsEndYear-192-small.csv - 12.5599169731
10:  dbo_openingYear-389-small.csv - 14.8449499607
11:  dbo_width-1022-small.csv - 16.0252120495
12:  dbo_draftYear-696-small.csv - 10.7325799465
13:  dbo_numberOfEpisodes-561-small.csv - 7.8685400486
14:  dbo_areaWater-363-small.csv - 16.9758069515
15:  dbo_minimumElevation-404-small.csv - 14.060683012
16:  dbo_areaLand-290-small.csv - 15.0703361034
17:  dbo_budget-932-small.csv - 8.07677388191
18:  dbo_numberOfEpisodes-548-small.csv - 10.2466192245
19:  dbo_areaLand-298-small.csv - 20.2216849327
20:  dbo_squadNumber-148-small.csv - 11.6105520725
21:  dbo_areaTotal-179-small.csv - 15.9750258923
22:  dbo_width-1023-small.csv - 9.55629301071
23:  dbo_populationDensity-253-small.csv - 14.7447180748
24:  dbo_budget-931-small.csv - 6.20380306244
25:  dbo_areaWater-364-small.csv - 21.1674671173
26:  dbo_deathYear-39-small.csv - 12.6700267792
27:  dbo_populationDensity-268-small.csv - 20.0703229904
28:  dbo_draftYear-689-small.csv - 13.5918269157
29:  dbo_yearOfConstruction-381-small.csv - 6.33522200584
30:  dbo_draftYear-680-small.csv - 13.7423629761
31:  dbo_minimumElevation-409-small.csv - 14.102492094
32:  dbo_numberOfStudents-439-small.csv - 17.84176898
33:  dbo_squadNumber-149-small.csv - 6.71300387383
34:  dbo_deathYear-42-small.csv - 12.730848074
35:  dbo_numberOfPages-604-small.csv - 7.87536120415
36:  dbo_activeYearsEndYear-197-small.csv - 14.7560539246
37:  dbo_elevation-127-small.csv - 13.0958340168
38:  dbo_draftYear-702-small.csv - 16.452917099
39:  dbo_populationTotal-75-small.csv - 15.6582648754
40:  dbo_areaTotal-186-small.csv - 15.8078141212
41:  dbo_activeYearsStartYear-132-small.csv - 13.0358810425
42:  dbo_length-312-small.csv - 12.3852369785
43:  dbo_populationDensity-274-small.csv - 15.7643258572
44:  dbo_serviceStartYear-674-small.csv - 10.6909410954
45:  dbo_areaWater-362-small.csv - 15.2900431156
46:  dbo_budget-927-small.csv - 6.42533802986
47:  dbo_foundingYear-243-small.csv - 13.5139610767
48:  dbo_height-163-small.csv - 9.92053103447
49:  dbo_numberOfGoals-13-small.csv - 14.6374979019
50:  dbo_openingYear-390-small.csv - 14.7656328678
51:  dbo_gross-947-small.csv - 8.54713892937
52:  dbo_populationDensity-259.csv.results-small.csv - 9.55095505714
53:  dbo_length-318-small.csv - 18.0987019539
54:  dbo_numberOfGoals-15-small.csv - 6.50873708725
55:  dbo_populationDensity-266-small.csv - 16.9767789841
56:  dbo_weight-283-small.csv - 13.8740539551
57:  dbo_weight-287-small.csv - 10.5000519753
58:  dbo_areaTotal-184-small.csv - 13.6061968803
59:  dbo_activeYearsStartYear-140-small.csv - 11.9572319984
60:  dbo_runtime-98-small.csv - 8.46663999557
61:  dbo_width-1021-small.csv - 9.46972107887
62:  dbo_populationTotal-74-small.csv - 15.2946610451
63:  dbo_areaWater-365-small.csv - 16.5945320129
64:  dbo_numberOfSeasons-892-small.csv - 7.89253091812
65:  dbo_length-314-small.csv - 11.4058530331
66:  dbo_height-167-small.csv - 10.242000103
67:  dbo_weight-279-small.csv - 10.8348779678
68:  dbo_areaWater-369-small.csv - 18.6323518753
69:  dbo_width-1025-small.csv - 15.4938127995
70:  dbo_yearOfConstruction-378-small.csv - 12.4729070663
71:  dbo_formationYear-817-small.csv - 5.94197511673
72:  dbo_populationDensity-257-small.csv - 12.8173429966
73:  dbo_numberOfPages-616-small.csv - 7.5323870182
74:  dbo_populationDensity-265-small.csv - 17.988451004
75:  dbo_elevation-129-small.csv - 19.6369371414
76:  dbo_numberOfSeasons-906-small.csv - 7.78461909294
77:  dbo_foundingYear-245-small.csv - 11.1212778091
78:  dbo_numberOfEpisodes-543-small.csv - 8.77899289131
79:  dbo_runtime-106-small.csv - 7.58861994743
80:  dbo_numberOfStudents-464-small.csv - 13.0032129288
81:  dbo_yearOfConstruction-380-small.csv - 5.92122411728
82:  dbo_numberOfEmployees-712-small.csv - 13.0499119759
83:  dbo_openingYear-391-small.csv - 11.7137608528
84:  dbo_area-321-small.csv - 6.5576479435
85:  dbo_areaTotal-178-small.csv - 16.054792881
86:  dbo_width-1024-small.csv - 10.5971798897
87:  dbo_width-1019-small.csv - 9.94486618042
88:  dbo_activeYearsEndYear-196-small.csv - 10.762969017
89:  dbo_areaTotal-181-small.csv - 13.1322250366
90:  dbo_squadNumber-150-small.csv - 7.75839710236
91:  dbo_runtime-120-small.csv - 9.53590512276
92:  dbo_displacement-813-small.csv - 10.5727808475
93:  dbo_height-159-small.csv - 11.0932300091
94:  dbo_populationTotal-55-small.csv - 17.7110760212
95:  dbo_number-345.csv.results-small.csv - 18.4171199799
96:  dbo_areaLand-300-small.csv - 13.8417570591
97:  dbo_capacity-1011-small.csv - 9.60298109055
98:  dbo_draftYear-681-small.csv - 15.005384922
99:  dbo_runwayLength-512-small.csv - 17.4467170238
100:  dbo_areaWater-367-small.csv - 15.1701319218
101:  dbo_numberOfGoals-10-small.csv - 6.40869498253
102:  dbo_height-165-small.csv - 14.6172609329
103:  dbo_activeYearsStartYear-136-small.csv - 14.1411361694
104:  dbo_height-158-small.csv - 13.3174750805
105:  dbo_yearOfConstruction-382-small.csv - 9.53631806374
106:  dbo_maximumElevation-399-small.csv - 16.9790768623
107:  dbo_runtime-103-small.csv - 8.30371809006
108:  dbo_yearOfConstruction-376-small.csv - 12.3569002151
109:  dbo_length-311-small.csv - 8.46113705635
110:  dbo_height-160-small.csv - 13.1436200142
111:  dbo_serviceStartYear-675-small.csv - 11.4128651619
112:  dbo_runwayLength-516-small.csv - 16.8586390018
113:  dbo_area-322-small.csv - 14.0860581398
114:  dbo_minimumElevation-406-small.csv - 10.6706550121
115:  dbo_populationDensity-267-small.csv - 15.5617721081
116:  dbo_deathYear-47-small.csv - 9.36982107162
117:  dbo_runtime-119-small.csv - 5.96628093719
118:  dbo_height-164-small.csv - 15.6926491261
119:  dbo_activeYearsStartYear-141-small.csv - 14.4908480644
120:  dbo_areaLand-299-small.csv - 21.949463129
121:  dbo_gross-956-small.csv - 11.5180618763
122:  dbo_activeYearsStartYear-133-small.csv - 10.8915569782
123:  dbo_squadNumber-154-small.csv - 12.2065291405
124:  dbo_populationDensity-252-small.csv - 22.6475429535
125:  dbo_elevation-123-small.csv - 16.1734521389
126:  dbo_height-162-small.csv - 15.108673811
127:  dbo_topSpeed-864-small.csv - 8.99964308739
128:  dbo_maximumElevation-394-small.csv - 12.8616628647
129:  dbo_numberOfEpisodes-552-small.csv - 9.45857286453
130:  dbo_runwayLength-508-small.csv - 18.2336888313
131:  dbo_minimumElevation-407-small.csv - 13.6795752048
132:  dbo_weight-280-small.csv - 8.54038691521
133:  dbo_numberOfPages-649-small.csv - 8.32705688477
134:  dbo_topSpeed-863-small.csv - 13.5859749317
135:  dbo_length-315-small.csv - 15.9871819019
136:  dbo_elevation-125-small.csv - 16.4756250381
137:  dbo_foundingYear-247-small.csv - 13.2914259434
138:  dbo_formationYear-822-small.csv - 9.73294496536
139:  dbo_length-313-small.csv - 6.15956687927
140:  dbo_numberOfGoals-14-small.csv - 9.17723107338
141:  dbo_shipBeam-592-small.csv - 9.30738806725
142:  dbo_maximumElevation-402-small.csv - 15.9481320381
143:  dbo_runwayLength-487-small.csv - 9.06629800797
144:  dbo_activeYearsEndYear-194-small.csv - 11.6872050762
145:  dbo_gross-960-small.csv - 12.1189031601
146:  dbo_numberOfStudents-425-small.csv - 14.9979290962
147:  dbo_populationTotal-64-small.csv - 13.4945850372
148:  dbo_areaLand-305-small.csv - 20.5521159172
149:  dbo_runtime-108-small.csv - 7.5723490715
150:  dbo_budget-928-small.csv - 13.8622479439
151:  dbo_maximumElevation-395-small.csv - 13.3104009628
152:  dbo_year-419-small.csv - 7.50882411003
153:  dbo_minimumElevation-405-small.csv - 16.7212691307
154:  dbo_yearOfConstruction-377-small.csv - 15.7771759033
155:  dbo_draftYear-700-small.csv - 16.3628158569
156:  dbo_elevation-126-small.csv - 12.9368190765
157:  dbo_shipBeam-591-small.csv - 9.71898293495
158:  dbo_populationDensity-267.csv.results-small.csv - 9.52304315567
159:  dbo_area-327-small.csv - 6.62102890015
160:  dbo_populationTotal-54-small.csv - 12.7522830963
161:  dbo_year-416-small.csv - 12.4318459034
162:  dbo_activeYearsStartYear-135-small.csv - 16.0265290737
163:  dbo_length-319-small.csv - 17.6571450233
164:  dbo_height-166-small.csv - 12.8868300915
165:  dbo_weight-282-small.csv - 12.9459440708
166:  dbo_yearOfConstruction-375-small.csv - 6.16408109665
167:  dbo_areaLand-291-small.csv - 21.1654601097
168:  dbo_populationTotal-76-small.csv - 14.9584231377
169:  dbo_runtime-92-small.csv - 6.15536403656
170:  dbo_weight-278-small.csv - 8.93950200081
171:  dbo_gross-959-small.csv - 8.73405003548
172:  dbo_runwayLength-491-small.csv - 13.5973188877
173:  dbo_maximumElevation-400-small.csv - 12.5213038921
174:  dbo_budget-933-small.csv - 12.3658871651
175:  dbo_draftYear-679-small.csv - 15.3251791
176:  dbo_length-317-small.csv - 9.81593203545
177:  dbo_elevation-131-small.csv - 11.1533350945
178:  dbo_year-422-small.csv - 6.4843211174
179:  dbo_weight-281-small.csv - 15.174626112
180:  dbo_openingYear-392-small.csv - 7.56057095528
181:  dbo_serviceEndYear-722-small.csv - 9.07959103584
182:  dbo_activeYearsEndYear-193-small.csv - 12.7509219646
183:  dbo_area-329-small.csv - 6.51749300957
184:  dbo_capacity-989-small.csv - 6.26545906067
185:  dbo_openingYear-388-small.csv - 13.9693629742
186:  dbo_areaWater-357-small.csv - 19.8916931152
187:  dbo_runtime-101-small.csv - 5.907777071
188:  dbo_displacement-807-small.csv - 10.2215390205
189:  dbo_minimumElevation-408-small.csv - 15.0205998421
190:  dbo_runwayLength-500-small.csv - 17.1433620453
191:  dbo_areaTotal-183-small.csv - 16.4136230946
192:  dbo_maximumElevation-398-small.csv - 13.3728609085
193:  dbo_elevation-122-small.csv - 14.6386210918
194:  dbo_serviceEndYear-724-small.csv - 10.9285740852
195:  dbo_length-310-small.csv - 16.8702459335
196:  dbo_elevation-130-small.csv - 16.5345740318
197:  dbo_budget-936-small.csv - 9.30570912361
198:  dbo_numberOfEpisodes-526.csv.results-small.csv - 18.4693279266
199:  dbo_populationTotal-56-small.csv - 13.3337199688
200:  dbo_year-414-small.csv - 6.66364908218
201:  dbo_activeYearsStartYear-134-small.csv - 14.4819428921
202:  dbo_squadNumber-156-small.csv - 6.31794309616
203:  dbo_yearOfConstruction-373-small.csv - 10.8982639313
204:  dbo_minimumElevation-411-small.csv - 13.512152195
205:  dbo_minimumElevation-403-small.csv - 12.3564140797
206:  dbo_areaTotal-180-small.csv - 20.3593959808
207:  dbo_weight-285-small.csv - 13.4464280605
208:  dbo_runtime-104-small.csv - 8.16722488403
209:  dbo_elevation-124-small.csv - 20.3063590527
210:  dbo_runtime-109-small.csv - 11.4241399765
211:  dbo_numberOfStudents-432-small.csv - 14.1597630978
212:  dbo_runtime-99-small.csv - 7.57853603363
213:  dbo_activeYearsEndYear-191-small.csv - 14.1054840088
214:  dbo_areaLand-301-small.csv - 15.649834156
215:  dbo_foundingYear-240-small.csv - 16.3090529442
216:  dbo_maximumElevation-397-small.csv - 14.2667400837
217:  dbo_openingYear-383-small.csv - 10.1642529964
218:  dbo_budget-935-small.csv - 9.61575198174
219:  dbo_populationDensity-269-small.csv - 16.334592104
220:  dbo_year-420-small.csv - 9.99245691299
221:  dbo_activeYearsStartYear-138-small.csv - 14.402369976
222:  dbo_area-326-small.csv - 15.9669160843
223:  dbo_foundingYear-241-small.csv - 11.6607201099
224:  dbo_areaTotal-187-small.csv - 21.3216061592
225:  dbo_areaTotal-182-small.csv - 16.5080358982
226:  dbo_runwayLength-492-small.csv - 15.613820076
227:  dbo_populationTotal-77-small.csv - 20.7610030174
228:  dbo_openingYear-387-small.csv - 6.04913496971
229:  dbo_activeYearsStartYear-139-small.csv - 16.4194710255
230:  dbo_areaLand-297-small.csv - 19.6433179379
231:  dbo_areaTotal-185-small.csv - 12.5423600674
232:  dbo_height-161-small.csv - 9.51532793045
233:  dbo_populationDensity-258-small.csv - 13.7289741039
234:  dbo_weight-284-small.csv - 10.9512090683
235:  dbo_shipBeam-599-small.csv - 13.7351739407
236:  dbo_maximumElevation-401-small.csv - 15.1226871014
237:  dbo_displacement-804-small.csv - 6.03089404106
238:  dbo_squadNumber-142-small.csv - 7.74620819092
239:  dbo_length-316-small.csv - 11.8186340332
240:  dbo_activeYearsEndYear-188-small.csv - 14.6964111328
241:  dbo_openingYear-386.csv.results-small.csv - 20.8269660473
242:  dbo_populationTotal-79-small.csv - 16.6254520416
243:  dbo_area-323-small.csv - 9.04643297195
244:  dbo_area-320-small.csv - 17.1583888531
245:  dbo_serviceEndYear-731-small.csv - 10.1882591248
246:  dbo_width-1018-small.csv - 17.2104709148
