Size: verySmall Deviation: 0
all datasets: 246 - 16.282599926
 COLUMN LEVEL ANALYSIS: 
top 1 correctly labelled: 70
top 3 correctly labelled: 100
top X correctly labelled: 143
total: 246
 ROW LEVEL ANALYSIS: 
top 1 correctly labelled: 186
top 3 correctly labelled: 230
top X correctly labelled: 230
total: 246
 OVERAL ANALYSIS: 
top 1 correctly labelled: 223
top 3 correctly labelled: 230
top X correctly labelled: 230
total: 246
Size: verySmall Deviation: 5
all datasets: 246 - 16.170060873
 COLUMN LEVEL ANALYSIS: 
top 1 correctly labelled: 58
top 3 correctly labelled: 88
top X correctly labelled: 143
total: 246
 ROW LEVEL ANALYSIS: 
top 1 correctly labelled: 185
top 3 correctly labelled: 230
top X correctly labelled: 230
total: 246
 OVERAL ANALYSIS: 
top 1 correctly labelled: 198
top 3 correctly labelled: 230
top X correctly labelled: 230
total: 246
Size: verySmall Deviation: 10
all datasets: 246 - 16.0526499748
 COLUMN LEVEL ANALYSIS: 
top 1 correctly labelled: 56
top 3 correctly labelled: 92
top X correctly labelled: 143
total: 246
 ROW LEVEL ANALYSIS: 
top 1 correctly labelled: 186
top 3 correctly labelled: 229
top X correctly labelled: 230
total: 246
 OVERAL ANALYSIS: 
top 1 correctly labelled: 192
top 3 correctly labelled: 229
top X correctly labelled: 230
total: 246
Size: verySmall Deviation: 15
all datasets: 246 - 16.5530929565
 COLUMN LEVEL ANALYSIS: 
top 1 correctly labelled: 58
top 3 correctly labelled: 90
top X correctly labelled: 143
total: 246
 ROW LEVEL ANALYSIS: 
top 1 correctly labelled: 185
top 3 correctly labelled: 229
top X correctly labelled: 230
total: 246
 OVERAL ANALYSIS: 
top 1 correctly labelled: 193
top 3 correctly labelled: 229
top X correctly labelled: 230
total: 246
Size: small Deviation: 0
all datasets: 246 - 16.3889191151
 COLUMN LEVEL ANALYSIS: 
top 1 correctly labelled: 86
top 3 correctly labelled: 136
top X correctly labelled: 200
total: 246
 ROW LEVEL ANALYSIS: 
top 1 correctly labelled: 190
top 3 correctly labelled: 236
top X correctly labelled: 236
total: 246
 OVERAL ANALYSIS: 
top 1 correctly labelled: 230
top 3 correctly labelled: 237
top X correctly labelled: 237
total: 246
Size: small Deviation: 5
all datasets: 246 - 20.1617250443
 COLUMN LEVEL ANALYSIS: 
top 1 correctly labelled: 76
top 3 correctly labelled: 123
top X correctly labelled: 200
total: 246
 ROW LEVEL ANALYSIS: 
top 1 correctly labelled: 190
top 3 correctly labelled: 235
top X correctly labelled: 236
total: 246
 OVERAL ANALYSIS: 
top 1 correctly labelled: 207
top 3 correctly labelled: 235
top X correctly labelled: 237
total: 246
Size: small Deviation: 10
all datasets: 246 - 22.7948739529
 COLUMN LEVEL ANALYSIS: 
top 1 correctly labelled: 69
top 3 correctly labelled: 119
top X correctly labelled: 200
total: 246
 ROW LEVEL ANALYSIS: 
top 1 correctly labelled: 182
top 3 correctly labelled: 234
top X correctly labelled: 236
total: 246
 OVERAL ANALYSIS: 
top 1 correctly labelled: 194
top 3 correctly labelled: 235
top X correctly labelled: 237
total: 246
Size: small Deviation: 15
all datasets: 246 - 21.4995441437
 COLUMN LEVEL ANALYSIS: 
top 1 correctly labelled: 64
top 3 correctly labelled: 115
top X correctly labelled: 200
total: 246
 ROW LEVEL ANALYSIS: 
top 1 correctly labelled: 181
top 3 correctly labelled: 231
top X correctly labelled: 236
total: 246
 OVERAL ANALYSIS: 
top 1 correctly labelled: 187
top 3 correctly labelled: 233
top X correctly labelled: 237
total: 246
Size: medium Deviation: 0
all datasets: 246 - 14.5236690044
 COLUMN LEVEL ANALYSIS: 
top 1 correctly labelled: 89
top 3 correctly labelled: 138
top X correctly labelled: 202
total: 246
 ROW LEVEL ANALYSIS: 
top 1 correctly labelled: 182
top 3 correctly labelled: 230
top X correctly labelled: 231
total: 246
 OVERAL ANALYSIS: 
top 1 correctly labelled: 226
top 3 correctly labelled: 231
top X correctly labelled: 233
total: 246
Size: medium Deviation: 5
all datasets: 246 - 24.6330549717
 COLUMN LEVEL ANALYSIS: 
top 1 correctly labelled: 76
top 3 correctly labelled: 128
top X correctly labelled: 202
total: 246
 ROW LEVEL ANALYSIS: 
top 1 correctly labelled: 189
top 3 correctly labelled: 228
top X correctly labelled: 231
total: 246
 OVERAL ANALYSIS: 
top 1 correctly labelled: 194
top 3 correctly labelled: 229
top X correctly labelled: 233
total: 246
Size: medium Deviation: 10
