Size: verySmall Deviation: 0
1:  dbo_numberOfSeasons-906-smallest.csv - 2.35497403145
2:  dbo_number-345.csv.results-smallest.csv - 13.8212311268
3:  dbo_activeYearsStartYear-139-smallest.csv - 13.0264530182
4:  dbo_squadNumber-154-smallest.csv - 7.09435796738
5:  dbo_area-322-smallest.csv - 3.00996804237
6:  dbo_displacement-807-smallest.csv - 1.18519496918
7:  dbo_topSpeed-864-smallest.csv - 9.73126506805
8:  dbo_activeYearsEndYear-192-smallest.csv - 12.2580599785
9:  dbo_areaTotal-180-smallest.csv - 14.902777195
10:  dbo_populationDensity-267-smallest.csv - 15.0176339149
11:  dbo_areaTotal-183-smallest.csv - 14.5425360203
12:  dbo_areaWater-363-smallest.csv - 13.4409091473
13:  dbo_populationDensity-259.csv.results-smallest.csv - 4.12285614014
14:  dbo_length-318-smallest.csv - 15.8066620827
15:  dbo_weight-278-smallest.csv - 2.94670200348
16:  dbo_numberOfEpisodes-561-smallest.csv - 4.13197278976
17:  dbo_activeYearsStartYear-133-smallest.csv - 4.0736219883
18:  dbo_displacement-804-smallest.csv - 1.19494485855
19:  dbo_yearOfConstruction-376-smallest.csv - 1.7865691185
20:  dbo_runtime-119-smallest.csv - 1.18713307381
21:  dbo_length-315-smallest.csv - 13.0035090446
22:  dbo_maximumElevation-398-smallest.csv - 2.92329406738
23:  dbo_areaLand-300-smallest.csv - 14.8457159996
24:  dbo_populationDensity-268-smallest.csv - 15.6878449917
25:  dbo_length-317-smallest.csv - 9.30676817894
26:  dbo_areaTotal-184-smallest.csv - 12.4535729885
27:  dbo_populationDensity-274-smallest.csv - 13.475066185
28:  dbo_height-166-smallest.csv - 12.3714599609
29:  dbo_areaWater-369-smallest.csv - 13.2897930145
30:  dbo_maximumElevation-399-smallest.csv - 13.2462010384
31:  dbo_width-1019-smallest.csv - 9.13940191269
32:  dbo_foundingYear-243-smallest.csv - 12.9997069836
33:  dbo_height-163-smallest.csv - 12.2884120941
34:  dbo_openingYear-390-smallest.csv - 14.1199879646
35:  dbo_areaWater-367-smallest.csv - 14.2222321033
36:  dbo_activeYearsStartYear-138-smallest.csv - 12.260258913
37:  dbo_numberOfGoals-19-smallest.csv - 4.88077092171
38:  dbo_areaLand-297-smallest.csv - 11.4556908607
39:  dbo_yearOfConstruction-381-smallest.csv - 7.66314101219
40:  dbo_numberOfPages-604-smallest.csv - 7.48168683052
41:  dbo_numberOfGoals-14-smallest.csv - 6.21795582771
42:  dbo_openingYear-388-smallest.csv - 2.36764597893
43:  dbo_serviceEndYear-731-smallest.csv - 10.1893668175
44:  dbo_runwayLength-492-smallest.csv - 1.77690887451
45:  dbo_width-1021-smallest.csv - 4.16490697861
46:  dbo_populationTotal-75-smallest.csv - 12.8782739639
47:  dbo_numberOfStudents-425-smallest.csv - 13.1800489426
48:  dbo_runtime-92-smallest.csv - 2.9585878849
49:  dbo_weight-281-smallest.csv - 12.8722641468
50:  dbo_populationTotal-54-smallest.csv - 14.5197291374
51:  dbo_elevation-131-smallest.csv - 9.01061797142
52:  dbo_runtime-109-smallest.csv - 6.44502401352
53:  dbo_area-326-smallest.csv - 9.79882693291
54:  dbo_squadNumber-149-smallest.csv - 5.67116618156
55:  dbo_squadNumber-156-smallest.csv - 1.24560403824
56:  dbo_minimumElevation-407-smallest.csv - 2.9479830265
57:  dbo_areaLand-290-smallest.csv - 14.5284750462
58:  dbo_height-165-smallest.csv - 9.35363698006
59:  dbo_draftYear-703-smallest.csv - 14.3613100052
60:  dbo_numberOfSeasons-892-smallest.csv - 9.88059997559
61:  dbo_activeYearsStartYear-135-smallest.csv - 14.3466250896
62:  dbo_height-164-smallest.csv - 3.56990504265
63:  dbo_foundingYear-247-smallest.csv - 9.22336101532
64:  dbo_areaTotal-187-smallest.csv - 15.2129728794
65:  dbo_runwayLength-500-smallest.csv - 9.81628513336
66:  dbo_shipBeam-592-smallest.csv - 1.18251013756
67:  dbo_year-416-smallest.csv - 1.18555283546
68:  dbo_populationDensity-267.csv.results-smallest.csv - 4.1907119751
69:  dbo_length-319-smallest.csv - 6.00590014458
70:  dbo_budget-932-smallest.csv - 6.72696113586
71:  dbo_yearOfConstruction-380-smallest.csv - 1.18354821205
72:  dbo_foundingYear-242-smallest.csv - 5.86163687706
73:  dbo_areaLand-305-smallest.csv - 13.3802690506
74:  dbo_shipBeam-599-smallest.csv - 7.01752090454
75:  dbo_gross-959-smallest.csv - 8.38195991516
76:  dbo_serviceStartYear-675-smallest.csv - 10.6789019108
77:  dbo_length-310-smallest.csv - 15.441054821
78:  dbo_weight-282-smallest.csv - 12.3474018574
79:  dbo_minimumElevation-405-smallest.csv - 12.8927328587
80:  dbo_activeYearsEndYear-191-smallest.csv - 1.18272709846
81:  dbo_year-419-smallest.csv - 5.95729708672
82:  dbo_activeYearsStartYear-132-smallest.csv - 12.3996851444
83:  dbo_weight-283-smallest.csv - 6.65495204926
84:  dbo_elevation-130-smallest.csv - 14.5591590405
85:  dbo_minimumElevation-404-smallest.csv - 12.1042039394
86:  dbo_populationTotal-79-smallest.csv - 14.5259389877
87:  dbo_deathYear-42-smallest.csv - 11.0661790371
88:  dbo_numberOfStudents-439-smallest.csv - 12.7177970409
89:  dbo_openingYear-392-smallest.csv - 1.18299102783
90:  dbo_elevation-129-smallest.csv - 14.6302938461
91:  dbo_weight-285-smallest.csv - 1.77493596077
92:  dbo_runwayLength-508-smallest.csv - 14.3118519783
93:  dbo_areaWater-357-smallest.csv - 15.4536969662
94:  dbo_weight-284-smallest.csv - 3.52696895599
95:  dbo_yearOfConstruction-377-smallest.csv - 9.59209799767
96:  dbo_areaTotal-181-smallest.csv - 9.87446093559
97:  dbo_height-162-smallest.csv - 13.7404367924
98:  dbo_openingYear-386.csv.results-smallest.csv - 13.394701004
99:  dbo_budget-933-smallest.csv - 4.77583193779
100:  dbo_area-329-smallest.csv - 6.00853800774
101:  dbo_yearOfConstruction-375-smallest.csv - 2.36156797409
102:  dbo_activeYearsEndYear-194-smallest.csv - 1.20356011391
103:  dbo_topSpeed-863-smallest.csv - 7.06166410446
104:  dbo_areaLand-291-smallest.csv - 15.2490301132
105:  dbo_elevation-122-smallest.csv - 9.47794413567
106:  dbo_numberOfPages-616-smallest.csv - 1.18809103966
107:  dbo_maximumElevation-401-smallest.csv - 10.5207498074
108:  dbo_area-321-smallest.csv - 6.01677107811
109:  dbo_activeYearsStartYear-134-smallest.csv - 12.8388109207
110:  dbo_areaTotal-179-smallest.csv - 12.6177101135
111:  dbo_areaLand-301-smallest.csv - 14.1493289471
112:  dbo_runtime-99-smallest.csv - 1.76621079445
113:  dbo_numberOfPages-649-smallest.csv - 6.54712796211
114:  dbo_budget-928-smallest.csv - 6.83474111557
115:  dbo_populationDensity-258-smallest.csv - 1.1979470253
116:  dbo_maximumElevation-395-smallest.csv - 2.93435907364
117:  dbo_budget-935-smallest.csv - 3.66584587097
118:  dbo_activeYearsEndYear-196-smallest.csv - 2.96169090271
119:  dbo_gross-960-smallest.csv - 1.77178215981
120:  dbo_runtime-101-smallest.csv - 1.19004178047
121:  dbo_minimumElevation-410-smallest.csv - 13.0564827919
122:  dbo_runwayLength-491-smallest.csv - 1.18321084976
123:  dbo_weight-280-smallest.csv - 1.72634506226
124:  dbo_maximumElevation-400-smallest.csv - 2.36762189865
125:  dbo_populationTotal-74-smallest.csv - 12.8701119423
126:  dbo_activeYearsEndYear-188-smallest.csv - 11.928704977
127:  dbo_foundingYear-244-smallest.csv - 13.9374740124
128:  dbo_height-158-smallest.csv - 13.977244854
129:  dbo_foundingYear-240-smallest.csv - 13.3979020119
130:  dbo_serviceEndYear-722-smallest.csv - 1.1985449791
131:  dbo_areaTotal-182-smallest.csv - 11.3534610271
132:  dbo_numberOfEpisodes-548-smallest.csv - 6.4632229805
133:  dbo_runtime-106-smallest.csv - 1.18138217926
134:  dbo_squadNumber-148-smallest.csv - 7.23574590683
135:  dbo_minimumElevation-408-smallest.csv - 13.1280388832
136:  dbo_displacement-813-smallest.csv - 1.20085501671
137:  dbo_height-159-smallest.csv - 10.4360151291
138:  dbo_area-320-smallest.csv - 12.8977611065
139:  dbo_weight-286-smallest.csv - 12.2126350403
140:  dbo_squadNumber-150-smallest.csv - 5.88768386841
141:  dbo_maximumElevation-402-smallest.csv - 13.357544899
142:  dbo_runwayLength-487-smallest.csv - 1.76701807976
143:  dbo_maximumElevation-397-smallest.csv - 2.97281193733
144:  dbo_populationTotal-64-smallest.csv - 1.77640509605
145:  dbo_year-422-smallest.csv - 6.29799294472
146:  dbo_runtime-104-smallest.csv - 9.46623706818
147:  dbo_year-414-smallest.csv - 6.11212301254
148:  dbo_budget-936-smallest.csv - 3.69971609116
149:  dbo_squadNumber-142-smallest.csv - 2.97695493698
150:  dbo_yearOfConstruction-378-smallest.csv - 2.35742998123
151:  dbo_deathYear-47-smallest.csv - 8.42259597778
152:  dbo_width-1025-smallest.csv - 13.8349699974
153:  dbo_minimumElevation-403-smallest.csv - 1.18906903267
154:  dbo_height-161-smallest.csv - 13.1016800404
155:  dbo_yearOfConstruction-382-smallest.csv - 6.64698386192
156:  dbo_activeYearsStartYear-140-smallest.csv - 1.19042897224
157:  dbo_width-1024-smallest.csv - 6.24003815651
158:  dbo_budget-927-smallest.csv - 11.7854771614
159:  dbo_numberOfEmployees-712-smallest.csv - 11.7635769844
160:  dbo_foundingYear-241-smallest.csv - 11.0786848068
161:  dbo_areaLand-298-smallest.csv - 12.1188778877
162:  dbo_numberOfGoals-13-smallest.csv - 4.87665700912
163:  dbo_populationDensity-252-smallest.csv - 15.3271291256
164:  dbo_populationTotal-76-smallest.csv - 12.69815588
165:  dbo_formationYear-822-smallest.csv - 2.93940114975
166:  dbo_capacity-989-smallest.csv - 5.92008781433
167:  dbo_runtime-103-smallest.csv - 6.76964592934
168:  dbo_draftYear-679-smallest.csv - 14.3044571877
169:  dbo_yearOfConstruction-373-smallest.csv - 3.5590569973
170:  dbo_areaWater-365-smallest.csv - 14.5608170033
171:  dbo_area-324-smallest.csv - 11.3252980709
172:  dbo_deathYear-39-smallest.csv - 12.4865670204
173:  dbo_elevation-123-smallest.csv - 13.1165440083
174:  dbo_length-316-smallest.csv - 9.75927805901
175:  dbo_activeYearsStartYear-136-smallest.csv - 12.853042841
176:  dbo_numberOfStudents-464-smallest.csv - 12.2363269329
177:  dbo_width-1023-smallest.csv - 9.18107008934
178:  dbo_populationDensity-265-smallest.csv - 13.1962170601
179:  dbo_length-313-smallest.csv - 1.18096804619
180:  dbo_openingYear-389-smallest.csv - 6.00024008751
181:  dbo_populationDensity-266-smallest.csv - 13.4344081879
182:  dbo_numberOfGoals-15-smallest.csv - 13.1322891712
183:  dbo_populationDensity-269-smallest.csv - 14.2261838913
184:  dbo_areaWater-364-smallest.csv - 15.2977838516
185:  dbo_runwayLength-516-smallest.csv - 14.3611109257
186:  dbo_formationYear-817-smallest.csv - 1.17786693573
187:  dbo_numberOfEpisodes-526.csv.results-smallest.csv - 13.4657568932
188:  dbo_serviceEndYear-724-smallest.csv - 10.7556579113
189:  dbo_openingYear-387-smallest.csv - 3.55013298988
190:  dbo_populationDensity-257-smallest.csv - 3.00890302658
191:  dbo_foundingYear-245-smallest.csv - 1.76683807373
192:  dbo_numberOfGoals-10-smallest.csv - 4.83977293968
193:  dbo_width-1018-smallest.csv - 15.8560919762
194:  dbo_numberOfStudents-432-smallest.csv - 11.3080918789
195:  dbo_minimumElevation-411-smallest.csv - 2.94569087029
196:  dbo_areaTotal-178-smallest.csv - 13.1571948528
197:  dbo_elevation-126-smallest.csv - 12.4288220406
198:  dbo_activeYearsEndYear-197-smallest.csv - 14.0189378262
199:  dbo_area-327-smallest.csv - 5.9960899353
200:  dbo_area-323-smallest.csv - 6.47043395042
201:  dbo_year-420-smallest.csv - 6.37064409256
202:  dbo_populationDensity-253-smallest.csv - 14.1918869019
203:  dbo_weight-287-smallest.csv - 6.19592094421
204:  dbo_maximumElevation-394-smallest.csv - 1.19153499603
205:  dbo_numberOfEpisodes-543-smallest.csv - 9.5359480381
206:  dbo_capacity-1011-smallest.csv - 8.84281396866
207:  dbo_activeYearsStartYear-141-smallest.csv - 13.0048348904
208:  dbo_populationTotal-77-smallest.csv - 14.4580569267
209:  dbo_runtime-120-smallest.csv - 8.12920713425
210:  dbo_gross-956-smallest.csv - 2.3660941124
211:  dbo_elevation-127-smallest.csv - 12.2189378738
212:  dbo_runtime-98-smallest.csv - 9.70855093002
213:  dbo_areaTotal-185-smallest.csv - 10.9883179665
214:  dbo_elevation-124-smallest.csv - 14.4355759621
215:  dbo_draftYear-681-smallest.csv - 12.8040249348
216:  dbo_areaLand-299-smallest.csv - 15.4536509514
217:  dbo_draftYear-696-smallest.csv - 1.76677107811
218:  dbo_minimumElevation-409-smallest.csv - 4.07834100723
219:  dbo_height-167-smallest.csv - 6.09388804436
220:  dbo_populationTotal-55-smallest.csv - 13.5058140755
221:  dbo_height-160-smallest.csv - 12.5365159512
222:  dbo_length-312-smallest.csv - 12.2358570099
223:  dbo_populationTotal-56-smallest.csv - 12.4847400188
224:  dbo_serviceStartYear-674-smallest.csv - 10.6401770115
225:  dbo_draftYear-680-smallest.csv - 2.37710094452
226:  dbo_budget-931-smallest.csv - 6.15600204468
227:  dbo_elevation-125-smallest.csv - 12.5276749134
228:  dbo_draftYear-689-smallest.csv - 11.5047960281
229:  dbo_openingYear-391-smallest.csv - 10.8903470039
230:  dbo_runwayLength-512-smallest.csv - 14.2242209911
231:  dbo_length-311-smallest.csv - 10.2464079857
232:  dbo_openingYear-383-smallest.csv - 15.8834350109
233:  dbo_minimumElevation-406-smallest.csv - 9.82243394852
234:  dbo_areaWater-362-smallest.csv - 13.9875040054
235:  dbo_shipBeam-591-smallest.csv - 1.18807792664
236:  dbo_length-314-smallest.csv - 6.58515810966
237:  dbo_areaWater-356-smallest.csv - 14.4297540188
238:  dbo_numberOfEpisodes-552-smallest.csv - 1.82390904427
239:  dbo_gross-947-smallest.csv - 9.91457295418
240:  dbo_runtime-108-smallest.csv - 1.1879799366
241:  dbo_draftYear-700-smallest.csv - 14.0495009422
242:  dbo_width-1022-smallest.csv - 15.5350499153
243:  dbo_areaTotal-186-smallest.csv - 16.1773278713
244:  dbo_activeYearsEndYear-193-smallest.csv - 12.9313259125
245:  dbo_draftYear-702-smallest.csv - 14.5718660355
246:  dbo_weight-279-smallest.csv - 3.07453489304
all datasets: 246 - 3.07463288307
 COLUMN LEVEL ANALYSIS: 
top 1 correctly labelled: 70
top 3 correctly labelled: 101
top X correctly labelled: 143
total: 246
 ROW LEVEL ANALYSIS: 
top 1 correctly labelled: 185
top 3 correctly labelled: 230
top X correctly labelled: 230
total: 246
 OVERAL ANALYSIS: 
top 1 correctly labelled: 223
top 3 correctly labelled: 230
top X correctly labelled: 230
total: 246
Size: small Deviation: 0
1:  dbo_foundingYear-242-small.csv - 11.7298858166
2:  dbo_area-324-small.csv - 16.091258049
3:  dbo_minimumElevation-410-small.csv - 16.216823101
4:  dbo_draftYear-703-small.csv - 13.2786431313
5:  dbo_weight-286-small.csv - 13.1519072056
6:  dbo_numberOfGoals-19-small.csv - 14.3834710121
7:  dbo_foundingYear-244-small.csv - 14.4541120529
8:  dbo_areaWater-356-small.csv - 15.1714859009
9:  dbo_activeYearsEndYear-192-small.csv - 12.5599169731
10:  dbo_openingYear-389-small.csv - 14.8449499607
11:  dbo_width-1022-small.csv - 16.0252120495
12:  dbo_draftYear-696-small.csv - 10.7325799465
13:  dbo_numberOfEpisodes-561-small.csv - 7.8685400486
14:  dbo_areaWater-363-small.csv - 16.9758069515
15:  dbo_minimumElevation-404-small.csv - 14.060683012
16:  dbo_areaLand-290-small.csv - 15.0703361034
17:  dbo_budget-932-small.csv - 8.07677388191
18:  dbo_numberOfEpisodes-548-small.csv - 10.2466192245
19:  dbo_areaLand-298-small.csv - 20.2216849327
20:  dbo_squadNumber-148-small.csv - 11.6105520725
21:  dbo_areaTotal-179-small.csv - 15.9750258923
22:  dbo_width-1023-small.csv - 9.55629301071
23:  dbo_populationDensity-253-small.csv - 14.7447180748
24:  dbo_budget-931-small.csv - 6.20380306244
25:  dbo_areaWater-364-small.csv - 21.1674671173
26:  dbo_deathYear-39-small.csv - 12.6700267792
27:  dbo_populationDensity-268-small.csv - 20.0703229904
28:  dbo_draftYear-689-small.csv - 13.5918269157
29:  dbo_yearOfConstruction-381-small.csv - 6.33522200584
30:  dbo_draftYear-680-small.csv - 13.7423629761
31:  dbo_minimumElevation-409-small.csv - 14.102492094
32:  dbo_numberOfStudents-439-small.csv - 17.84176898
33:  dbo_squadNumber-149-small.csv - 6.71300387383
34:  dbo_deathYear-42-small.csv - 12.730848074
35:  dbo_numberOfPages-604-small.csv - 7.87536120415
36:  dbo_activeYearsEndYear-197-small.csv - 14.7560539246
37:  dbo_elevation-127-small.csv - 13.0958340168
38:  dbo_draftYear-702-small.csv - 16.452917099
39:  dbo_populationTotal-75-small.csv - 15.6582648754
40:  dbo_areaTotal-186-small.csv - 15.8078141212
41:  dbo_activeYearsStartYear-132-small.csv - 13.0358810425
42:  dbo_length-312-small.csv - 12.3852369785
43:  dbo_populationDensity-274-small.csv - 15.7643258572
44:  dbo_serviceStartYear-674-small.csv - 10.6909410954
45:  dbo_areaWater-362-small.csv - 15.2900431156
46:  dbo_budget-927-small.csv - 6.42533802986
47:  dbo_foundingYear-243-small.csv - 13.5139610767
48:  dbo_height-163-small.csv - 9.92053103447
49:  dbo_numberOfGoals-13-small.csv - 14.6374979019
50:  dbo_openingYear-390-small.csv - 14.7656328678
51:  dbo_gross-947-small.csv - 8.54713892937
52:  dbo_populationDensity-259.csv.results-small.csv - 9.55095505714
53:  dbo_length-318-small.csv - 18.0987019539
54:  dbo_numberOfGoals-15-small.csv - 6.50873708725
55:  dbo_populationDensity-266-small.csv - 16.9767789841
56:  dbo_weight-283-small.csv - 13.8740539551
57:  dbo_weight-287-small.csv - 10.5000519753
58:  dbo_areaTotal-184-small.csv - 13.6061968803
59:  dbo_activeYearsStartYear-140-small.csv - 11.9572319984
60:  dbo_runtime-98-small.csv - 8.46663999557
61:  dbo_width-1021-small.csv - 9.46972107887
62:  dbo_populationTotal-74-small.csv - 15.2946610451
63:  dbo_areaWater-365-small.csv - 16.5945320129
64:  dbo_numberOfSeasons-892-small.csv - 7.89253091812
65:  dbo_length-314-small.csv - 11.4058530331
66:  dbo_height-167-small.csv - 10.242000103
67:  dbo_weight-279-small.csv - 10.8348779678
68:  dbo_areaWater-369-small.csv - 18.6323518753
69:  dbo_width-1025-small.csv - 15.4938127995
70:  dbo_yearOfConstruction-378-small.csv - 12.4729070663
71:  dbo_formationYear-817-small.csv - 5.94197511673
72:  dbo_populationDensity-257-small.csv - 12.8173429966
73:  dbo_numberOfPages-616-small.csv - 7.5323870182
74:  dbo_populationDensity-265-small.csv - 17.988451004
75:  dbo_elevation-129-small.csv - 19.6369371414
76:  dbo_numberOfSeasons-906-small.csv - 7.78461909294
77:  dbo_foundingYear-245-small.csv - 11.1212778091
78:  dbo_numberOfEpisodes-543-small.csv - 8.77899289131
79:  dbo_runtime-106-small.csv - 7.58861994743
80:  dbo_numberOfStudents-464-small.csv - 13.0032129288
81:  dbo_yearOfConstruction-380-small.csv - 5.92122411728
82:  dbo_numberOfEmployees-712-small.csv - 13.0499119759
83:  dbo_openingYear-391-small.csv - 11.7137608528
84:  dbo_area-321-small.csv - 6.5576479435
85:  dbo_areaTotal-178-small.csv - 16.054792881
86:  dbo_width-1024-small.csv - 10.5971798897
87:  dbo_width-1019-small.csv - 9.94486618042
88:  dbo_activeYearsEndYear-196-small.csv - 10.762969017
89:  dbo_areaTotal-181-small.csv - 13.1322250366
90:  dbo_squadNumber-150-small.csv - 7.75839710236
91:  dbo_runtime-120-small.csv - 9.53590512276
92:  dbo_displacement-813-small.csv - 10.5727808475
93:  dbo_height-159-small.csv - 11.0932300091
94:  dbo_populationTotal-55-small.csv - 17.7110760212
95:  dbo_number-345.csv.results-small.csv - 18.4171199799
96:  dbo_areaLand-300-small.csv - 13.8417570591
97:  dbo_capacity-1011-small.csv - 9.60298109055
98:  dbo_draftYear-681-small.csv - 15.005384922
99:  dbo_runwayLength-512-small.csv - 17.4467170238
100:  dbo_areaWater-367-small.csv - 15.1701319218
101:  dbo_numberOfGoals-10-small.csv - 6.40869498253
102:  dbo_height-165-small.csv - 14.6172609329
103:  dbo_activeYearsStartYear-136-small.csv - 14.1411361694
104:  dbo_height-158-small.csv - 13.3174750805
105:  dbo_yearOfConstruction-382-small.csv - 9.53631806374
106:  dbo_maximumElevation-399-small.csv - 16.9790768623
107:  dbo_runtime-103-small.csv - 8.30371809006
108:  dbo_yearOfConstruction-376-small.csv - 12.3569002151
109:  dbo_length-311-small.csv - 8.46113705635
110:  dbo_height-160-small.csv - 13.1436200142
111:  dbo_serviceStartYear-675-small.csv - 11.4128651619
112:  dbo_runwayLength-516-small.csv - 16.8586390018
113:  dbo_area-322-small.csv - 14.0860581398
114:  dbo_minimumElevation-406-small.csv - 10.6706550121
115:  dbo_populationDensity-267-small.csv - 15.5617721081
116:  dbo_deathYear-47-small.csv - 9.36982107162
117:  dbo_runtime-119-small.csv - 5.96628093719
118:  dbo_height-164-small.csv - 15.6926491261
119:  dbo_activeYearsStartYear-141-small.csv - 14.4908480644
120:  dbo_areaLand-299-small.csv - 21.949463129
121:  dbo_gross-956-small.csv - 11.5180618763
122:  dbo_activeYearsStartYear-133-small.csv - 10.8915569782
123:  dbo_squadNumber-154-small.csv - 12.2065291405
124:  dbo_populationDensity-252-small.csv - 22.6475429535
125:  dbo_elevation-123-small.csv - 16.1734521389
126:  dbo_height-162-small.csv - 15.108673811
127:  dbo_topSpeed-864-small.csv - 8.99964308739
128:  dbo_maximumElevation-394-small.csv - 12.8616628647
129:  dbo_numberOfEpisodes-552-small.csv - 9.45857286453
130:  dbo_runwayLength-508-small.csv - 18.2336888313
131:  dbo_minimumElevation-407-small.csv - 13.6795752048
132:  dbo_weight-280-small.csv - 8.54038691521
133:  dbo_numberOfPages-649-small.csv - 8.32705688477
134:  dbo_topSpeed-863-small.csv - 13.5859749317
135:  dbo_length-315-small.csv - 15.9871819019
136:  dbo_elevation-125-small.csv - 16.4756250381
137:  dbo_foundingYear-247-small.csv - 13.2914259434
138:  dbo_formationYear-822-small.csv - 9.73294496536
139:  dbo_length-313-small.csv - 6.15956687927
140:  dbo_numberOfGoals-14-small.csv - 9.17723107338
141:  dbo_shipBeam-592-small.csv - 9.30738806725
142:  dbo_maximumElevation-402-small.csv - 15.9481320381
143:  dbo_runwayLength-487-small.csv - 9.06629800797
144:  dbo_activeYearsEndYear-194-small.csv - 11.6872050762
145:  dbo_gross-960-small.csv - 12.1189031601
146:  dbo_numberOfStudents-425-small.csv - 14.9979290962
147:  dbo_populationTotal-64-small.csv - 13.4945850372
148:  dbo_areaLand-305-small.csv - 20.5521159172
149:  dbo_runtime-108-small.csv - 7.5723490715
150:  dbo_budget-928-small.csv - 13.8622479439
151:  dbo_maximumElevation-395-small.csv - 13.3104009628
152:  dbo_year-419-small.csv - 7.50882411003
153:  dbo_minimumElevation-405-small.csv - 16.7212691307
154:  dbo_yearOfConstruction-377-small.csv - 15.7771759033
155:  dbo_draftYear-700-small.csv - 16.3628158569
156:  dbo_elevation-126-small.csv - 12.9368190765
157:  dbo_shipBeam-591-small.csv - 9.71898293495
158:  dbo_populationDensity-267.csv.results-small.csv - 9.52304315567
159:  dbo_area-327-small.csv - 6.62102890015
160:  dbo_populationTotal-54-small.csv - 12.7522830963
161:  dbo_year-416-small.csv - 12.4318459034
162:  dbo_activeYearsStartYear-135-small.csv - 16.0265290737
163:  dbo_length-319-small.csv - 17.6571450233
164:  dbo_height-166-small.csv - 12.8868300915
165:  dbo_weight-282-small.csv - 12.9459440708
166:  dbo_yearOfConstruction-375-small.csv - 6.16408109665
167:  dbo_areaLand-291-small.csv - 21.1654601097
168:  dbo_populationTotal-76-small.csv - 14.9584231377
169:  dbo_runtime-92-small.csv - 6.15536403656
170:  dbo_weight-278-small.csv - 8.93950200081
171:  dbo_gross-959-small.csv - 8.73405003548
172:  dbo_runwayLength-491-small.csv - 13.5973188877
173:  dbo_maximumElevation-400-small.csv - 12.5213038921
174:  dbo_budget-933-small.csv - 12.3658871651
175:  dbo_draftYear-679-small.csv - 15.3251791
176:  dbo_length-317-small.csv - 9.81593203545
177:  dbo_elevation-131-small.csv - 11.1533350945
178:  dbo_year-422-small.csv - 6.4843211174
179:  dbo_weight-281-small.csv - 15.174626112
180:  dbo_openingYear-392-small.csv - 7.56057095528
181:  dbo_serviceEndYear-722-small.csv - 9.07959103584
182:  dbo_activeYearsEndYear-193-small.csv - 12.7509219646
183:  dbo_area-329-small.csv - 6.51749300957
184:  dbo_capacity-989-small.csv - 6.26545906067
185:  dbo_openingYear-388-small.csv - 13.9693629742
186:  dbo_areaWater-357-small.csv - 19.8916931152
187:  dbo_runtime-101-small.csv - 5.907777071
188:  dbo_displacement-807-small.csv - 10.2215390205
189:  dbo_minimumElevation-408-small.csv - 15.0205998421
190:  dbo_runwayLength-500-small.csv - 17.1433620453
191:  dbo_areaTotal-183-small.csv - 16.4136230946
192:  dbo_maximumElevation-398-small.csv - 13.3728609085
193:  dbo_elevation-122-small.csv - 14.6386210918
194:  dbo_serviceEndYear-724-small.csv - 10.9285740852
195:  dbo_length-310-small.csv - 16.8702459335
196:  dbo_elevation-130-small.csv - 16.5345740318
197:  dbo_budget-936-small.csv - 9.30570912361
198:  dbo_numberOfEpisodes-526.csv.results-small.csv - 18.4693279266
199:  dbo_populationTotal-56-small.csv - 13.3337199688
200:  dbo_year-414-small.csv - 6.66364908218
201:  dbo_activeYearsStartYear-134-small.csv - 14.4819428921
202:  dbo_squadNumber-156-small.csv - 6.31794309616
203:  dbo_yearOfConstruction-373-small.csv - 10.8982639313
204:  dbo_minimumElevation-411-small.csv - 13.512152195
205:  dbo_minimumElevation-403-small.csv - 12.3564140797
206:  dbo_areaTotal-180-small.csv - 20.3593959808
207:  dbo_weight-285-small.csv - 13.4464280605
208:  dbo_runtime-104-small.csv - 8.16722488403
209:  dbo_elevation-124-small.csv - 20.3063590527
210:  dbo_runtime-109-small.csv - 11.4241399765
211:  dbo_numberOfStudents-432-small.csv - 14.1597630978
212:  dbo_runtime-99-small.csv - 7.57853603363
213:  dbo_activeYearsEndYear-191-small.csv - 14.1054840088
214:  dbo_areaLand-301-small.csv - 15.649834156
215:  dbo_foundingYear-240-small.csv - 16.3090529442
216:  dbo_maximumElevation-397-small.csv - 14.2667400837
217:  dbo_openingYear-383-small.csv - 10.1642529964
218:  dbo_budget-935-small.csv - 9.61575198174
219:  dbo_populationDensity-269-small.csv - 16.334592104
220:  dbo_year-420-small.csv - 9.99245691299
221:  dbo_activeYearsStartYear-138-small.csv - 14.402369976
222:  dbo_area-326-small.csv - 15.9669160843
223:  dbo_foundingYear-241-small.csv - 11.6607201099
224:  dbo_areaTotal-187-small.csv - 21.3216061592
225:  dbo_areaTotal-182-small.csv - 16.5080358982
226:  dbo_runwayLength-492-small.csv - 15.613820076
227:  dbo_populationTotal-77-small.csv - 20.7610030174
228:  dbo_openingYear-387-small.csv - 6.04913496971
229:  dbo_activeYearsStartYear-139-small.csv - 16.4194710255
230:  dbo_areaLand-297-small.csv - 19.6433179379
231:  dbo_areaTotal-185-small.csv - 12.5423600674
232:  dbo_height-161-small.csv - 9.51532793045
233:  dbo_populationDensity-258-small.csv - 13.7289741039
234:  dbo_weight-284-small.csv - 10.9512090683
235:  dbo_shipBeam-599-small.csv - 13.7351739407
236:  dbo_maximumElevation-401-small.csv - 15.1226871014
237:  dbo_displacement-804-small.csv - 6.03089404106
238:  dbo_squadNumber-142-small.csv - 7.74620819092
239:  dbo_length-316-small.csv - 11.8186340332
240:  dbo_activeYearsEndYear-188-small.csv - 14.6964111328
241:  dbo_openingYear-386.csv.results-small.csv - 20.8269660473
242:  dbo_populationTotal-79-small.csv - 16.6254520416
243:  dbo_area-323-small.csv - 9.04643297195
244:  dbo_area-320-small.csv - 17.1583888531
245:  dbo_serviceEndYear-731-small.csv - 10.1882591248
246:  dbo_width-1018-small.csv - 17.2104709148
all datasets: 246 - 17.2105948925
 COLUMN LEVEL ANALYSIS: 
top 1 correctly labelled: 86
top 3 correctly labelled: 136
top X correctly labelled: 200
total: 246
 ROW LEVEL ANALYSIS: 
top 1 correctly labelled: 189
top 3 correctly labelled: 236
top X correctly labelled: 236
total: 246
 OVERAL ANALYSIS: 
top 1 correctly labelled: 230
top 3 correctly labelled: 237
top X correctly labelled: 237
total: 246
Size: medium Deviation: 0
1:  dbo_length-314-medium.csv - 18.7268300056
2:  dbo_weight-284-medium.csv - 15.3746261597
3:  dbo_budget-927-medium.csv - 13.8171980381
4:  dbo_foundingYear-245-medium.csv - 11.7825319767
5:  dbo_height-164-medium.csv - 17.3870029449
6:  dbo_weight-278-medium.csv - 7.93403601646
7:  dbo_budget-936-medium.csv - 9.91152882576
8:  dbo_elevation-130-medium.csv - 20.2664840221
9:  dbo_gross-947-medium.csv - 14.4435489178
10:  dbo_draftYear-702-medium.csv - 19.5574250221
11:  dbo_weight-281-medium.csv - 19.6228730679
12:  dbo_numberOfPages-649-medium.csv - 9.10208415985
13:  dbo_serviceEndYear-722-medium.csv - 9.97714304924
14:  dbo_foundingYear-242-medium.csv - 6.5407371521
15:  dbo_populationDensity-267-medium.csv - 18.6148560047
16:  dbo_activeYearsEndYear-194-medium.csv - 12.3702290058
17:  dbo_displacement-804-medium.csv - 11.8231549263
18:  dbo_length-319-medium.csv - 19.4373488426
19:  dbo_runtime-99-medium.csv - 9.87906813622
20:  dbo_area-329-medium.csv - 7.43631696701
21:  dbo_displacement-807-medium.csv - 6.71909308434
22:  dbo_yearOfConstruction-380-medium.csv - 9.37295603752
23:  dbo_numberOfEpisodes-552-medium.csv - 9.98895597458
24:  dbo_numberOfGoals-14-medium.csv - 8.13786697388
25:  dbo_height-158-medium.csv - 16.8014059067
26:  dbo_areaTotal-181-medium.csv - 13.8948819637
27:  dbo_weight-279-medium.csv - 11.7360100746
28:  dbo_activeYearsStartYear-135-medium.csv - 19.7388961315
29:  dbo_numberOfGoals-19-medium.csv - 6.87039780617
30:  dbo_areaTotal-184-medium.csv - 14.7588229179
31:  dbo_maximumElevation-399-medium.csv - 21.2160298824
32:  dbo_runtime-119-medium.csv - 8.20866107941
33:  dbo_populationTotal-79-medium.csv - 18.3904159069
34:  dbo_height-161-medium.csv - 15.416932106
35:  dbo_minimumElevation-411-medium.csv - 14.1855669022
36:  dbo_numberOfStudents-464-medium.csv - 13.4831819534
37:  dbo_squadNumber-142-medium.csv - 13.5835549831
38:  dbo_capacity-989-medium.csv - 10.4120218754
39:  dbo_length-318-medium.csv - 18.439895153
40:  dbo_yearOfConstruction-376-medium.csv - 9.12174105644
41:  dbo_activeYearsEndYear-188-medium.csv - 13.8877229691
42:  dbo_minimumElevation-409-medium.csv - 15.6653881073
43:  dbo_areaLand-305-medium.csv - 20.2516641617
44:  dbo_capacity-1011-medium.csv - 10.3319370747
45:  dbo_populationDensity-258-medium.csv - 13.5761101246
46:  dbo_openingYear-392-medium.csv - 11.4439511299
47:  dbo_budget-933-medium.csv - 8.17404508591
48:  dbo_area-324-medium.csv - 16.4140059948
49:  dbo_runtime-120-medium.csv - 13.5870621204
50:  dbo_runwayLength-492-medium.csv - 14.7707929611
51:  dbo_numberOfGoals-10-medium.csv - 6.86038517952
52:  dbo_runwayLength-508-medium.csv - 19.9596199989
53:  dbo_runwayLength-516-medium.csv - 22.4335968494
54:  dbo_minimumElevation-410-medium.csv - 20.420678854
55:  dbo_numberOfPages-604-medium.csv - 9.53340506554
56:  dbo_year-419-medium.csv - 9.16990399361
57:  dbo_height-166-medium.csv - 10.8814899921
58:  dbo_topSpeed-863-medium.csv - 11.3558862209
59:  dbo_populationDensity-266-medium.csv - 22.6748549938
60:  dbo_activeYearsEndYear-191-medium.csv - 14.5285961628
61:  dbo_populationTotal-64-medium.csv - 13.7745659351
62:  dbo_activeYearsStartYear-141-medium.csv - 15.7131440639
63:  dbo_topSpeed-864-medium.csv - 11.3330459595
64:  dbo_minimumElevation-406-medium.csv - 6.18198299408
65:  dbo_areaTotal-182-medium.csv - 15.9811770916
66:  dbo_deathYear-47-medium.csv - 10.4292919636
67:  dbo_areaLand-298-medium.csv - 26.2740898132
68:  dbo_deathYear-39-medium.csv - 12.2851951122
69:  dbo_width-1022-medium.csv - 17.4376180172
70:  dbo_numberOfSeasons-906-medium.csv - 6.13267397881
71:  dbo_budget-932-medium.csv - 12.5794939995
72:  dbo_deathYear-42-medium.csv - 13.9094569683
73:  dbo_year-422-medium.csv - 10.6216800213
74:  dbo_numberOfEpisodes-548-medium.csv - 12.1539609432
75:  dbo_yearOfConstruction-378-medium.csv - 9.81975197792
76:  dbo_activeYearsStartYear-133-medium.csv - 11.428745985
77:  dbo_length-310-medium.csv - 18.2340137959
78:  dbo_runtime-108-medium.csv - 7.62183904648
79:  dbo_areaLand-297-medium.csv - 24.1810269356
80:  dbo_areaTotal-186-medium.csv - 17.6681420803
81:  dbo_areaTotal-183-medium.csv - 19.5836951733
82:  dbo_length-313-medium.csv - 7.99300193787
83:  dbo_foundingYear-241-medium.csv - 15.9252851009
84:  dbo_areaTotal-180-medium.csv - 26.6062300205
85:  dbo_length-317-medium.csv - 10.6788990498
86:  dbo_runwayLength-491-medium.csv - 14.3696210384
87:  dbo_width-1024-medium.csv - 12.0928618908
88:  dbo_elevation-122-medium.csv - 14.8393189907
89:  dbo_gross-956-medium.csv - 14.3113708496
90:  dbo_areaTotal-185-medium.csv - 15.8719291687
91:  dbo_areaWater-357-medium.csv - 31.9939010143
92:  dbo_areaLand-301-medium.csv - 17.2209479809
93:  dbo_populationDensity-259.csv.results-medium.csv - 10.440762043
94:  dbo_openingYear-388-medium.csv - 15.2552740574
95:  dbo_runwayLength-512-medium.csv - 20.8500208855
96:  dbo_numberOfStudents-439-medium.csv - 13.5876970291
97:  dbo_runtime-109-medium.csv - 12.6049611568
98:  dbo_populationDensity-274-medium.csv - 9.97829794884
99:  dbo_elevation-125-medium.csv - 19.9092690945
100:  dbo_yearOfConstruction-375-medium.csv - 10.3899190426
101:  dbo_weight-280-medium.csv - 8.46490502357
102:  dbo_populationDensity-268-medium.csv - 29.7435641289
103:  dbo_runtime-98-medium.csv - 13.8295800686
104:  dbo_populationDensity-257-medium.csv - 13.7890470028
105:  dbo_serviceEndYear-731-medium.csv - 12.3069849014
106:  dbo_number-345.csv.results-medium.csv - 18.9961950779
107:  dbo_draftYear-689-medium.csv - 15.8151688576
108:  dbo_area-322-medium.csv - 15.4922728539
109:  dbo_height-165-medium.csv - 15.4973258972
110:  dbo_numberOfSeasons-892-medium.csv - 14.0491080284
111:  dbo_openingYear-390-medium.csv - 10.2139029503
112:  dbo_elevation-127-medium.csv - 13.3457801342
113:  dbo_weight-285-medium.csv - 13.7143468857
114:  dbo_draftYear-680-medium.csv - 14.7860281467
115:  dbo_openingYear-386.csv.results-medium.csv - 22.0500710011
116:  dbo_minimumElevation-403-medium.csv - 13.1953179836
117:  dbo_gross-960-medium.csv - 12.305672884
118:  dbo_areaWater-365-medium.csv - 15.5778360367
119:  dbo_squadNumber-154-medium.csv - 38.768889904
120:  dbo_areaWater-367-medium.csv - 15.8772518635
121:  dbo_populationTotal-55-medium.csv - 22.3417539597
122:  dbo_areaWater-363-medium.csv - 27.0944170952
123:  dbo_draftYear-696-medium.csv - 11.5514309406
124:  dbo_length-316-medium.csv - 14.5537610054
125:  dbo_activeYearsEndYear-192-medium.csv - 13.7308819294
126:  dbo_maximumElevation-398-medium.csv - 14.6582231522
127:  dbo_numberOfPages-616-medium.csv - 6.06915903091
128:  dbo_numberOfEpisodes-526.csv.results-medium.csv - 22.9523668289
129:  dbo_area-323-medium.csv - 9.35960888863
130:  dbo_openingYear-391-medium.csv - 12.5691487789
131:  dbo_yearOfConstruction-382-medium.csv - 15.3496539593
132:  dbo_populationDensity-252-medium.csv - 28.4076290131
133:  dbo_displacement-813-medium.csv - 6.51174402237
134:  dbo_areaWater-356-medium.csv - 16.4616770744
135:  dbo_populationTotal-75-medium.csv - 19.4584021568
136:  dbo_serviceEndYear-724-medium.csv - 9.97076702118
137:  dbo_height-163-medium.csv - 7.58487915993
138:  dbo_openingYear-389-medium.csv - 16.9511368275
139:  dbo_length-312-medium.csv - 14.3485369682
140:  dbo_width-1018-medium.csv - 18.0537760258
141:  dbo_areaTotal-179-medium.csv - 19.7240200043
142:  dbo_numberOfStudents-425-medium.csv - 14.2863049507
143:  dbo_budget-928-medium.csv - 14.4317660332
144:  dbo_activeYearsStartYear-136-medium.csv - 16.0992119312
145:  dbo_minimumElevation-408-medium.csv - 20.9820361137
146:  dbo_foundingYear-247-medium.csv - 9.90197110176
147:  dbo_areaTotal-187-medium.csv - 31.2295439243
148:  dbo_maximumElevation-397-medium.csv - 14.3502361774
149:  dbo_populationDensity-253-medium.csv - 17.249876976
150:  dbo_height-159-medium.csv - 12.1080670357
151:  dbo_numberOfEmployees-712-medium.csv - 15.940103054
152:  dbo_areaLand-300-medium.csv - 22.6708760262
153:  dbo_runwayLength-500-medium.csv - 20.4223101139
154:  dbo_areaTotal-178-medium.csv - 20.4963572025
155:  dbo_maximumElevation-395-medium.csv - 14.8845880032
156:  dbo_weight-287-medium.csv - 11.3218111992
157:  dbo_runtime-104-medium.csv - 9.28252696991
158:  dbo_yearOfConstruction-373-medium.csv - 6.3292131424
159:  dbo_height-167-medium.csv - 7.67104196548
160:  dbo_populationTotal-74-medium.csv - 17.9952700138
161:  dbo_activeYearsStartYear-140-medium.csv - 12.5764391422
162:  dbo_numberOfEpisodes-543-medium.csv - 9.33696603775
163:  dbo_areaLand-299-medium.csv - 29.2757408619
164:  dbo_minimumElevation-404-medium.csv - 15.7654349804
165:  dbo_elevation-126-medium.csv - 13.9009070396
166:  dbo_foundingYear-243-medium.csv - 12.5632841587
167:  dbo_shipBeam-599-medium.csv - 10.7858929634
168:  dbo_populationTotal-54-medium.csv - 18.3838799
169:  dbo_minimumElevation-405-medium.csv - 21.318985939
170:  dbo_gross-959-medium.csv - 12.1312849522
171:  dbo_runtime-106-medium.csv - 8.14407610893
172:  dbo_activeYearsEndYear-197-medium.csv - 19.2405941486
173:  dbo_height-160-medium.csv - 14.8474640846
174:  dbo_year-414-medium.csv - 10.3209290504
175:  dbo_populationDensity-269-medium.csv - 17.050301075
176:  dbo_numberOfStudents-432-medium.csv - 14.5805618763
177:  dbo_areaLand-290-medium.csv - 16.2428729534
178:  dbo_minimumElevation-407-medium.csv - 14.0215148926
179:  dbo_serviceStartYear-674-medium.csv - 11.872273922
180:  dbo_runtime-103-medium.csv - 9.92483091354
181:  dbo_populationTotal-76-medium.csv - 16.1614830494
182:  dbo_openingYear-387-medium.csv - 6.2871670723
183:  dbo_areaWater-369-medium.csv - 28.0530209541
184:  dbo_formationYear-822-medium.csv - 9.86557221413
185:  dbo_openingYear-383-medium.csv - 18.2190010548
186:  dbo_maximumElevation-400-medium.csv - 11.3912911415
187:  dbo_length-315-medium.csv - 16.3052318096
188:  dbo_runtime-92-medium.csv - 6.28022694588
189:  dbo_elevation-131-medium.csv - 11.5684158802
190:  dbo_year-420-medium.csv - 7.85027503967
191:  dbo_activeYearsStartYear-139-medium.csv - 18.3856520653
192:  dbo_budget-931-medium.csv - 6.31198215485
193:  dbo_area-326-medium.csv - 13.999078989
194:  dbo_weight-286-medium.csv - 14.3195998669
195:  dbo_runwayLength-487-medium.csv - 14.575056076
196:  dbo_activeYearsEndYear-193-medium.csv - 17.0940489769
197:  dbo_foundingYear-244-medium.csv - 15.7116119862
198:  dbo_activeYearsStartYear-138-medium.csv - 14.017113924
199:  dbo_areaWater-362-medium.csv - 23.8688180447
200:  dbo_area-321-medium.csv - 7.04897093773
201:  dbo_shipBeam-591-medium.csv - 9.21642303467
202:  dbo_populationTotal-56-medium.csv - 14.4492249489
203:  dbo_yearOfConstruction-381-medium.csv - 10.3535819054
204:  dbo_weight-283-medium.csv - 15.1501309872
205:  dbo_populationDensity-267.csv.results-medium.csv - 10.1480259895
206:  dbo_weight-282-medium.csv - 14.1592309475
207:  dbo_shipBeam-592-medium.csv - 9.64868092537
208:  dbo_maximumElevation-394-medium.csv - 13.1758978367
209:  dbo_length-311-medium.csv - 10.1141438484
210:  dbo_draftYear-681-medium.csv - 17.7530510426
211:  dbo_budget-935-medium.csv - 9.2524740696
212:  dbo_maximumElevation-401-medium.csv - 11.5231461525
213:  dbo_numberOfEpisodes-561-medium.csv - 8.05167293549
214:  dbo_populationTotal-77-medium.csv - 22.4342310429
215:  dbo_activeYearsStartYear-132-medium.csv - 14.4323618412
216:  dbo_areaLand-291-medium.csv - 20.1597340107
217:  dbo_width-1019-medium.csv - 11.0026779175
218:  dbo_elevation-123-medium.csv - 17.8253750801
219:  dbo_runtime-101-medium.csv - 5.97051811218
220:  dbo_areaWater-364-medium.csv - 25.5360269547
221:  dbo_yearOfConstruction-377-medium.csv - 9.9763879776
222:  dbo_formationYear-817-medium.csv - 9.81163096428
223:  dbo_squadNumber-156-medium.csv - 6.6360168457
224:  dbo_elevation-129-medium.csv - 17.7770929337
225:  dbo_maximumElevation-402-medium.csv - 20.2396380901
226:  dbo_draftYear-703-medium.csv - 19.1308498383
227:  dbo_numberOfGoals-15-medium.csv - 7.01229596138
228:  dbo_width-1023-medium.csv - 9.97706913948
229:  dbo_squadNumber-148-medium.csv - 14.0734369755
230:  dbo_area-327-medium.csv - 7.07811808586
231:  dbo_draftYear-700-medium.csv - 18.2829048634
232:  dbo_width-1021-medium.csv - 10.3944959641
233:  dbo_numberOfGoals-13-medium.csv - 6.9743039608
234:  dbo_populationDensity-265-medium.csv - 20.2337920666
235:  dbo_squadNumber-149-medium.csv - 7.62791800499
236:  dbo_serviceStartYear-675-medium.csv - 12.5108280182
237:  dbo_height-162-medium.csv - 15.3567688465
238:  dbo_activeYearsStartYear-134-medium.csv - 16.7628929615
239:  dbo_width-1025-medium.csv - 16.4010150433
240:  dbo_activeYearsEndYear-196-medium.csv - 11.8518879414
241:  dbo_elevation-124-medium.csv - 28.2032577991
242:  dbo_squadNumber-150-medium.csv - 8.4155960083
243:  dbo_area-320-medium.csv - 20.5293049812
244:  dbo_foundingYear-240-medium.csv - 13.7159061432
245:  dbo_year-416-medium.csv - 14.3804819584
246:  dbo_draftYear-679-medium.csv - 18.4056580067
all datasets: 246 - 18.4058368206
 COLUMN LEVEL ANALYSIS: 
top 1 correctly labelled: 89
top 3 correctly labelled: 138
top X correctly labelled: 202
total: 246
 ROW LEVEL ANALYSIS: 
top 1 correctly labelled: 182
top 3 correctly labelled: 230
top X correctly labelled: 231
total: 246
 OVERAL ANALYSIS: 
top 1 correctly labelled: 226
top 3 correctly labelled: 231
top X correctly labelled: 233
total: 246
Size: large Deviation: 0
1:  dbo_areaLand-305-large.csv - 31.9106359482
2:  dbo_areaWater-362-large.csv - 32.199461937
3:  dbo_yearOfConstruction-377-large.csv - 11.1318569183
4:  dbo_areaWater-356-large.csv - 17.1957800388
5:  dbo_minimumElevation-403-large.csv - 15.0095598698
6:  dbo_draftYear-689-large.csv - 18.7368500233
7:  dbo_populationTotal-76-large.csv - 20.476416111
8:  dbo_maximumElevation-402-large.csv - 24.6133480072
9:  dbo_populationDensity-269-large.csv - 17.597536087
10:  dbo_numberOfEmployees-712-large.csv - 18.4093739986
11:  dbo_numberOfGoals-14-large.csv - 20.8430418968
12:  dbo_numberOfEpisodes-552-large.csv - 9.65848588943
13:  dbo_populationTotal-54-large.csv - 20.8149940968
14:  dbo_runtime-103-large.csv - 12.5083250999
15:  dbo_weight-286-large.csv - 14.8654999733
16:  dbo_areaTotal-178-large.csv - 25.5988252163
17:  dbo_runtime-98-large.csv - 11.0001218319
18:  dbo_areaTotal-184-large.csv - 15.1691820621
19:  dbo_deathYear-47-large.csv - 10.2066061497
20:  dbo_length-318-large.csv - 19.3246870041
21:  dbo_height-160-large.csv - 15.4231500626
22:  dbo_areaWater-367-large.csv - 17.2086288929
23:  dbo_elevation-131-large.csv - 12.4588301182
24:  dbo_shipBeam-592-large.csv - 6.07955002785
25:  dbo_draftYear-679-large.csv - 18.9750349522
26:  dbo_areaLand-300-large.csv - 25.3059351444
27:  dbo_numberOfStudents-425-large.csv - 17.4869959354
28:  dbo_budget-927-large.csv - 14.8316938877
29:  dbo_squadNumber-156-large.csv - 7.17813491821
30:  dbo_height-164-large.csv - 17.0376811028
31:  dbo_height-159-large.csv - 12.415542841
32:  dbo_openingYear-386.csv.results-large.csv - 35.0692579746
33:  dbo_openingYear-391-large.csv - 12.7952342033
34:  dbo_weight-287-large.csv - 11.9839029312
35:  dbo_populationDensity-265-large.csv - 21.9933309555
36:  dbo_openingYear-389-large.csv - 17.250633955
37:  dbo_populationTotal-74-large.csv - 20.2079050541
38:  dbo_width-1025-large.csv - 18.6008031368
39:  dbo_elevation-123-large.csv - 30.9191539288
40:  dbo_foundingYear-244-large.csv - 15.9083988667
41:  dbo_numberOfGoals-15-large.csv - 7.28170418739
42:  dbo_areaWater-364-large.csv - 30.7510511875
43:  dbo_length-319-large.csv - 19.5648548603
44:  dbo_runtime-99-large.csv - 7.87794995308
45:  dbo_height-166-large.csv - 13.9671821594
46:  dbo_areaWater-365-large.csv - 22.2744300365
47:  dbo_populationDensity-258-large.csv - 13.4928469658
48:  dbo_activeYearsStartYear-138-large.csv - 10.3062500954
49:  dbo_populationDensity-252-large.csv - 34.4732089043
50:  dbo_areaTotal-186-large.csv - 18.6032760143
51:  dbo_areaTotal-183-large.csv - 20.0864698887
52:  dbo_serviceEndYear-731-large.csv - 10.4820029736
53:  dbo_length-311-large.csv - 13.2655661106
54:  dbo_populationTotal-56-large.csv - 15.0195310116
55:  dbo_width-1021-large.csv - 10.4900078773
56:  dbo_areaTotal-179-large.csv - 20.633494854
57:  dbo_draftYear-702-large.csv - 21.2884500027
58:  dbo_elevation-127-large.csv - 12.2011032104
59:  dbo_numberOfSeasons-892-large.csv - 15.3949818611
60:  dbo_areaTotal-182-large.csv - 18.925301075
61:  dbo_populationDensity-253-large.csv - 17.7316608429
62:  dbo_length-312-large.csv - 14.0820519924
63:  dbo_area-326-large.csv - 15.9447879791
64:  dbo_formationYear-817-large.csv - 9.45163989067
65:  dbo_runwayLength-492-large.csv - 15.1228208542
66:  dbo_gross-947-large.csv - 16.2889621258
67:  dbo_squadNumber-154-large.csv - 22.9011950493
68:  dbo_length-310-large.csv - 18.9812619686
69:  dbo_minimumElevation-404-large.csv - 11.718667984
70:  dbo_squadNumber-150-large.csv - 8.90623807907
71:  dbo_gross-959-large.csv - 15.5373570919
72:  dbo_areaTotal-187-large.csv - 38.199614048
73:  dbo_activeYearsStartYear-134-large.csv - 18.0142288208
74:  dbo_weight-284-large.csv - 15.2242147923
75:  dbo_area-324-large.csv - 11.8167309761
76:  dbo_deathYear-42-large.csv - 14.0820481777
77:  dbo_minimumElevation-407-large.csv - 14.0095081329
78:  dbo_length-314-large.csv - 17.6555609703
79:  dbo_topSpeed-863-large.csv - 18.877712965
80:  dbo_foundingYear-243-large.csv - 15.3070909977
81:  dbo_openingYear-392-large.csv - 11.2683660984
82:  dbo_height-162-large.csv - 15.3044581413
83:  dbo_budget-928-large.csv - 14.127603054
84:  dbo_displacement-813-large.csv - 11.5005190372
85:  dbo_width-1018-large.csv - 16.3395910263
86:  dbo_minimumElevation-408-large.csv - 24.9050750732
87:  dbo_minimumElevation-410-large.csv - 23.8994691372
88:  dbo_areaLand-291-large.csv - 36.836577177
89:  dbo_budget-931-large.csv - 6.62241792679
90:  dbo_runwayLength-512-large.csv - 26.583220005
91:  dbo_runtime-104-large.csv - 10.5985817909
92:  dbo_length-313-large.csv - 8.1015188694
93:  dbo_foundingYear-241-large.csv - 15.013053894
94:  dbo_runtime-119-large.csv - 6.02952194214
95:  dbo_numberOfStudents-432-large.csv - 19.7608180046
96:  dbo_maximumElevation-399-large.csv - 24.4773411751
97:  dbo_activeYearsEndYear-192-large.csv - 10.0865590572
98:  dbo_year-420-large.csv - 7.75970602036
99:  dbo_minimumElevation-405-large.csv - 23.9909131527
100:  dbo_capacity-989-large.csv - 10.8608510494
101:  dbo_yearOfConstruction-375-large.csv - 9.84208011627
102:  dbo_weight-283-large.csv - 15.775056839
103:  dbo_populationTotal-77-large.csv - 22.9036569595
104:  dbo_draftYear-703-large.csv - 21.2223780155
105:  dbo_elevation-124-large.csv - 30.4789698124
106:  dbo_length-316-large.csv - 15.7967779636
107:  dbo_areaLand-297-large.csv - 31.5400769711
108:  dbo_width-1024-large.csv - 12.4832880497
109:  dbo_draftYear-700-large.csv - 20.0297870636
110:  dbo_runtime-109-large.csv - 14.6024231911
111:  dbo_runtime-92-large.csv - 8.27516913414
112:  dbo_weight-280-large.csv - 9.08860015869
113:  dbo_populationDensity-267.csv.results-large.csv - 10.4063110352
114:  dbo_area-327-large.csv - 7.27272295952
115:  dbo_year-416-large.csv - 12.91020298
116:  dbo_weight-285-large.csv - 14.0856399536
117:  dbo_width-1022-large.csv - 17.0309948921
118:  dbo_runwayLength-508-large.csv - 20.5841069221
119:  dbo_yearOfConstruction-382-large.csv - 14.5409789085
120:  dbo_runwayLength-487-large.csv - 15.0286428928
121:  dbo_weight-278-large.csv - 10.1302509308
122:  dbo_maximumElevation-394-large.csv - 13.6155810356
123:  dbo_maximumElevation-397-large.csv - 15.5317988396
124:  dbo_foundingYear-245-large.csv - 12.3110268116
125:  dbo_displacement-804-large.csv - 12.3385679722
126:  dbo_elevation-125-large.csv - 22.0887179375
127:  dbo_shipBeam-599-large.csv - 14.2819151878
128:  dbo_budget-933-large.csv - 14.3300571442
129:  dbo_minimumElevation-411-large.csv - 14.0679709911
130:  dbo_budget-935-large.csv - 10.0326900482
131:  dbo_width-1023-large.csv - 9.97514104843
132:  dbo_gross-960-large.csv - 12.976500988
133:  dbo_areaLand-290-large.csv - 16.8466501236
134:  dbo_elevation-126-large.csv - 15.494426012
135:  dbo_runtime-101-large.csv - 6.23528409004
136:  dbo_numberOfStudents-464-large.csv - 7.94693899155
137:  dbo_year-422-large.csv - 7.01828503609
138:  dbo_year-419-large.csv - 7.25631904602
139:  dbo_year-414-large.csv - 11.0204131603
140:  dbo_area-323-large.csv - 16.8134329319
141:  dbo_numberOfEpisodes-561-large.csv - 8.23800802231
142:  dbo_yearOfConstruction-373-large.csv - 13.6695709229
143:  dbo_numberOfEpisodes-548-large.csv - 15.6666219234
144:  dbo_length-317-large.csv - 10.9393789768
145:  dbo_numberOfPages-604-large.csv - 14.7403681278
146:  dbo_yearOfConstruction-380-large.csv - 10.1876828671
147:  dbo_elevation-122-large.csv - 16.7812178135
148:  dbo_areaLand-298-large.csv - 26.6051900387
149:  dbo_weight-282-large.csv - 14.4953110218
150:  dbo_populationDensity-266-large.csv - 24.2067599297
151:  dbo_populationDensity-274-large.csv - 30.799366951
152:  dbo_capacity-1011-large.csv - 10.1800589561
153:  dbo_elevation-129-large.csv - 32.9210238457
154:  dbo_populationTotal-79-large.csv - 19.031083107
155:  dbo_populationTotal-64-large.csv - 13.4532039165
156:  dbo_runwayLength-516-large.csv - 21.025042057
157:  dbo_yearOfConstruction-381-large.csv - 11.2999150753
158:  dbo_length-315-large.csv - 17.3618199825
159:  dbo_activeYearsStartYear-132-large.csv - 15.0100021362
160:  dbo_yearOfConstruction-378-large.csv - 9.91166710854
161:  dbo_areaWater-369-large.csv - 32.5546679497
162:  dbo_activeYearsStartYear-141-large.csv - 17.9778110981
163:  dbo_draftYear-681-large.csv - 20.0238001347
164:  dbo_numberOfGoals-19-large.csv - 7.07146310806
165:  dbo_openingYear-383-large.csv - 18.9063367844
166:  dbo_activeYearsEndYear-196-large.csv - 11.7169201374
167:  dbo_height-161-large.csv - 15.3740110397
168:  dbo_area-322-large.csv - 15.715970993
169:  dbo_activeYearsEndYear-191-large.csv - 14.3497638702
170:  dbo_populationTotal-55-large.csv - 24.813147068
171:  dbo_weight-281-large.csv - 20.2808339596
172:  dbo_numberOfEpisodes-526.csv.results-large.csv - 33.9029939175
173:  dbo_minimumElevation-409-large.csv - 15.2084679604
174:  dbo_activeYearsStartYear-140-large.csv - 12.2039649487
175:  dbo_numberOfStudents-439-large.csv - 16.9397330284
176:  dbo_populationDensity-267-large.csv - 29.6394910812
177:  dbo_areaTotal-180-large.csv - 28.9170079231
178:  dbo_shipBeam-591-large.csv - 9.38956403732
179:  dbo_activeYearsStartYear-133-large.csv - 11.9305169582
180:  dbo_draftYear-680-large.csv - 14.6411650181
181:  dbo_areaWater-357-large.csv - 37.9688308239
182:  dbo_width-1019-large.csv - 9.9782140255
183:  dbo_activeYearsEndYear-194-large.csv - 12.5246629715
184:  dbo_gross-956-large.csv - 12.7116959095
185:  dbo_numberOfEpisodes-543-large.csv - 8.9303150177
186:  dbo_displacement-807-large.csv - 12.8391590118
187:  dbo_runtime-120-large.csv - 11.1354489326
188:  dbo_elevation-130-large.csv - 21.0985949039
189:  dbo_openingYear-388-large.csv - 6.32281494141
190:  dbo_runtime-108-large.csv - 6.07139015198
191:  dbo_openingYear-387-large.csv - 10.0565149784
192:  dbo_areaLand-299-large.csv - 38.1405589581
193:  dbo_runwayLength-491-large.csv - 14.8332469463
194:  dbo_maximumElevation-398-large.csv - 14.5314199924
195:  dbo_runwayLength-500-large.csv - 23.3962249756
196:  dbo_serviceEndYear-724-large.csv - 11.5551710129
197:  dbo_number-345.csv.results-large.csv - 29.0830011368
198:  dbo_activeYearsEndYear-193-large.csv - 18.6809430122
199:  dbo_height-163-large.csv - 16.0519919395
200:  dbo_openingYear-390-large.csv - 16.0870378017
201:  dbo_height-167-large.csv - 8.13277006149
202:  dbo_squadNumber-148-large.csv - 36.7398388386
203:  dbo_yearOfConstruction-376-large.csv - 13.1031742096
204:  dbo_height-158-large.csv - 12.0228078365
205:  dbo_budget-936-large.csv - 9.54181718826
206:  dbo_area-329-large.csv - 7.51294994354
207:  dbo_activeYearsEndYear-188-large.csv - 14.1762948036
208:  dbo_squadNumber-149-large.csv - 8.40689206123
209:  dbo_activeYearsStartYear-135-large.csv - 20.8426811695
210:  dbo_numberOfPages-649-large.csv - 10.378002882
211:  dbo_topSpeed-864-large.csv - 17.2386291027
212:  dbo_deathYear-39-large.csv - 13.9952998161
213:  dbo_areaTotal-185-large.csv - 14.9120149612
214:  dbo_maximumElevation-400-large.csv - 13.2312459946
215:  dbo_populationDensity-268-large.csv - 33.9547901154
216:  dbo_area-321-large.csv - 7.2895989418
217:  dbo_foundingYear-242-large.csv - 9.00530719757
218:  dbo_numberOfSeasons-906-large.csv - 8.09579396248
219:  dbo_foundingYear-247-large.csv - 10.6866929531
220:  dbo_areaTotal-181-large.csv - 14.5339119434
221:  dbo_populationDensity-257-large.csv - 13.4389529228
222:  dbo_weight-279-large.csv - 11.9826247692
223:  dbo_numberOfPages-616-large.csv - 6.1078979969
224:  dbo_numberOfGoals-13-large.csv - 8.84593605995
225:  dbo_areaLand-301-large.csv - 17.758464098
226:  dbo_runtime-106-large.csv - 7.64540100098
227:  dbo_serviceEndYear-722-large.csv - 13.3225569725
228:  dbo_activeYearsEndYear-197-large.csv - 22.5472970009
229:  dbo_areaWater-363-large.csv - 31.7026529312
230:  dbo_maximumElevation-401-large.csv - 13.4838719368
231:  dbo_numberOfGoals-10-large.csv - 8.31140303612
232:  dbo_activeYearsStartYear-136-large.csv - 18.4006118774
233:  dbo_maximumElevation-395-large.csv - 14.1484410763
234:  dbo_populationDensity-259.csv.results-large.csv - 10.5906848907
235:  dbo_formationYear-822-large.csv - 6.28734922409
236:  dbo_squadNumber-142-large.csv - 8.24151015282
237:  dbo_area-320-large.csv - 22.6056621075
238:  dbo_serviceStartYear-674-large.csv - 12.1819980145
239:  dbo_minimumElevation-406-large.csv - 11.3348200321
240:  dbo_budget-932-large.csv - 11.7644538879
241:  dbo_foundingYear-240-large.csv - 19.1889929771
242:  dbo_activeYearsStartYear-139-large.csv - 21.938354969
243:  dbo_height-165-large.csv - 10.6523239613
244:  dbo_populationTotal-75-large.csv - 21.8883030415
245:  dbo_serviceStartYear-675-large.csv - 12.980091095
246:  dbo_draftYear-696-large.csv - 11.1865971088
all datasets: 246 - 11.1867079735
 COLUMN LEVEL ANALYSIS: 
top 1 correctly labelled: 84
top 3 correctly labelled: 134
top X correctly labelled: 202
total: 246
 ROW LEVEL ANALYSIS: 
top 1 correctly labelled: 191
top 3 correctly labelled: 235
top X correctly labelled: 236
total: 246
 OVERAL ANALYSIS: 
top 1 correctly labelled: 229
top 3 correctly labelled: 236
top X correctly labelled: 237
total: 246
