Size: verySmall Deviation: 0
0:  dbo_areaWater-367-smallest.csv
1:  dbo_weight-282-smallest.csv
2:  dbo_weight-285-smallest.csv
3:  dbo_draftYear-703-smallest.csv
4:  dbo_openingYear-386-smallest.csv
5:  dbo_minimumElevation-403-smallest.csv
6:  dbo_areaTotal-182-smallest.csv
7:  dbo_length-317-smallest.csv
8:  dbo_width-1018-smallest.csv
9:  dbo_activeYearsStartYear-141-smallest.csv
10:  dbo_minimumElevation-404-smallest.csv
11:  dbo_length-310-smallest.csv
12:  dbo_areaTotal-185-smallest.csv
13:  dbo_maximumElevation-399-smallest.csv
14:  dbo_runwayLength-500-smallest.csv
15:  dbo_populationDensity-268-smallest.csv
16:  dbo_formationYear-817-smallest.csv
17:  dbo_areaWater-356-smallest.csv
18:  dbo_height-158-smallest.csv
19:  dbo_maximumElevation-402-smallest.csv
20:  dbo_areaLand-290-smallest.csv
21:  dbo_minimumElevation-411-smallest.csv
22:  dbo_numberOfSeasons-906-smallest.csv
23:  dbo_runwayLength-512-smallest.csv
24:  dbo_numberOfGoals-15-smallest.csv
25:  dbo_areaLand-297-smallest.csv
26:  dbo_weight-284-smallest.csv
27:  dbo_runtime-120-smallest.csv
28:  dbo_yearOfConstruction-382-smallest.csv
29:  dbo_year-422-smallest.csv
30:  dbo_weight-283-smallest.csv
31:  dbo_numberOfEpisodes-548-smallest.csv
32:  dbo_draftYear-702-smallest.csv
33:  dbo_populationDensity-258-smallest.csv
34:  dbo_activeYearsStartYear-136-smallest.csv
35:  dbo_height-159-smallest.csv
36:  dbo_runtime-103-smallest.csv
37:  dbo_numberOfStudents-439-smallest.csv
38:  dbo_areaWater-357-smallest.csv
39:  dbo_deathYear-47-smallest.csv
40:  dbo_openingYear-392-smallest.csv
41:  dbo_runtime-104-smallest.csv
42:  dbo_populationDensity-269-smallest.csv
43:  dbo_numberOfGoals-14-smallest.csv
44:  dbo_numberOfGoals-13-smallest.csv
45:  dbo_minimumElevation-410-smallest.csv
46:  dbo_areaLand-291-smallest.csv
47:  dbo_serviceEndYear-729-smallest.csv
48:  dbo_year-414-smallest.csv
49:  dbo_openingYear-387-smallest.csv
50:  dbo_maximumElevation-398-smallest.csv
51:  dbo_minimumElevation-405-smallest.csv
52:  dbo_areaTotal-184-smallest.csv
53:  dbo_length-311-smallest.csv
54:  dbo_activeYearsStartYear-140-smallest.csv
55:  dbo_width-1019-smallest.csv
56:  dbo_length-316-smallest.csv
57:  dbo_areaTotal-183-smallest.csv
58:  dbo_year-419-smallest.csv
59:  dbo_activeYearsEndYear-193-smallest.csv
60:  dbo_minimumElevation-408-smallest.csv
61:  dbo_maximumElevation-395-smallest.csv
62:  dbo_areaLand-301-smallest.csv
63:  dbo_serviceEndYear-731-smallest.csv
64:  dbo_budget-927-smallest.csv
65:  dbo_activeYearsEndYear-194-smallest.csv
66:  dbo_populationTotal-54-smallest.csv
67:  dbo_gross-956-smallest.csv
68:  dbo_numberOfEpisodes-561-smallest.csv
69:  dbo_runtime-109-smallest.csv
70:  dbo_budget-935-smallest.csv
71:  dbo_foundingYear-241-smallest.csv
72:  dbo_numberOfGoals-19-smallest.csv
73:  dbo_budget-932-smallest.csv
74:  dbo_serviceEndYear-724-smallest.csv
75:  dbo_runwayLength-491-smallest.csv
76:  dbo_populationDensity-252-smallest.csv
77:  dbo_area-327-smallest.csv
78:  dbo_height-165-smallest.csv
79:  dbo_gross-960-smallest.csv
80:  dbo_area-320-smallest.csv
81:  dbo_height-162-smallest.csv
82:  dbo_populationTotal-77-smallest.csv
83:  dbo_yearOfConstruction-377-smallest.csv
84:  dbo_elevation-126-smallest.csv
85:  dbo_width-1022-smallest.csv
86:  dbo_draftYear-680-smallest.csv
87:  dbo_width-1025-smallest.csv
88:  dbo_runtime-108-smallest.csv
89:  dbo_capacity-1011-smallest.csv
90:  dbo_populationDensity-265-smallest.csv
91:  dbo_numberOfStudents-432-smallest.csv
92:  dbo_budget-933-smallest.csv
93:  dbo_foundingYear-247-smallest.csv
94:  dbo_topSpeed-864-smallest.csv
95:  dbo_topSpeed-863-smallest.csv
96:  dbo_serviceEndYear-722-smallest.csv
97:  dbo_foundingYear-240-smallest.csv
98:  dbo_displacement-804-smallest.csv
99:  dbo_populationTotal-55-smallest.csv
100:  dbo_areaLand-300-smallest.csv
101:  dbo_maximumElevation-394-smallest.csv
102:  dbo_minimumElevation-409-smallest.csv
103:  dbo_activeYearsEndYear-192-smallest.csv
104:  dbo_yearOfConstruction-376-smallest.csv
105:  dbo_shipBeam-591-smallest.csv
106:  dbo_numberOfEpisodes-543-smallest.csv
107:  dbo_populationTotal-64-smallest.csv
108:  dbo_width-1024-smallest.csv
109:  dbo_draftYear-681-smallest.csv
110:  dbo_width-1023-smallest.csv
111:  dbo_elevation-127-smallest.csv
112:  dbo_draftYear-679-smallest.csv
113:  dbo_squadNumber-154-smallest.csv
