Size: small Deviation: 0
Size: small Deviation: 0
0:  dbo_runwayLength-512-small.csv
1:  dbo_numberOfPages-649-small.csv
2:  dbo_foundingYear-247-small.csv
3:  dbo_deathYear-39-small.csv
4:  dbo_length-312-small.csv
5:  dbo_numberOfGoals-13-small.csv
6:  dbo_yearOfConstruction-381-small.csv
7:  dbo_capacity-1011-small.csv
8:  dbo_runtime-109-small.csv
9:  dbo_areaTotal-187-small.csv
10:  dbo_elevation-126-small.csv
11:  dbo_area-326-small.csv
12:  dbo_populationDensity-257-small.csv
13:  dbo_areaWater-357-small.csv
14:  dbo_height-163-small.csv
15:  dbo_weight-280-small.csv
16:  dbo_numberOfEpisodes-543-small.csv
17:  dbo_areaWater-362-small.csv
18:  dbo_areaLand-291-small.csv
19:  dbo_width-1022-small.csv
20:  dbo_runtime-104-small.csv
21:  dbo_populationTotal-55-small.csv
22:  dbo_length-314-small.csv
23:  dbo_budget-932-small.csv
24:  dbo_populationDensity-269-small.csv
25:  dbo_foundingYear-241-small.csv
26:  dbo_maximumElevation-398-small.csv
27:  dbo_areaWater-369-small.csv
28:  dbo_draftYear-703-small.csv
29:  dbo_activeYearsStartYear-140-small.csv
30:  dbo_areaLand-301-small.csv
31:  .DS_Store
32:  dbo_squadNumber-154-small.csv
33:  dbo_numberOfGoals-15-small.csv
34:  dbo_year-414-small.csv
35:  dbo_maximumElevation-402-small.csv
36:  dbo_runwayLength-500-small.csv
37:  dbo_populationTotal-74-small.csv
38:  dbo_numberOfEpisodes-548-small.csv
39:  dbo_length-319-small.csv
40:  dbo_areaWater-364-small.csv
41:  dbo_maximumElevation-395-small.csv
42:  dbo_areaLand-297-small.csv
43:  dbo_draftYear-681-small.csv
44:  dbo_width-1024-small.csv
45:  dbo_area-320-small.csv
46:  dbo_openingYear-389-small.csv
