(standard_in) 1: syntax error
(standard_in) 1: illegal character: M
(standard_in) 1: illegal character: M
04/05/2018 22:46:31 0
0
0
0
0
0
0
26.2
0
0
0
0
0
0
0
0
0
0
0
0
(standard_in) 1: syntax error
(standard_in) 1: illegal character: M
(standard_in) 1: illegal character: M
04/05/2018 22:46:32 0
0
0
0
0
0
0
26.2
0
0
0
0
0
0
0
0
0
0
0
0
(standard_in) 1: syntax error
(standard_in) 1: illegal character: M
(standard_in) 1: illegal character: M
04/05/2018 22:46:33 0
0
0
0
0
0
0
26.2
0
0
0
0
0
0
0
0
0
0
0
0
(standard_in) 1: syntax error
(standard_in) 1: illegal character: M
(standard_in) 1: illegal character: M
04/05/2018 22:46:34 0
0
0
0
0
0
0
26.2
0
0
0
0
0
0
0
0
0
0
0
0
(standard_in) 1: syntax error
(standard_in) 1: illegal character: M
(standard_in) 1: illegal character: M
04/05/2018 22:46:35 0
0
0
0
0
0
0
26.2
0
0
0
0
0
0
0
0
0
0
0
0
(standard_in) 1: syntax error
(standard_in) 1: illegal character: M
(standard_in) 1: illegal character: M
04/05/2018 22:46:36 0
0
0
0
0
0
0
26.2
0
0
0
0
0
0
0
0
0
0
0
0
(standard_in) 1: syntax error
(standard_in) 1: illegal character: M
(standard_in) 1: illegal character: M
04/05/2018 22:46:37 0
0
0
0
0
0
0
26.2
0
0
0
0
0
0
0
0
0
0
0
0
(standard_in) 1: syntax error
(standard_in) 1: illegal character: M
(standard_in) 1: illegal character: M
04/05/2018 22:46:38 0
0
0
0
0
0
0
26.2
0
0
0
0
0
0
0
0
0
0
0
0
(standard_in) 1: syntax error
(standard_in) 1: illegal character: M
(standard_in) 1: illegal character: M
04/05/2018 22:46:39 0
0
0
0
0
0
0
26.2
0
0
0
0
0
0
0
0
0
0
0
0
