Size: verySmall Deviation: 0
all datasets: 243
 COLUMN LEVEL ANALYSIS: 
top 1 correctly labelled: 0
top 3 correctly labelled: 0
top X correctly labelled: 0
total: 243
 ROW LEVEL ANALYSIS: 
top 1 correctly labelled: 0
top 3 correctly labelled: 0
top X correctly labelled: 0
total: 243
NOT correct mapping: areaWater - 
/Users/emiliakacprzak/Code/papers/semantification/benchmark/verySmallSample/verySmall0/dbo_areaWater-367-smallest.csv
[]
NOT correct mapping: weight - 
/Users/emiliakacprzak/Code/papers/semantification/benchmark/verySmallSample/verySmall0/dbo_weight-282-smallest.csv
[]
NOT correct mapping: weight - 
/Users/emiliakacprzak/Code/papers/semantification/benchmark/verySmallSample/verySmall0/dbo_weight-285-smallest.csv
[]
NOT correct mapping: draftYear - 
/Users/emiliakacprzak/Code/papers/semantification/benchmark/verySmallSample/verySmall0/dbo_draftYear-703-smallest.csv
[]
NOT correct mapping: openingYear - 
/Users/emiliakacprzak/Code/papers/semantification/benchmark/verySmallSample/verySmall0/dbo_openingYear-386-smallest.csv
[]
NOT correct mapping: minimumElevation - 
/Users/emiliakacprzak/Code/papers/semantification/benchmark/verySmallSample/verySmall0/dbo_minimumElevation-403-smallest.csv
[]
NOT correct mapping: areaTotal - 
/Users/emiliakacprzak/Code/papers/semantification/benchmark/verySmallSample/verySmall0/dbo_areaTotal-182-smallest.csv
[]
NOT correct mapping: length - 
/Users/emiliakacprzak/Code/papers/semantification/benchmark/verySmallSample/verySmall0/dbo_length-317-smallest.csv
[]
NOT correct mapping: width - 
/Users/emiliakacprzak/Code/papers/semantification/benchmark/verySmallSample/verySmall0/dbo_width-1018-smallest.csv
[]
NOT correct mapping: activeYearsStartYear - 
/Users/emiliakacprzak/Code/papers/semantification/benchmark/verySmallSample/verySmall0/dbo_activeYearsStartYear-141-smallest.csv
[]
NOT correct mapping: minimumElevation - 
/Users/emiliakacprzak/Code/papers/semantification/benchmark/verySmallSample/verySmall0/dbo_minimumElevation-404-smallest.csv
[]
NOT correct mapping: length - 
/Users/emiliakacprzak/Code/papers/semantification/benchmark/verySmallSample/verySmall0/dbo_length-310-smallest.csv
[]
NOT correct mapping: areaTotal - 
/Users/emiliakacprzak/Code/papers/semantification/benchmark/verySmallSample/verySmall0/dbo_areaTotal-185-smallest.csv
[]
NOT correct mapping: maximumElevation - 
/Users/emiliakacprzak/Code/papers/semantification/benchmark/verySmallSample/verySmall0/dbo_maximumElevation-399-smallest.csv
[]
NOT correct mapping: runwayLength - 
/Users/emiliakacprzak/Code/papers/semantification/benchmark/verySmallSample/verySmall0/dbo_runwayLength-500-smallest.csv
[]
NOT correct mapping: populationDensity - 
/Users/emiliakacprzak/Code/papers/semantification/benchmark/verySmallSample/verySmall0/dbo_populationDensity-268-smallest.csv
[]
NOT correct mapping: formationYear - 
/Users/emiliakacprzak/Code/papers/semantification/benchmark/verySmallSample/verySmall0/dbo_formationYear-817-smallest.csv
[]
NOT correct mapping: areaWater - 
/Users/emiliakacprzak/Code/papers/semantification/benchmark/verySmallSample/verySmall0/dbo_areaWater-356-smallest.csv
[]
NOT correct mapping: height - 
/Users/emiliakacprzak/Code/papers/semantification/benchmark/verySmallSample/verySmall0/dbo_height-158-smallest.csv
[]
NOT correct mapping: maximumElevation - 
/Users/emiliakacprzak/Code/papers/semantification/benchmark/verySmallSample/verySmall0/dbo_maximumElevation-402-smallest.csv
[]
NOT correct mapping: areaLand - 
/Users/emiliakacprzak/Code/papers/semantification/benchmark/verySmallSample/verySmall0/dbo_areaLand-290-smallest.csv
[]
NOT correct mapping: minimumElevation - 
/Users/emiliakacprzak/Code/papers/semantification/benchmark/verySmallSample/verySmall0/dbo_minimumElevation-411-smallest.csv
[]
NOT correct mapping: numberOfSeasons - 
/Users/emiliakacprzak/Code/papers/semantification/benchmark/verySmallSample/verySmall0/dbo_numberOfSeasons-906-smallest.csv
[]
NOT correct mapping: runwayLength - 
/Users/emiliakacprzak/Code/papers/semantification/benchmark/verySmallSample/verySmall0/dbo_runwayLength-512-smallest.csv
[]
NOT correct mapping: numberOfGoals - 
/Users/emiliakacprzak/Code/papers/semantification/benchmark/verySmallSample/verySmall0/dbo_numberOfGoals-15-smallest.csv
[]
NOT correct mapping: areaLand - 
/Users/emiliakacprzak/Code/papers/semantification/benchmark/verySmallSample/verySmall0/dbo_areaLand-297-smallest.csv
[]
NOT correct mapping: weight - 
/Users/emiliakacprzak/Code/papers/semantification/benchmark/verySmallSample/verySmall0/dbo_weight-284-smallest.csv
[]
NOT correct mapping: runtime - 
/Users/emiliakacprzak/Code/papers/semantification/benchmark/verySmallSample/verySmall0/dbo_runtime-120-smallest.csv
[]
NOT correct mapping: yearOfConstruction - 
/Users/emiliakacprzak/Code/papers/semantification/benchmark/verySmallSample/verySmall0/dbo_yearOfConstruction-382-smallest.csv
[]
NOT correct mapping: year - 
/Users/emiliakacprzak/Code/papers/semantification/benchmark/verySmallSample/verySmall0/dbo_year-422-smallest.csv
[]
NOT correct mapping: weight - 
/Users/emiliakacprzak/Code/papers/semantification/benchmark/verySmallSample/verySmall0/dbo_weight-283-smallest.csv
[]
NOT correct mapping: numberOfEpisodes - 
/Users/emiliakacprzak/Code/papers/semantification/benchmark/verySmallSample/verySmall0/dbo_numberOfEpisodes-548-smallest.csv
[]
NOT correct mapping: draftYear - 
/Users/emiliakacprzak/Code/papers/semantification/benchmark/verySmallSample/verySmall0/dbo_draftYear-702-smallest.csv
[]
NOT correct mapping: populationDensity - 
/Users/emiliakacprzak/Code/papers/semantification/benchmark/verySmallSample/verySmall0/dbo_populationDensity-258-smallest.csv
[]
NOT correct mapping: activeYearsStartYear - 
/Users/emiliakacprzak/Code/papers/semantification/benchmark/verySmallSample/verySmall0/dbo_activeYearsStartYear-136-smallest.csv
[]
NOT correct mapping: height - 
/Users/emiliakacprzak/Code/papers/semantification/benchmark/verySmallSample/verySmall0/dbo_height-159-smallest.csv
[]
NOT correct mapping: runtime - 
/Users/emiliakacprzak/Code/papers/semantification/benchmark/verySmallSample/verySmall0/dbo_runtime-103-smallest.csv
[]
NOT correct mapping: numberOfStudents - 
/Users/emiliakacprzak/Code/papers/semantification/benchmark/verySmallSample/verySmall0/dbo_numberOfStudents-439-smallest.csv
[]
NOT correct mapping: areaWater - 
/Users/emiliakacprzak/Code/papers/semantification/benchmark/verySmallSample/verySmall0/dbo_areaWater-357-smallest.csv
[]
NOT correct mapping: deathYear - 
/Users/emiliakacprzak/Code/papers/semantification/benchmark/verySmallSample/verySmall0/dbo_deathYear-47-smallest.csv
[]
NOT correct mapping: openingYear - 
/Users/emiliakacprzak/Code/papers/semantification/benchmark/verySmallSample/verySmall0/dbo_openingYear-392-smallest.csv
[]
NOT correct mapping: runtime - 
/Users/emiliakacprzak/Code/papers/semantification/benchmark/verySmallSample/verySmall0/dbo_runtime-104-smallest.csv
[]
NOT correct mapping: populationDensity - 
/Users/emiliakacprzak/Code/papers/semantification/benchmark/verySmallSample/verySmall0/dbo_populationDensity-269-smallest.csv
[]
NOT correct mapping: numberOfGoals - 
/Users/emiliakacprzak/Code/papers/semantification/benchmark/verySmallSample/verySmall0/dbo_numberOfGoals-14-smallest.csv
[]
NOT correct mapping: numberOfGoals - 
/Users/emiliakacprzak/Code/papers/semantification/benchmark/verySmallSample/verySmall0/dbo_numberOfGoals-13-smallest.csv
[]
NOT correct mapping: minimumElevation - 
/Users/emiliakacprzak/Code/papers/semantification/benchmark/verySmallSample/verySmall0/dbo_minimumElevation-410-smallest.csv
[]
NOT correct mapping: areaLand - 
/Users/emiliakacprzak/Code/papers/semantification/benchmark/verySmallSample/verySmall0/dbo_areaLand-291-smallest.csv
[]
NOT correct mapping: serviceEndYear - 
/Users/emiliakacprzak/Code/papers/semantification/benchmark/verySmallSample/verySmall0/dbo_serviceEndYear-729-smallest.csv
[]
NOT correct mapping: year - 
/Users/emiliakacprzak/Code/papers/semantification/benchmark/verySmallSample/verySmall0/dbo_year-414-smallest.csv
[]
NOT correct mapping: openingYear - 
/Users/emiliakacprzak/Code/papers/semantification/benchmark/verySmallSample/verySmall0/dbo_openingYear-387-smallest.csv
[]
NOT correct mapping: maximumElevation - 
/Users/emiliakacprzak/Code/papers/semantification/benchmark/verySmallSample/verySmall0/dbo_maximumElevation-398-smallest.csv
[]
NOT correct mapping: minimumElevation - 
/Users/emiliakacprzak/Code/papers/semantification/benchmark/verySmallSample/verySmall0/dbo_minimumElevation-405-smallest.csv
[]
NOT correct mapping: areaTotal - 
/Users/emiliakacprzak/Code/papers/semantification/benchmark/verySmallSample/verySmall0/dbo_areaTotal-184-smallest.csv
[]
NOT correct mapping: length - 
/Users/emiliakacprzak/Code/papers/semantification/benchmark/verySmallSample/verySmall0/dbo_length-311-smallest.csv
[]
NOT correct mapping: activeYearsStartYear - 
/Users/emiliakacprzak/Code/papers/semantification/benchmark/verySmallSample/verySmall0/dbo_activeYearsStartYear-140-smallest.csv
[]
NOT correct mapping: width - 
/Users/emiliakacprzak/Code/papers/semantification/benchmark/verySmallSample/verySmall0/dbo_width-1019-smallest.csv
[]
NOT correct mapping: length - 
/Users/emiliakacprzak/Code/papers/semantification/benchmark/verySmallSample/verySmall0/dbo_length-316-smallest.csv
[]
NOT correct mapping: areaTotal - 
/Users/emiliakacprzak/Code/papers/semantification/benchmark/verySmallSample/verySmall0/dbo_areaTotal-183-smallest.csv
[]
NOT correct mapping: year - 
/Users/emiliakacprzak/Code/papers/semantification/benchmark/verySmallSample/verySmall0/dbo_year-419-smallest.csv
[]
NOT correct mapping: activeYearsEndYear - 
/Users/emiliakacprzak/Code/papers/semantification/benchmark/verySmallSample/verySmall0/dbo_activeYearsEndYear-193-smallest.csv
[]
NOT correct mapping: minimumElevation - 
/Users/emiliakacprzak/Code/papers/semantification/benchmark/verySmallSample/verySmall0/dbo_minimumElevation-408-smallest.csv
[]
NOT correct mapping: maximumElevation - 
/Users/emiliakacprzak/Code/papers/semantification/benchmark/verySmallSample/verySmall0/dbo_maximumElevation-395-smallest.csv
[]
NOT correct mapping: areaLand - 
/Users/emiliakacprzak/Code/papers/semantification/benchmark/verySmallSample/verySmall0/dbo_areaLand-301-smallest.csv
[]
NOT correct mapping: serviceEndYear - 
/Users/emiliakacprzak/Code/papers/semantification/benchmark/verySmallSample/verySmall0/dbo_serviceEndYear-731-smallest.csv
[]
NOT correct mapping: budget - 
/Users/emiliakacprzak/Code/papers/semantification/benchmark/verySmallSample/verySmall0/dbo_budget-927-smallest.csv
[]
NOT correct mapping: activeYearsEndYear - 
/Users/emiliakacprzak/Code/papers/semantification/benchmark/verySmallSample/verySmall0/dbo_activeYearsEndYear-194-smallest.csv
[]
NOT correct mapping: populationTotal - 
/Users/emiliakacprzak/Code/papers/semantification/benchmark/verySmallSample/verySmall0/dbo_populationTotal-54-smallest.csv
[]
NOT correct mapping: gross - 
/Users/emiliakacprzak/Code/papers/semantification/benchmark/verySmallSample/verySmall0/dbo_gross-956-smallest.csv
[]
NOT correct mapping: numberOfEpisodes - 
/Users/emiliakacprzak/Code/papers/semantification/benchmark/verySmallSample/verySmall0/dbo_numberOfEpisodes-561-smallest.csv
[]
NOT correct mapping: runtime - 
/Users/emiliakacprzak/Code/papers/semantification/benchmark/verySmallSample/verySmall0/dbo_runtime-109-smallest.csv
[]
NOT correct mapping: budget - 
/Users/emiliakacprzak/Code/papers/semantification/benchmark/verySmallSample/verySmall0/dbo_budget-935-smallest.csv
[]
NOT correct mapping: foundingYear - 
/Users/emiliakacprzak/Code/papers/semantification/benchmark/verySmallSample/verySmall0/dbo_foundingYear-241-smallest.csv
[]
NOT correct mapping: numberOfGoals - 
/Users/emiliakacprzak/Code/papers/semantification/benchmark/verySmallSample/verySmall0/dbo_numberOfGoals-19-smallest.csv
[]
NOT correct mapping: budget - 
/Users/emiliakacprzak/Code/papers/semantification/benchmark/verySmallSample/verySmall0/dbo_budget-932-smallest.csv
[]
NOT correct mapping: serviceEndYear - 
/Users/emiliakacprzak/Code/papers/semantification/benchmark/verySmallSample/verySmall0/dbo_serviceEndYear-724-smallest.csv
[]
NOT correct mapping: runwayLength - 
/Users/emiliakacprzak/Code/papers/semantification/benchmark/verySmallSample/verySmall0/dbo_runwayLength-491-smallest.csv
[]
NOT correct mapping: populationDensity - 
/Users/emiliakacprzak/Code/papers/semantification/benchmark/verySmallSample/verySmall0/dbo_populationDensity-252-smallest.csv
[]
NOT correct mapping: area - 
/Users/emiliakacprzak/Code/papers/semantification/benchmark/verySmallSample/verySmall0/dbo_area-327-smallest.csv
[]
NOT correct mapping: height - 
/Users/emiliakacprzak/Code/papers/semantification/benchmark/verySmallSample/verySmall0/dbo_height-165-smallest.csv
[]
NOT correct mapping: gross - 
/Users/emiliakacprzak/Code/papers/semantification/benchmark/verySmallSample/verySmall0/dbo_gross-960-smallest.csv
[]
NOT correct mapping: area - 
/Users/emiliakacprzak/Code/papers/semantification/benchmark/verySmallSample/verySmall0/dbo_area-320-smallest.csv
[]
NOT correct mapping: height - 
/Users/emiliakacprzak/Code/papers/semantification/benchmark/verySmallSample/verySmall0/dbo_height-162-smallest.csv
[]
NOT correct mapping: populationTotal - 
/Users/emiliakacprzak/Code/papers/semantification/benchmark/verySmallSample/verySmall0/dbo_populationTotal-77-smallest.csv
[]
NOT correct mapping: yearOfConstruction - 
/Users/emiliakacprzak/Code/papers/semantification/benchmark/verySmallSample/verySmall0/dbo_yearOfConstruction-377-smallest.csv
[]
NOT correct mapping: elevation - 
/Users/emiliakacprzak/Code/papers/semantification/benchmark/verySmallSample/verySmall0/dbo_elevation-126-smallest.csv
[]
NOT correct mapping: width - 
/Users/emiliakacprzak/Code/papers/semantification/benchmark/verySmallSample/verySmall0/dbo_width-1022-smallest.csv
[]
NOT correct mapping: draftYear - 
/Users/emiliakacprzak/Code/papers/semantification/benchmark/verySmallSample/verySmall0/dbo_draftYear-680-smallest.csv
[]
NOT correct mapping: width - 
/Users/emiliakacprzak/Code/papers/semantification/benchmark/verySmallSample/verySmall0/dbo_width-1025-smallest.csv
[]
NOT correct mapping: runtime - 
/Users/emiliakacprzak/Code/papers/semantification/benchmark/verySmallSample/verySmall0/dbo_runtime-108-smallest.csv
[]
NOT correct mapping: capacity - 
/Users/emiliakacprzak/Code/papers/semantification/benchmark/verySmallSample/verySmall0/dbo_capacity-1011-smallest.csv
[]
NOT correct mapping: populationDensity - 
/Users/emiliakacprzak/Code/papers/semantification/benchmark/verySmallSample/verySmall0/dbo_populationDensity-265-smallest.csv
[]
NOT correct mapping: numberOfStudents - 
/Users/emiliakacprzak/Code/papers/semantification/benchmark/verySmallSample/verySmall0/dbo_numberOfStudents-432-smallest.csv
[]
NOT correct mapping: budget - 
/Users/emiliakacprzak/Code/papers/semantification/benchmark/verySmallSample/verySmall0/dbo_budget-933-smallest.csv
[]
NOT correct mapping: foundingYear - 
/Users/emiliakacprzak/Code/papers/semantification/benchmark/verySmallSample/verySmall0/dbo_foundingYear-247-smallest.csv
[]
NOT correct mapping: topSpeed - 
/Users/emiliakacprzak/Code/papers/semantification/benchmark/verySmallSample/verySmall0/dbo_topSpeed-864-smallest.csv
[]
NOT correct mapping: topSpeed - 
/Users/emiliakacprzak/Code/papers/semantification/benchmark/verySmallSample/verySmall0/dbo_topSpeed-863-smallest.csv
[]
NOT correct mapping: serviceEndYear - 
/Users/emiliakacprzak/Code/papers/semantification/benchmark/verySmallSample/verySmall0/dbo_serviceEndYear-722-smallest.csv
[]
NOT correct mapping: foundingYear - 
/Users/emiliakacprzak/Code/papers/semantification/benchmark/verySmallSample/verySmall0/dbo_foundingYear-240-smallest.csv
[]
NOT correct mapping: displacement - 
/Users/emiliakacprzak/Code/papers/semantification/benchmark/verySmallSample/verySmall0/dbo_displacement-804-smallest.csv
[]
NOT correct mapping: populationTotal - 
/Users/emiliakacprzak/Code/papers/semantification/benchmark/verySmallSample/verySmall0/dbo_populationTotal-55-smallest.csv
[]
NOT correct mapping: areaLand - 
/Users/emiliakacprzak/Code/papers/semantification/benchmark/verySmallSample/verySmall0/dbo_areaLand-300-smallest.csv
[]
NOT correct mapping: maximumElevation - 
/Users/emiliakacprzak/Code/papers/semantification/benchmark/verySmallSample/verySmall0/dbo_maximumElevation-394-smallest.csv
[]
NOT correct mapping: minimumElevation - 
/Users/emiliakacprzak/Code/papers/semantification/benchmark/verySmallSample/verySmall0/dbo_minimumElevation-409-smallest.csv
[]
NOT correct mapping: activeYearsEndYear - 
/Users/emiliakacprzak/Code/papers/semantification/benchmark/verySmallSample/verySmall0/dbo_activeYearsEndYear-192-smallest.csv
[]
NOT correct mapping: yearOfConstruction - 
/Users/emiliakacprzak/Code/papers/semantification/benchmark/verySmallSample/verySmall0/dbo_yearOfConstruction-376-smallest.csv
[]
NOT correct mapping: shipBeam - 
/Users/emiliakacprzak/Code/papers/semantification/benchmark/verySmallSample/verySmall0/dbo_shipBeam-591-smallest.csv
[]
NOT correct mapping: numberOfEpisodes - 
/Users/emiliakacprzak/Code/papers/semantification/benchmark/verySmallSample/verySmall0/dbo_numberOfEpisodes-543-smallest.csv
[]
NOT correct mapping: populationTotal - 
/Users/emiliakacprzak/Code/papers/semantification/benchmark/verySmallSample/verySmall0/dbo_populationTotal-64-smallest.csv
[]
NOT correct mapping: width - 
/Users/emiliakacprzak/Code/papers/semantification/benchmark/verySmallSample/verySmall0/dbo_width-1024-smallest.csv
[]
NOT correct mapping: draftYear - 
/Users/emiliakacprzak/Code/papers/semantification/benchmark/verySmallSample/verySmall0/dbo_draftYear-681-smallest.csv
[]
NOT correct mapping: width - 
/Users/emiliakacprzak/Code/papers/semantification/benchmark/verySmallSample/verySmall0/dbo_width-1023-smallest.csv
[]
NOT correct mapping: elevation - 
/Users/emiliakacprzak/Code/papers/semantification/benchmark/verySmallSample/verySmall0/dbo_elevation-127-smallest.csv
[]
NOT correct mapping: draftYear - 
/Users/emiliakacprzak/Code/papers/semantification/benchmark/verySmallSample/verySmall0/dbo_draftYear-679-smallest.csv
[]
NOT correct mapping: squadNumber - 
/Users/emiliakacprzak/Code/papers/semantification/benchmark/verySmallSample/verySmall0/dbo_squadNumber-154-smallest.csv
[]
NOT correct mapping: height - 
/Users/emiliakacprzak/Code/papers/semantification/benchmark/verySmallSample/verySmall0/dbo_height-163-smallest.csv
[]
NOT correct mapping: area - 
/Users/emiliakacprzak/Code/papers/semantification/benchmark/verySmallSample/verySmall0/dbo_area-321-smallest.csv
[]
NOT correct mapping: height - 
/Users/emiliakacprzak/Code/papers/semantification/benchmark/verySmallSample/verySmall0/dbo_height-164-smallest.csv
[]
NOT correct mapping: area - 
/Users/emiliakacprzak/Code/papers/semantification/benchmark/verySmallSample/verySmall0/dbo_area-326-smallest.csv
[]
NOT correct mapping: populationDensity - 
/Users/emiliakacprzak/Code/papers/semantification/benchmark/verySmallSample/verySmall0/dbo_populationDensity-253-smallest.csv
[]
NOT correct mapping: populationTotal - 
/Users/emiliakacprzak/Code/papers/semantification/benchmark/verySmallSample/verySmall0/dbo_populationTotal-76-smallest.csv
[]
NOT correct mapping: budget - 
/Users/emiliakacprzak/Code/papers/semantification/benchmark/verySmallSample/verySmall0/dbo_budget-936-smallest.csv
[]
NOT correct mapping: foundingYear - 
/Users/emiliakacprzak/Code/papers/semantification/benchmark/verySmallSample/verySmall0/dbo_foundingYear-242-smallest.csv
[]
NOT correct mapping: areaLand - 
/Users/emiliakacprzak/Code/papers/semantification/benchmark/verySmallSample/verySmall0/dbo_areaLand-298-smallest.csv
[]
NOT correct mapping: budget - 
/Users/emiliakacprzak/Code/papers/semantification/benchmark/verySmallSample/verySmall0/dbo_budget-931-smallest.csv
[]
NOT correct mapping: foundingYear - 
/Users/emiliakacprzak/Code/papers/semantification/benchmark/verySmallSample/verySmall0/dbo_foundingYear-245-smallest.csv
[]
NOT correct mapping: runwayLength - 
/Users/emiliakacprzak/Code/papers/semantification/benchmark/verySmallSample/verySmall0/dbo_runwayLength-492-smallest.csv
[]
NOT correct mapping: numberOfEmployees - 
/Users/emiliakacprzak/Code/papers/semantification/benchmark/verySmallSample/verySmall0/dbo_numberOfEmployees-712-smallest.csv
[]
NOT correct mapping: numberOfPages - 
/Users/emiliakacprzak/Code/papers/semantification/benchmark/verySmallSample/verySmall0/dbo_numberOfPages-604-smallest.csv
[]
NOT correct mapping: displacement - 
/Users/emiliakacprzak/Code/papers/semantification/benchmark/verySmallSample/verySmall0/dbo_displacement-813-smallest.csv
[]
NOT correct mapping: serviceStartYear - 
/Users/emiliakacprzak/Code/papers/semantification/benchmark/verySmallSample/verySmall0/dbo_serviceStartYear-674-smallest.csv
[]
NOT correct mapping: populationDensity - 
/Users/emiliakacprzak/Code/papers/semantification/benchmark/verySmallSample/verySmall0/dbo_populationDensity-267-smallest.csv
[]
NOT correct mapping: runwayLength - 
/Users/emiliakacprzak/Code/papers/semantification/benchmark/verySmallSample/verySmall0/dbo_runwayLength-487-smallest.csv
[]
NOT correct mapping: runtime - 
/Users/emiliakacprzak/Code/papers/semantification/benchmark/verySmallSample/verySmall0/dbo_runtime-98-smallest.csv
[]
NOT correct mapping: length - 
/Users/emiliakacprzak/Code/papers/semantification/benchmark/verySmallSample/verySmall0/dbo_length-318-smallest.csv
[]
NOT correct mapping: activeYearsEndYear - 
/Users/emiliakacprzak/Code/papers/semantification/benchmark/verySmallSample/verySmall0/dbo_activeYearsEndYear-197-smallest.csv
[]
NOT correct mapping: runwayLength - 
/Users/emiliakacprzak/Code/papers/semantification/benchmark/verySmallSample/verySmall0/dbo_runwayLength-508-smallest.csv
[]
NOT correct mapping: areaLand - 
/Users/emiliakacprzak/Code/papers/semantification/benchmark/verySmallSample/verySmall0/dbo_areaLand-305-smallest.csv
[]
NOT correct mapping: openingYear - 
/Users/emiliakacprzak/Code/papers/semantification/benchmark/verySmallSample/verySmall0/dbo_openingYear-389-smallest.csv
[]
NOT correct mapping: gross - 
/Users/emiliakacprzak/Code/papers/semantification/benchmark/verySmallSample/verySmall0/dbo_gross-947-smallest.csv
[]
NOT correct mapping: numberOfStudents - 
/Users/emiliakacprzak/Code/papers/semantification/benchmark/verySmallSample/verySmall0/dbo_numberOfStudents-425-smallest.csv
[]
NOT correct mapping: numberOfPages - 
/Users/emiliakacprzak/Code/papers/semantification/benchmark/verySmallSample/verySmall0/dbo_numberOfPages-616-smallest.csv
[]
NOT correct mapping: elevation - 
/Users/emiliakacprzak/Code/papers/semantification/benchmark/verySmallSample/verySmall0/dbo_elevation-125-smallest.csv
[]
NOT correct mapping: width - 
/Users/emiliakacprzak/Code/papers/semantification/benchmark/verySmallSample/verySmall0/dbo_width-1021-smallest.csv
[]
NOT correct mapping: elevation - 
/Users/emiliakacprzak/Code/papers/semantification/benchmark/verySmallSample/verySmall0/dbo_elevation-122-smallest.csv
[]
NOT correct mapping: yearOfConstruction - 
/Users/emiliakacprzak/Code/papers/semantification/benchmark/verySmallSample/verySmall0/dbo_yearOfConstruction-373-smallest.csv
[]
NOT correct mapping: draftYear - 
/Users/emiliakacprzak/Code/papers/semantification/benchmark/verySmallSample/verySmall0/dbo_draftYear-696-smallest.csv
[]
NOT correct mapping: activeYearsStartYear - 
/Users/emiliakacprzak/Code/papers/semantification/benchmark/verySmallSample/verySmall0/dbo_activeYearsStartYear-138-smallest.csv
[]
NOT correct mapping: populationTotal - 
/Users/emiliakacprzak/Code/papers/semantification/benchmark/verySmallSample/verySmall0/dbo_populationTotal-74-smallest.csv
[]
NOT correct mapping: elevation - 
/Users/emiliakacprzak/Code/papers/semantification/benchmark/verySmallSample/verySmall0/dbo_elevation-130-smallest.csv
[]
NOT correct mapping: area - 
/Users/emiliakacprzak/Code/papers/semantification/benchmark/verySmallSample/verySmall0/dbo_area-324-smallest.csv
[]
NOT correct mapping: height - 
/Users/emiliakacprzak/Code/papers/semantification/benchmark/verySmallSample/verySmall0/dbo_height-166-smallest.csv
[]
NOT correct mapping: area - 
/Users/emiliakacprzak/Code/papers/semantification/benchmark/verySmallSample/verySmall0/dbo_area-323-smallest.csv
[]
NOT correct mapping: squadNumber - 
/Users/emiliakacprzak/Code/papers/semantification/benchmark/verySmallSample/verySmall0/dbo_squadNumber-156-smallest.csv
[]
NOT correct mapping: height - 
/Users/emiliakacprzak/Code/papers/semantification/benchmark/verySmallSample/verySmall0/dbo_height-161-smallest.csv
[]
NOT correct mapping: numberOfSeasons - 
/Users/emiliakacprzak/Code/papers/semantification/benchmark/verySmallSample/verySmall0/dbo_numberOfSeasons-892-smallest.csv
[]
NOT correct mapping: populationTotal - 
/Users/emiliakacprzak/Code/papers/semantification/benchmark/verySmallSample/verySmall0/dbo_populationTotal-56-smallest.csv
[]
NOT correct mapping: length - 
/Users/emiliakacprzak/Code/papers/semantification/benchmark/verySmallSample/verySmall0/dbo_length-319-smallest.csv
[]
NOT correct mapping: activeYearsEndYear - 
/Users/emiliakacprzak/Code/papers/semantification/benchmark/verySmallSample/verySmall0/dbo_activeYearsEndYear-196-smallest.csv
[]
NOT correct mapping: maximumElevation - 
/Users/emiliakacprzak/Code/papers/semantification/benchmark/verySmallSample/verySmall0/dbo_maximumElevation-397-smallest.csv
[]
NOT correct mapping: runtime - 
/Users/emiliakacprzak/Code/papers/semantification/benchmark/verySmallSample/verySmall0/dbo_runtime-99-smallest.csv
[]
NOT correct mapping: activeYearsEndYear - 
/Users/emiliakacprzak/Code/papers/semantification/benchmark/verySmallSample/verySmall0/dbo_activeYearsEndYear-191-smallest.csv
[]
NOT correct mapping: displacement - 
/Users/emiliakacprzak/Code/papers/semantification/benchmark/verySmallSample/verySmall0/dbo_displacement-807-smallest.csv
[]
NOT correct mapping: populationDensity - 
/Users/emiliakacprzak/Code/papers/semantification/benchmark/verySmallSample/verySmall0/dbo_populationDensity-274-smallest.csv
[]
NOT correct mapping: runtime - 
/Users/emiliakacprzak/Code/papers/semantification/benchmark/verySmallSample/verySmall0/dbo_runtime-119-smallest.csv
[]
NOT correct mapping: openingYear - 
/Users/emiliakacprzak/Code/papers/semantification/benchmark/verySmallSample/verySmall0/dbo_openingYear-388-smallest.csv
[]
NOT correct mapping: foundingYear - 
/Users/emiliakacprzak/Code/papers/semantification/benchmark/verySmallSample/verySmall0/dbo_foundingYear-244-smallest.csv
[]
NOT correct mapping: areaLand - 
/Users/emiliakacprzak/Code/papers/semantification/benchmark/verySmallSample/verySmall0/dbo_areaLand-299-smallest.csv
[]
NOT correct mapping: capacity - 
/Users/emiliakacprzak/Code/papers/semantification/benchmark/verySmallSample/verySmall0/dbo_capacity-989-smallest.csv
[]
NOT correct mapping: foundingYear - 
/Users/emiliakacprzak/Code/papers/semantification/benchmark/verySmallSample/verySmall0/dbo_foundingYear-243-smallest.csv
[]
NOT correct mapping: numberOfStudents - 
/Users/emiliakacprzak/Code/papers/semantification/benchmark/verySmallSample/verySmall0/dbo_numberOfStudents-464-smallest.csv
[]
NOT correct mapping: serviceStartYear - 
/Users/emiliakacprzak/Code/papers/semantification/benchmark/verySmallSample/verySmall0/dbo_serviceStartYear-672-smallest.csv
[]
NOT correct mapping: populationDensity - 
/Users/emiliakacprzak/Code/papers/semantification/benchmark/verySmallSample/verySmall0/dbo_populationDensity-266-smallest.csv
[]
NOT correct mapping: serviceStartYear - 
/Users/emiliakacprzak/Code/papers/semantification/benchmark/verySmallSample/verySmall0/dbo_serviceStartYear-675-smallest.csv
[]
NOT correct mapping: elevation - 
/Users/emiliakacprzak/Code/papers/semantification/benchmark/verySmallSample/verySmall0/dbo_elevation-131-smallest.csv
[]
NOT correct mapping: activeYearsStartYear - 
/Users/emiliakacprzak/Code/papers/semantification/benchmark/verySmallSample/verySmall0/dbo_activeYearsStartYear-139-smallest.csv
[]
NOT correct mapping: populationTotal - 
/Users/emiliakacprzak/Code/papers/semantification/benchmark/verySmallSample/verySmall0/dbo_populationTotal-75-smallest.csv
[]
NOT correct mapping: height - 
/Users/emiliakacprzak/Code/papers/semantification/benchmark/verySmallSample/verySmall0/dbo_height-160-smallest.csv
[]
NOT correct mapping: populationDensity - 
/Users/emiliakacprzak/Code/papers/semantification/benchmark/verySmallSample/verySmall0/dbo_populationDensity-257-smallest.csv
[]
NOT correct mapping: area - 
/Users/emiliakacprzak/Code/papers/semantification/benchmark/verySmallSample/verySmall0/dbo_area-322-smallest.csv
[]
NOT correct mapping: height - 
/Users/emiliakacprzak/Code/papers/semantification/benchmark/verySmallSample/verySmall0/dbo_height-167-smallest.csv
[]
NOT correct mapping: squadNumber - 
/Users/emiliakacprzak/Code/papers/semantification/benchmark/verySmallSample/verySmall0/dbo_squadNumber-150-smallest.csv
[]
NOT correct mapping: numberOfEpisodes - 
/Users/emiliakacprzak/Code/papers/semantification/benchmark/verySmallSample/verySmall0/dbo_numberOfEpisodes-552-smallest.csv
[]
NOT correct mapping: areaWater - 
/Users/emiliakacprzak/Code/papers/semantification/benchmark/verySmallSample/verySmall0/dbo_areaWater-369-smallest.csv
[]
NOT correct mapping: elevation - 
/Users/emiliakacprzak/Code/papers/semantification/benchmark/verySmallSample/verySmall0/dbo_elevation-123-smallest.csv
[]
NOT correct mapping: elevation - 
/Users/emiliakacprzak/Code/papers/semantification/benchmark/verySmallSample/verySmall0/dbo_elevation-124-smallest.csv
[]
NOT correct mapping: yearOfConstruction - 
/Users/emiliakacprzak/Code/papers/semantification/benchmark/verySmallSample/verySmall0/dbo_yearOfConstruction-375-smallest.csv
[]
NOT correct mapping: shipBeam - 
/Users/emiliakacprzak/Code/papers/semantification/benchmark/verySmallSample/verySmall0/dbo_shipBeam-592-smallest.csv
[]
NOT correct mapping: deathYear - 
/Users/emiliakacprzak/Code/papers/semantification/benchmark/verySmallSample/verySmall0/dbo_deathYear-39-smallest.csv
[]
NOT correct mapping: squadNumber - 
/Users/emiliakacprzak/Code/papers/semantification/benchmark/verySmallSample/verySmall0/dbo_squadNumber-142-smallest.csv
[]
NOT correct mapping: elevation - 
/Users/emiliakacprzak/Code/papers/semantification/benchmark/verySmallSample/verySmall0/dbo_elevation-129-smallest.csv
[]
NOT correct mapping: draftYear - 
/Users/emiliakacprzak/Code/papers/semantification/benchmark/verySmallSample/verySmall0/dbo_draftYear-700-smallest.csv
[]
NOT correct mapping: squadNumber - 
/Users/emiliakacprzak/Code/papers/semantification/benchmark/verySmallSample/verySmall0/dbo_squadNumber-148-smallest.csv
[]
NOT correct mapping: yearOfConstruction - 
/Users/emiliakacprzak/Code/papers/semantification/benchmark/verySmallSample/verySmall0/dbo_yearOfConstruction-378-smallest.csv
[]
NOT correct mapping: year - 
/Users/emiliakacprzak/Code/papers/semantification/benchmark/verySmallSample/verySmall0/dbo_year-420-smallest.csv
[]
NOT correct mapping: weight - 
/Users/emiliakacprzak/Code/papers/semantification/benchmark/verySmallSample/verySmall0/dbo_weight-281-smallest.csv
[]
NOT correct mapping: yearOfConstruction - 
/Users/emiliakacprzak/Code/papers/semantification/benchmark/verySmallSample/verySmall0/dbo_yearOfConstruction-380-smallest.csv
[]
NOT correct mapping: weight - 
/Users/emiliakacprzak/Code/papers/semantification/benchmark/verySmallSample/verySmall0/dbo_weight-279-smallest.csv
[]
NOT correct mapping: weight - 
/Users/emiliakacprzak/Code/papers/semantification/benchmark/verySmallSample/verySmall0/dbo_weight-286-smallest.csv
[]
NOT correct mapping: activeYearsStartYear - 
/Users/emiliakacprzak/Code/papers/semantification/benchmark/verySmallSample/verySmall0/dbo_activeYearsStartYear-134-smallest.csv
[]
NOT correct mapping: activeYearsStartYear - 
/Users/emiliakacprzak/Code/papers/semantification/benchmark/verySmallSample/verySmall0/dbo_activeYearsStartYear-133-smallest.csv
[]
NOT correct mapping: areaWater - 
/Users/emiliakacprzak/Code/papers/semantification/benchmark/verySmallSample/verySmall0/dbo_areaWater-363-smallest.csv
[]
NOT correct mapping: areaWater - 
/Users/emiliakacprzak/Code/papers/semantification/benchmark/verySmallSample/verySmall0/dbo_areaWater-364-smallest.csv
[]
NOT correct mapping: formationYear - 
/Users/emiliakacprzak/Code/papers/semantification/benchmark/verySmallSample/verySmall0/dbo_formationYear-822-smallest.csv
[]
NOT correct mapping: runwayLength - 
/Users/emiliakacprzak/Code/papers/semantification/benchmark/verySmallSample/verySmall0/dbo_runwayLength-516-smallest.csv
[]
NOT correct mapping: maximumElevation - 
/Users/emiliakacprzak/Code/papers/semantification/benchmark/verySmallSample/verySmall0/dbo_maximumElevation-401-smallest.csv
[]
NOT correct mapping: runtime - 
/Users/emiliakacprzak/Code/papers/semantification/benchmark/verySmallSample/verySmall0/dbo_runtime-106-smallest.csv
[]
NOT correct mapping: gross - 
/Users/emiliakacprzak/Code/papers/semantification/benchmark/verySmallSample/verySmall0/dbo_gross-959-smallest.csv
[]
NOT correct mapping: deathYear - 
/Users/emiliakacprzak/Code/papers/semantification/benchmark/verySmallSample/verySmall0/dbo_deathYear-42-smallest.csv
[]
NOT correct mapping: runtime - 
/Users/emiliakacprzak/Code/papers/semantification/benchmark/verySmallSample/verySmall0/dbo_runtime-101-smallest.csv
[]
NOT correct mapping: areaTotal - 
/Users/emiliakacprzak/Code/papers/semantification/benchmark/verySmallSample/verySmall0/dbo_areaTotal-181-smallest.csv
[]
NOT correct mapping: length - 
/Users/emiliakacprzak/Code/papers/semantification/benchmark/verySmallSample/verySmall0/dbo_length-314-smallest.csv
[]
NOT correct mapping: minimumElevation - 
/Users/emiliakacprzak/Code/papers/semantification/benchmark/verySmallSample/verySmall0/dbo_minimumElevation-407-smallest.csv
[]
NOT correct mapping: length - 
/Users/emiliakacprzak/Code/papers/semantification/benchmark/verySmallSample/verySmall0/dbo_length-313-smallest.csv
[]
NOT correct mapping: areaTotal - 
/Users/emiliakacprzak/Code/papers/semantification/benchmark/verySmallSample/verySmall0/dbo_areaTotal-179-smallest.csv
[]
NOT correct mapping: areaTotal - 
/Users/emiliakacprzak/Code/papers/semantification/benchmark/verySmallSample/verySmall0/dbo_areaTotal-186-smallest.csv
[]
NOT correct mapping: budget - 
/Users/emiliakacprzak/Code/papers/semantification/benchmark/verySmallSample/verySmall0/dbo_budget-928-smallest.csv
[]
NOT correct mapping: capacity - 
/Users/emiliakacprzak/Code/papers/semantification/benchmark/verySmallSample/verySmall0/dbo_capacity-996-smallest.csv
[]
NOT correct mapping: year - 
/Users/emiliakacprzak/Code/papers/semantification/benchmark/verySmallSample/verySmall0/dbo_year-416-smallest.csv
[]
NOT correct mapping: activeYearsStartYear - 
/Users/emiliakacprzak/Code/papers/semantification/benchmark/verySmallSample/verySmall0/dbo_activeYearsStartYear-132-smallest.csv
[]
NOT correct mapping: populationTotal - 
/Users/emiliakacprzak/Code/papers/semantification/benchmark/verySmallSample/verySmall0/dbo_populationTotal-79-smallest.csv
[]
NOT correct mapping: activeYearsStartYear - 
/Users/emiliakacprzak/Code/papers/semantification/benchmark/verySmallSample/verySmall0/dbo_activeYearsStartYear-135-smallest.csv
[]
NOT correct mapping: areaWater - 
/Users/emiliakacprzak/Code/papers/semantification/benchmark/verySmallSample/verySmall0/dbo_areaWater-365-smallest.csv
[]
NOT correct mapping: area - 
/Users/emiliakacprzak/Code/papers/semantification/benchmark/verySmallSample/verySmall0/dbo_area-329-smallest.csv
[]
NOT correct mapping: areaWater - 
/Users/emiliakacprzak/Code/papers/semantification/benchmark/verySmallSample/verySmall0/dbo_areaWater-362-smallest.csv
[]
NOT correct mapping: draftYear - 
/Users/emiliakacprzak/Code/papers/semantification/benchmark/verySmallSample/verySmall0/dbo_draftYear-689-smallest.csv
[]
NOT correct mapping: weight - 
/Users/emiliakacprzak/Code/papers/semantification/benchmark/verySmallSample/verySmall0/dbo_weight-287-smallest.csv
[]
NOT correct mapping: weight - 
/Users/emiliakacprzak/Code/papers/semantification/benchmark/verySmallSample/verySmall0/dbo_weight-278-smallest.csv
[]
NOT correct mapping: yearOfConstruction - 
/Users/emiliakacprzak/Code/papers/semantification/benchmark/verySmallSample/verySmall0/dbo_yearOfConstruction-381-smallest.csv
[]
NOT correct mapping: shipBeam - 
/Users/emiliakacprzak/Code/papers/semantification/benchmark/verySmallSample/verySmall0/dbo_shipBeam-599-smallest.csv
[]
NOT correct mapping: weight - 
/Users/emiliakacprzak/Code/papers/semantification/benchmark/verySmallSample/verySmall0/dbo_weight-280-smallest.csv
[]
NOT correct mapping: squadNumber - 
/Users/emiliakacprzak/Code/papers/semantification/benchmark/verySmallSample/verySmall0/dbo_squadNumber-149-smallest.csv
[]
NOT correct mapping: minimumElevation - 
/Users/emiliakacprzak/Code/papers/semantification/benchmark/verySmallSample/verySmall0/dbo_minimumElevation-406-smallest.csv
[]
NOT correct mapping: areaTotal - 
/Users/emiliakacprzak/Code/papers/semantification/benchmark/verySmallSample/verySmall0/dbo_areaTotal-187-smallest.csv
[]
NOT correct mapping: length - 
/Users/emiliakacprzak/Code/papers/semantification/benchmark/verySmallSample/verySmall0/dbo_length-312-smallest.csv
[]
NOT correct mapping: areaTotal - 
/Users/emiliakacprzak/Code/papers/semantification/benchmark/verySmallSample/verySmall0/dbo_areaTotal-178-smallest.csv
[]
NOT correct mapping: runtime - 
/Users/emiliakacprzak/Code/papers/semantification/benchmark/verySmallSample/verySmall0/dbo_runtime-92-smallest.csv
[]
NOT correct mapping: length - 
/Users/emiliakacprzak/Code/papers/semantification/benchmark/verySmallSample/verySmall0/dbo_length-315-smallest.csv
[]
NOT correct mapping: areaTotal - 
/Users/emiliakacprzak/Code/papers/semantification/benchmark/verySmallSample/verySmall0/dbo_areaTotal-180-smallest.csv
[]
NOT correct mapping: numberOfPages - 
/Users/emiliakacprzak/Code/papers/semantification/benchmark/verySmallSample/verySmall0/dbo_numberOfPages-649-smallest.csv
[]
NOT correct mapping: numberOfGoals - 
/Users/emiliakacprzak/Code/papers/semantification/benchmark/verySmallSample/verySmall0/dbo_numberOfGoals-10-smallest.csv
[]
NOT correct mapping: activeYearsEndYear - 
/Users/emiliakacprzak/Code/papers/semantification/benchmark/verySmallSample/verySmall0/dbo_activeYearsEndYear-188-smallest.csv
[]
NOT correct mapping: maximumElevation - 
/Users/emiliakacprzak/Code/papers/semantification/benchmark/verySmallSample/verySmall0/dbo_maximumElevation-400-smallest.csv
[]
NOT correct mapping: openingYear - 
/Users/emiliakacprzak/Code/papers/semantification/benchmark/verySmallSample/verySmall0/dbo_openingYear-391-smallest.csv
[]
 OVERAL ANALYSIS: 
top 1 correctly labelled: 0
top 3 correctly labelled: 0
top X correctly labelled: 0
total: 243
99, -1
63, -1
9, -1
300, -1
300, -1
6, -1
300, -1
105, -1
48, -1
300, -1
21, -1
84, -1
189, -1
300, -1
300, -1
300, -1
6, -1
102, -1
90, -1
300, -1
108, -1
15, -1
12, -1
300, -1
24, -1
300, -1
18, -1
300, -1
300, -1
36, -1
18, -1
300, -1
300, -1
6, -1
300, -1
39, -1
300, -1
300, -1
300, -1
27, -1
6, -1
300, -1
105, -1
93, -1
24, -1
300, -1
300, -1
300, -1
90, -1
18, -1
15, -1
300, -1
108, -1
300, -1
6, -1
42, -1
300, -1
204, -1
87, -1
300, -1
300, -1
15, -1
102, -1
72, -1
27, -1
6, -1
300, -1
12, -1
21, -1
300, -1
18, -1
171, -1
24, -1
300, -1
30, -1
6, -1
300, -1
84, -1
51, -1
9, -1
300, -1
33, -1
300, -1
300, -1
48, -1
48, -1
12, -1
99, -1
6, -1
33, -1
300, -1
300, -1
24, -1
33, -1
300, -1
300, -1
6, -1
300, -1
6, -1
300, -1
168, -1
6, -1
21, -1
33, -1
9, -1
6, -1
108, -1
9, -1
87, -1
231, -1
42, -1
36, -1
180, -1
300, -1
162, -1
75, -1
18, -1
18, -1
111, -1
300, -1
18, -1
48, -1
300, -1
30, -1
9, -1
9, -1
300, -1
300, -1
6, -1
33, -1
255, -1
9, -1
300, -1
300, -1
270, -1
300, -1
300, -1
75, -1
300, -1
243, -1
6, -1
300, -1
21, -1
300, -1
18, -1
9, -1
45, -1
300, -1
207, -1
300, -1
96, -1
300, -1
6, -1
27, -1
300, -1
78, -1
198, -1
15, -1
15, -1
9, -1
6, -1
6, -1
300, -1
6, -1
12, -1
45, -1
300, -1
33, -1
87, -1
36, -1
300, -1
300, -1
81, -1
33, -1
282, -1
300, -1
75, -1
15, -1
15, -1
51, -1
21, -1
9, -1
300, -1
300, -1
300, -1
12, -1
6, -1
30, -1
15, -1
300, -1
180, -1
300, -1
12, -1
102, -1
288, -1
6, -1
15, -1
63, -1
300, -1
21, -1
300, -1
300, -1
15, -1
300, -1
30, -1
6, -1
300, -1
24, -1
6, -1
18, -1
300, -1
15, -1
6, -1
300, -1
210, -1
27, -1
300, -1
6, -1
75, -1
294, -1
300, -1
111, -1
84, -1
300, -1
300, -1
54, -1
15, -1
39, -1
300, -1
9, -1
27, -1
27, -1
300, -1
42, -1
300, -1
15, -1
300, -1
300, -1
300, -1
24, -1
33, -1
12, -1
48, -1
Size: verySmall Deviation: 5
