Large 0
avg 1: 159 score: 64.6341463415
avg 3: 198 score: 80.487804878
maj 1: 105 score: 42.6829268293
maj 3: 196 score: 79.674796748
all: 246
Large 5
avg 1: 138 score: 56.0975609756
avg 3: 165 score: 67.0731707317
maj 1: 86 score: 34.9593495935
maj 3: 163 score: 66.2601626016
all: 246
Large 10
avg 1: 131 score: 53.2520325203
avg 3: 162 score: 65.8536585366
maj 1: 84 score: 34.1463414634
maj 3: 157 score: 63.8211382114
all: 246
Large 15
avg 1: 124 score: 50.406504065
avg 3: 155 score: 63.0081300813
maj 1: 73 score: 29.674796748
maj 3: 153 score: 62.1951219512
all: 246


Medium 0
avg 1: 151 score: 61.3821138211
avg 3: 201 score: 81.7073170732
maj 1: 98 score: 39.837398374
maj 3: 194 score: 78.8617886179
all: 246
Medium 5
avg 1: 124 score: 50.406504065
avg 3: 166 score: 67.4796747967
maj 1: 83 score: 33.7398373984
maj 3: 168 score: 68.2926829268
all: 246
Medium 10
avg 1: 124 score: 50.406504065
avg 3: 163 score: 66.2601626016
maj 1: 79 score: 32.1138211382
maj 3: 163 score: 66.2601626016
all: 246
Medium 15
avg 1: 119 score: 48.3739837398
avg 3: 154 score: 62.6016260163
maj 1: 77 score: 31.3008130081
maj 3: 152 score: 61.7886178862
all: 246


Small 0
avg 1: 133 score: 54.0650406504
avg 3: 183 score: 74.3902439024
maj 1: 98 score: 39.837398374
maj 3: 184 score: 74.7967479675
all: 246
Small 5
avg 1: 115 score: 46.7479674797
avg 3: 155 score: 63.0081300813
maj 1: 83 score: 33.7398373984
maj 3: 156 score: 63.4146341463
all: 246
Small 10
avg 1: 109 score: 44.3089430894
avg 3: 152 score: 61.7886178862
maj 1: 79 score: 32.1138211382
maj 3: 152 score: 61.7886178862
all: 246
Small 15
avg 1: 103 score: 41.8699186992
avg 3: 157 score: 63.8211382114
maj 1: 72 score: 29.2682926829
maj 3: 151 score: 61.3821138211
all: 246


VerySmall 0
avg 1: 90 score: 36.5853658537
avg 3: 151 score: 61.3821138211
maj 1: 79 score: 32.1138211382
maj 3: 151 score: 61.3821138211
all: 246
VerySmall 5
avg 1: 91 score: 36.9918699187
avg 3: 129 score: 52.4390243902
maj 1: 71 score: 28.8617886179
maj 3: 126 score: 51.2195121951
all: 246
VerySmall 10
avg 1: 93 score: 37.8048780488
avg 3: 130 score: 52.8455284553
maj 1: 75 score: 30.487804878
maj 3: 131 score: 53.2520325203
all: 246
VerySmall 15
avg 1: 92 score: 37.3983739837
avg 3: 137 score: 55.6910569106
maj 1: 74 score: 30.081300813
maj 3: 132 score: 53.6585365854
all: 246
