1:  dbo_length-314-medium.csv - 18.7268300056
2:  dbo_weight-284-medium.csv - 15.3746261597
3:  dbo_budget-927-medium.csv - 13.8171980381
4:  dbo_foundingYear-245-medium.csv - 11.7825319767
5:  dbo_height-164-medium.csv - 17.3870029449
6:  dbo_weight-278-medium.csv - 7.93403601646
7:  dbo_budget-936-medium.csv - 9.91152882576
8:  dbo_elevation-130-medium.csv - 20.2664840221
9:  dbo_gross-947-medium.csv - 14.4435489178
10:  dbo_draftYear-702-medium.csv - 19.5574250221
11:  dbo_weight-281-medium.csv - 19.6228730679
12:  dbo_numberOfPages-649-medium.csv - 9.10208415985
13:  dbo_serviceEndYear-722-medium.csv - 9.97714304924
14:  dbo_foundingYear-242-medium.csv - 6.5407371521
15:  dbo_populationDensity-267-medium.csv - 18.6148560047
16:  dbo_activeYearsEndYear-194-medium.csv - 12.3702290058
17:  dbo_displacement-804-medium.csv - 11.8231549263
18:  dbo_length-319-medium.csv - 19.4373488426
19:  dbo_runtime-99-medium.csv - 9.87906813622
20:  dbo_area-329-medium.csv - 7.43631696701
21:  dbo_displacement-807-medium.csv - 6.71909308434
22:  dbo_yearOfConstruction-380-medium.csv - 9.37295603752
23:  dbo_numberOfEpisodes-552-medium.csv - 9.98895597458
24:  dbo_numberOfGoals-14-medium.csv - 8.13786697388
25:  dbo_height-158-medium.csv - 16.8014059067
26:  dbo_areaTotal-181-medium.csv - 13.8948819637
27:  dbo_weight-279-medium.csv - 11.7360100746
28:  dbo_activeYearsStartYear-135-medium.csv - 19.7388961315
29:  dbo_numberOfGoals-19-medium.csv - 6.87039780617
30:  dbo_areaTotal-184-medium.csv - 14.7588229179
31:  dbo_maximumElevation-399-medium.csv - 21.2160298824
32:  dbo_runtime-119-medium.csv - 8.20866107941
33:  dbo_populationTotal-79-medium.csv - 18.3904159069
34:  dbo_height-161-medium.csv - 15.416932106
35:  dbo_minimumElevation-411-medium.csv - 14.1855669022
36:  dbo_numberOfStudents-464-medium.csv - 13.4831819534
37:  dbo_squadNumber-142-medium.csv - 13.5835549831
38:  dbo_capacity-989-medium.csv - 10.4120218754
39:  dbo_length-318-medium.csv - 18.439895153
40:  dbo_yearOfConstruction-376-medium.csv - 9.12174105644
41:  dbo_activeYearsEndYear-188-medium.csv - 13.8877229691
42:  dbo_minimumElevation-409-medium.csv - 15.6653881073
43:  dbo_areaLand-305-medium.csv - 20.2516641617
44:  dbo_capacity-1011-medium.csv - 10.3319370747
45:  dbo_populationDensity-258-medium.csv - 13.5761101246
46:  dbo_openingYear-392-medium.csv - 11.4439511299
47:  dbo_budget-933-medium.csv - 8.17404508591
48:  dbo_area-324-medium.csv - 16.4140059948
49:  dbo_runtime-120-medium.csv - 13.5870621204
50:  dbo_runwayLength-492-medium.csv - 14.7707929611
51:  dbo_numberOfGoals-10-medium.csv - 6.86038517952
52:  dbo_runwayLength-508-medium.csv - 19.9596199989
53:  dbo_runwayLength-516-medium.csv - 22.4335968494
54:  dbo_minimumElevation-410-medium.csv - 20.420678854
55:  dbo_numberOfPages-604-medium.csv - 9.53340506554
56:  dbo_year-419-medium.csv - 9.16990399361
57:  dbo_height-166-medium.csv - 10.8814899921
58:  dbo_topSpeed-863-medium.csv - 11.3558862209
59:  dbo_populationDensity-266-medium.csv - 22.6748549938
60:  dbo_activeYearsEndYear-191-medium.csv - 14.5285961628
61:  dbo_populationTotal-64-medium.csv - 13.7745659351
62:  dbo_activeYearsStartYear-141-medium.csv - 15.7131440639
63:  dbo_topSpeed-864-medium.csv - 11.3330459595
64:  dbo_minimumElevation-406-medium.csv - 6.18198299408
65:  dbo_areaTotal-182-medium.csv - 15.9811770916
66:  dbo_deathYear-47-medium.csv - 10.4292919636
67:  dbo_areaLand-298-medium.csv - 26.2740898132
68:  dbo_deathYear-39-medium.csv - 12.2851951122
69:  dbo_width-1022-medium.csv - 17.4376180172
70:  dbo_numberOfSeasons-906-medium.csv - 6.13267397881
71:  dbo_budget-932-medium.csv - 12.5794939995
72:  dbo_deathYear-42-medium.csv - 13.9094569683
73:  dbo_year-422-medium.csv - 10.6216800213
74:  dbo_numberOfEpisodes-548-medium.csv - 12.1539609432
75:  dbo_yearOfConstruction-378-medium.csv - 9.81975197792
76:  dbo_activeYearsStartYear-133-medium.csv - 11.428745985
77:  dbo_length-310-medium.csv - 18.2340137959
78:  dbo_runtime-108-medium.csv - 7.62183904648
79:  dbo_areaLand-297-medium.csv - 24.1810269356
80:  dbo_areaTotal-186-medium.csv - 17.6681420803
81:  dbo_areaTotal-183-medium.csv - 19.5836951733
82:  dbo_length-313-medium.csv - 7.99300193787
83:  dbo_foundingYear-241-medium.csv - 15.9252851009
84:  dbo_areaTotal-180-medium.csv - 26.6062300205
85:  dbo_length-317-medium.csv - 10.6788990498
86:  dbo_runwayLength-491-medium.csv - 14.3696210384
87:  dbo_width-1024-medium.csv - 12.0928618908
88:  dbo_elevation-122-medium.csv - 14.8393189907
89:  dbo_gross-956-medium.csv - 14.3113708496
90:  dbo_areaTotal-185-medium.csv - 15.8719291687
91:  dbo_areaWater-357-medium.csv - 31.9939010143
92:  dbo_areaLand-301-medium.csv - 17.2209479809
93:  dbo_populationDensity-259.csv.results-medium.csv - 10.440762043
94:  dbo_openingYear-388-medium.csv - 15.2552740574
95:  dbo_runwayLength-512-medium.csv - 20.8500208855
96:  dbo_numberOfStudents-439-medium.csv - 13.5876970291
97:  dbo_runtime-109-medium.csv - 12.6049611568
98:  dbo_populationDensity-274-medium.csv - 9.97829794884
99:  dbo_elevation-125-medium.csv - 19.9092690945
100:  dbo_yearOfConstruction-375-medium.csv - 10.3899190426
101:  dbo_weight-280-medium.csv - 8.46490502357
102:  dbo_populationDensity-268-medium.csv - 29.7435641289
103:  dbo_runtime-98-medium.csv - 13.8295800686
104:  dbo_populationDensity-257-medium.csv - 13.7890470028
105:  dbo_serviceEndYear-731-medium.csv - 12.3069849014
106:  dbo_number-345.csv.results-medium.csv - 18.9961950779
107:  dbo_draftYear-689-medium.csv - 15.8151688576
108:  dbo_area-322-medium.csv - 15.4922728539
109:  dbo_height-165-medium.csv - 15.4973258972
110:  dbo_numberOfSeasons-892-medium.csv - 14.0491080284
111:  dbo_openingYear-390-medium.csv - 10.2139029503
112:  dbo_elevation-127-medium.csv - 13.3457801342
113:  dbo_weight-285-medium.csv - 13.7143468857
114:  dbo_draftYear-680-medium.csv - 14.7860281467
115:  dbo_openingYear-386.csv.results-medium.csv - 22.0500710011
116:  dbo_minimumElevation-403-medium.csv - 13.1953179836
117:  dbo_gross-960-medium.csv - 12.305672884
118:  dbo_areaWater-365-medium.csv - 15.5778360367
119:  dbo_squadNumber-154-medium.csv - 38.768889904
120:  dbo_areaWater-367-medium.csv - 15.8772518635
121:  dbo_populationTotal-55-medium.csv - 22.3417539597
122:  dbo_areaWater-363-medium.csv - 27.0944170952
123:  dbo_draftYear-696-medium.csv - 11.5514309406
124:  dbo_length-316-medium.csv - 14.5537610054
125:  dbo_activeYearsEndYear-192-medium.csv - 13.7308819294
126:  dbo_maximumElevation-398-medium.csv - 14.6582231522
127:  dbo_numberOfPages-616-medium.csv - 6.06915903091
128:  dbo_numberOfEpisodes-526.csv.results-medium.csv - 22.9523668289
129:  dbo_area-323-medium.csv - 9.35960888863
130:  dbo_openingYear-391-medium.csv - 12.5691487789
131:  dbo_yearOfConstruction-382-medium.csv - 15.3496539593
132:  dbo_populationDensity-252-medium.csv - 28.4076290131
133:  dbo_displacement-813-medium.csv - 6.51174402237
134:  dbo_areaWater-356-medium.csv - 16.4616770744
135:  dbo_populationTotal-75-medium.csv - 19.4584021568
136:  dbo_serviceEndYear-724-medium.csv - 9.97076702118
137:  dbo_height-163-medium.csv - 7.58487915993
138:  dbo_openingYear-389-medium.csv - 16.9511368275
139:  dbo_length-312-medium.csv - 14.3485369682
140:  dbo_width-1018-medium.csv - 18.0537760258
141:  dbo_areaTotal-179-medium.csv - 19.7240200043
142:  dbo_numberOfStudents-425-medium.csv - 14.2863049507
143:  dbo_budget-928-medium.csv - 14.4317660332
144:  dbo_activeYearsStartYear-136-medium.csv - 16.0992119312
145:  dbo_minimumElevation-408-medium.csv - 20.9820361137
146:  dbo_foundingYear-247-medium.csv - 9.90197110176
147:  dbo_areaTotal-187-medium.csv - 31.2295439243
148:  dbo_maximumElevation-397-medium.csv - 14.3502361774
149:  dbo_populationDensity-253-medium.csv - 17.249876976
150:  dbo_height-159-medium.csv - 12.1080670357
151:  dbo_numberOfEmployees-712-medium.csv - 15.940103054
152:  dbo_areaLand-300-medium.csv - 22.6708760262
153:  dbo_runwayLength-500-medium.csv - 20.4223101139
154:  dbo_areaTotal-178-medium.csv - 20.4963572025
155:  dbo_maximumElevation-395-medium.csv - 14.8845880032
156:  dbo_weight-287-medium.csv - 11.3218111992
157:  dbo_runtime-104-medium.csv - 9.28252696991
158:  dbo_yearOfConstruction-373-medium.csv - 6.3292131424
159:  dbo_height-167-medium.csv - 7.67104196548
160:  dbo_populationTotal-74-medium.csv - 17.9952700138
161:  dbo_activeYearsStartYear-140-medium.csv - 12.5764391422
162:  dbo_numberOfEpisodes-543-medium.csv - 9.33696603775
163:  dbo_areaLand-299-medium.csv - 29.2757408619
164:  dbo_minimumElevation-404-medium.csv - 15.7654349804
165:  dbo_elevation-126-medium.csv - 13.9009070396
166:  dbo_foundingYear-243-medium.csv - 12.5632841587
167:  dbo_shipBeam-599-medium.csv - 10.7858929634
168:  dbo_populationTotal-54-medium.csv - 18.3838799
169:  dbo_minimumElevation-405-medium.csv - 21.318985939
170:  dbo_gross-959-medium.csv - 12.1312849522
171:  dbo_runtime-106-medium.csv - 8.14407610893
172:  dbo_activeYearsEndYear-197-medium.csv - 19.2405941486
173:  dbo_height-160-medium.csv - 14.8474640846
174:  dbo_year-414-medium.csv - 10.3209290504
175:  dbo_populationDensity-269-medium.csv - 17.050301075
176:  dbo_numberOfStudents-432-medium.csv - 14.5805618763
177:  dbo_areaLand-290-medium.csv - 16.2428729534
178:  dbo_minimumElevation-407-medium.csv - 14.0215148926
179:  dbo_serviceStartYear-674-medium.csv - 11.872273922
180:  dbo_runtime-103-medium.csv - 9.92483091354
181:  dbo_populationTotal-76-medium.csv - 16.1614830494
182:  dbo_openingYear-387-medium.csv - 6.2871670723
183:  dbo_areaWater-369-medium.csv - 28.0530209541
184:  dbo_formationYear-822-medium.csv - 9.86557221413
185:  dbo_openingYear-383-medium.csv - 18.2190010548
186:  dbo_maximumElevation-400-medium.csv - 11.3912911415
187:  dbo_length-315-medium.csv - 16.3052318096
188:  dbo_runtime-92-medium.csv - 6.28022694588
189:  dbo_elevation-131-medium.csv - 11.5684158802
190:  dbo_year-420-medium.csv - 7.85027503967
191:  dbo_activeYearsStartYear-139-medium.csv - 18.3856520653
192:  dbo_budget-931-medium.csv - 6.31198215485
193:  dbo_area-326-medium.csv - 13.999078989
194:  dbo_weight-286-medium.csv - 14.3195998669
195:  dbo_runwayLength-487-medium.csv - 14.575056076
196:  dbo_activeYearsEndYear-193-medium.csv - 17.0940489769
197:  dbo_foundingYear-244-medium.csv - 15.7116119862
198:  dbo_activeYearsStartYear-138-medium.csv - 14.017113924
199:  dbo_areaWater-362-medium.csv - 23.8688180447
200:  dbo_area-321-medium.csv - 7.04897093773
201:  dbo_shipBeam-591-medium.csv - 9.21642303467
202:  dbo_populationTotal-56-medium.csv - 14.4492249489
203:  dbo_yearOfConstruction-381-medium.csv - 10.3535819054
204:  dbo_weight-283-medium.csv - 15.1501309872
205:  dbo_populationDensity-267.csv.results-medium.csv - 10.1480259895
206:  dbo_weight-282-medium.csv - 14.1592309475
207:  dbo_shipBeam-592-medium.csv - 9.64868092537
208:  dbo_maximumElevation-394-medium.csv - 13.1758978367
209:  dbo_length-311-medium.csv - 10.1141438484
210:  dbo_draftYear-681-medium.csv - 17.7530510426
211:  dbo_budget-935-medium.csv - 9.2524740696
212:  dbo_maximumElevation-401-medium.csv - 11.5231461525
213:  dbo_numberOfEpisodes-561-medium.csv - 8.05167293549
214:  dbo_populationTotal-77-medium.csv - 22.4342310429
215:  dbo_activeYearsStartYear-132-medium.csv - 14.4323618412
216:  dbo_areaLand-291-medium.csv - 20.1597340107
217:  dbo_width-1019-medium.csv - 11.0026779175
218:  dbo_elevation-123-medium.csv - 17.8253750801
219:  dbo_runtime-101-medium.csv - 5.97051811218
220:  dbo_areaWater-364-medium.csv - 25.5360269547
221:  dbo_yearOfConstruction-377-medium.csv - 9.9763879776
222:  dbo_formationYear-817-medium.csv - 9.81163096428
223:  dbo_squadNumber-156-medium.csv - 6.6360168457
224:  dbo_elevation-129-medium.csv - 17.7770929337
225:  dbo_maximumElevation-402-medium.csv - 20.2396380901
226:  dbo_draftYear-703-medium.csv - 19.1308498383
227:  dbo_numberOfGoals-15-medium.csv - 7.01229596138
228:  dbo_width-1023-medium.csv - 9.97706913948
229:  dbo_squadNumber-148-medium.csv - 14.0734369755
230:  dbo_area-327-medium.csv - 7.07811808586
231:  dbo_draftYear-700-medium.csv - 18.2829048634
232:  dbo_width-1021-medium.csv - 10.3944959641
233:  dbo_numberOfGoals-13-medium.csv - 6.9743039608
234:  dbo_populationDensity-265-medium.csv - 20.2337920666
235:  dbo_squadNumber-149-medium.csv - 7.62791800499
236:  dbo_serviceStartYear-675-medium.csv - 12.5108280182
237:  dbo_height-162-medium.csv - 15.3567688465
238:  dbo_activeYearsStartYear-134-medium.csv - 16.7628929615
239:  dbo_width-1025-medium.csv - 16.4010150433
240:  dbo_activeYearsEndYear-196-medium.csv - 11.8518879414
241:  dbo_elevation-124-medium.csv - 28.2032577991
242:  dbo_squadNumber-150-medium.csv - 8.4155960083
243:  dbo_area-320-medium.csv - 20.5293049812
244:  dbo_foundingYear-240-medium.csv - 13.7159061432
245:  dbo_year-416-medium.csv - 14.3804819584
246:  dbo_draftYear-679-medium.csv - 18.4056580067
