1:  dbo_areaLand-305-large.csv - 31.9106359482
2:  dbo_areaWater-362-large.csv - 32.199461937
3:  dbo_yearOfConstruction-377-large.csv - 11.1318569183
4:  dbo_areaWater-356-large.csv - 17.1957800388
5:  dbo_minimumElevation-403-large.csv - 15.0095598698
6:  dbo_draftYear-689-large.csv - 18.7368500233
7:  dbo_populationTotal-76-large.csv - 20.476416111
8:  dbo_maximumElevation-402-large.csv - 24.6133480072
9:  dbo_populationDensity-269-large.csv - 17.597536087
10:  dbo_numberOfEmployees-712-large.csv - 18.4093739986
11:  dbo_numberOfGoals-14-large.csv - 20.8430418968
12:  dbo_numberOfEpisodes-552-large.csv - 9.65848588943
13:  dbo_populationTotal-54-large.csv - 20.8149940968
14:  dbo_runtime-103-large.csv - 12.5083250999
15:  dbo_weight-286-large.csv - 14.8654999733
16:  dbo_areaTotal-178-large.csv - 25.5988252163
17:  dbo_runtime-98-large.csv - 11.0001218319
18:  dbo_areaTotal-184-large.csv - 15.1691820621
19:  dbo_deathYear-47-large.csv - 10.2066061497
20:  dbo_length-318-large.csv - 19.3246870041
21:  dbo_height-160-large.csv - 15.4231500626
22:  dbo_areaWater-367-large.csv - 17.2086288929
23:  dbo_elevation-131-large.csv - 12.4588301182
24:  dbo_shipBeam-592-large.csv - 6.07955002785
25:  dbo_draftYear-679-large.csv - 18.9750349522
26:  dbo_areaLand-300-large.csv - 25.3059351444
27:  dbo_numberOfStudents-425-large.csv - 17.4869959354
28:  dbo_budget-927-large.csv - 14.8316938877
29:  dbo_squadNumber-156-large.csv - 7.17813491821
30:  dbo_height-164-large.csv - 17.0376811028
31:  dbo_height-159-large.csv - 12.415542841
32:  dbo_openingYear-386.csv.results-large.csv - 35.0692579746
33:  dbo_openingYear-391-large.csv - 12.7952342033
34:  dbo_weight-287-large.csv - 11.9839029312
35:  dbo_populationDensity-265-large.csv - 21.9933309555
36:  dbo_openingYear-389-large.csv - 17.250633955
37:  dbo_populationTotal-74-large.csv - 20.2079050541
38:  dbo_width-1025-large.csv - 18.6008031368
39:  dbo_elevation-123-large.csv - 30.9191539288
40:  dbo_foundingYear-244-large.csv - 15.9083988667
41:  dbo_numberOfGoals-15-large.csv - 7.28170418739
42:  dbo_areaWater-364-large.csv - 30.7510511875
43:  dbo_length-319-large.csv - 19.5648548603
44:  dbo_runtime-99-large.csv - 7.87794995308
45:  dbo_height-166-large.csv - 13.9671821594
46:  dbo_areaWater-365-large.csv - 22.2744300365
47:  dbo_populationDensity-258-large.csv - 13.4928469658
48:  dbo_activeYearsStartYear-138-large.csv - 10.3062500954
49:  dbo_populationDensity-252-large.csv - 34.4732089043
50:  dbo_areaTotal-186-large.csv - 18.6032760143
51:  dbo_areaTotal-183-large.csv - 20.0864698887
52:  dbo_serviceEndYear-731-large.csv - 10.4820029736
53:  dbo_length-311-large.csv - 13.2655661106
54:  dbo_populationTotal-56-large.csv - 15.0195310116
55:  dbo_width-1021-large.csv - 10.4900078773
56:  dbo_areaTotal-179-large.csv - 20.633494854
57:  dbo_draftYear-702-large.csv - 21.2884500027
58:  dbo_elevation-127-large.csv - 12.2011032104
59:  dbo_numberOfSeasons-892-large.csv - 15.3949818611
60:  dbo_areaTotal-182-large.csv - 18.925301075
61:  dbo_populationDensity-253-large.csv - 17.7316608429
62:  dbo_length-312-large.csv - 14.0820519924
63:  dbo_area-326-large.csv - 15.9447879791
64:  dbo_formationYear-817-large.csv - 9.45163989067
65:  dbo_runwayLength-492-large.csv - 15.1228208542
66:  dbo_gross-947-large.csv - 16.2889621258
67:  dbo_squadNumber-154-large.csv - 22.9011950493
68:  dbo_length-310-large.csv - 18.9812619686
69:  dbo_minimumElevation-404-large.csv - 11.718667984
70:  dbo_squadNumber-150-large.csv - 8.90623807907
71:  dbo_gross-959-large.csv - 15.5373570919
72:  dbo_areaTotal-187-large.csv - 38.199614048
73:  dbo_activeYearsStartYear-134-large.csv - 18.0142288208
74:  dbo_weight-284-large.csv - 15.2242147923
75:  dbo_area-324-large.csv - 11.8167309761
76:  dbo_deathYear-42-large.csv - 14.0820481777
77:  dbo_minimumElevation-407-large.csv - 14.0095081329
78:  dbo_length-314-large.csv - 17.6555609703
79:  dbo_topSpeed-863-large.csv - 18.877712965
80:  dbo_foundingYear-243-large.csv - 15.3070909977
81:  dbo_openingYear-392-large.csv - 11.2683660984
82:  dbo_height-162-large.csv - 15.3044581413
83:  dbo_budget-928-large.csv - 14.127603054
84:  dbo_displacement-813-large.csv - 11.5005190372
85:  dbo_width-1018-large.csv - 16.3395910263
86:  dbo_minimumElevation-408-large.csv - 24.9050750732
87:  dbo_minimumElevation-410-large.csv - 23.8994691372
88:  dbo_areaLand-291-large.csv - 36.836577177
89:  dbo_budget-931-large.csv - 6.62241792679
90:  dbo_runwayLength-512-large.csv - 26.583220005
91:  dbo_runtime-104-large.csv - 10.5985817909
92:  dbo_length-313-large.csv - 8.1015188694
93:  dbo_foundingYear-241-large.csv - 15.013053894
94:  dbo_runtime-119-large.csv - 6.02952194214
95:  dbo_numberOfStudents-432-large.csv - 19.7608180046
96:  dbo_maximumElevation-399-large.csv - 24.4773411751
97:  dbo_activeYearsEndYear-192-large.csv - 10.0865590572
98:  dbo_year-420-large.csv - 7.75970602036
99:  dbo_minimumElevation-405-large.csv - 23.9909131527
100:  dbo_capacity-989-large.csv - 10.8608510494
101:  dbo_yearOfConstruction-375-large.csv - 9.84208011627
102:  dbo_weight-283-large.csv - 15.775056839
103:  dbo_populationTotal-77-large.csv - 22.9036569595
104:  dbo_draftYear-703-large.csv - 21.2223780155
105:  dbo_elevation-124-large.csv - 30.4789698124
106:  dbo_length-316-large.csv - 15.7967779636
107:  dbo_areaLand-297-large.csv - 31.5400769711
108:  dbo_width-1024-large.csv - 12.4832880497
109:  dbo_draftYear-700-large.csv - 20.0297870636
110:  dbo_runtime-109-large.csv - 14.6024231911
111:  dbo_runtime-92-large.csv - 8.27516913414
112:  dbo_weight-280-large.csv - 9.08860015869
113:  dbo_populationDensity-267.csv.results-large.csv - 10.4063110352
114:  dbo_area-327-large.csv - 7.27272295952
115:  dbo_year-416-large.csv - 12.91020298
116:  dbo_weight-285-large.csv - 14.0856399536
117:  dbo_width-1022-large.csv - 17.0309948921
118:  dbo_runwayLength-508-large.csv - 20.5841069221
119:  dbo_yearOfConstruction-382-large.csv - 14.5409789085
120:  dbo_runwayLength-487-large.csv - 15.0286428928
121:  dbo_weight-278-large.csv - 10.1302509308
122:  dbo_maximumElevation-394-large.csv - 13.6155810356
123:  dbo_maximumElevation-397-large.csv - 15.5317988396
124:  dbo_foundingYear-245-large.csv - 12.3110268116
125:  dbo_displacement-804-large.csv - 12.3385679722
126:  dbo_elevation-125-large.csv - 22.0887179375
127:  dbo_shipBeam-599-large.csv - 14.2819151878
128:  dbo_budget-933-large.csv - 14.3300571442
129:  dbo_minimumElevation-411-large.csv - 14.0679709911
130:  dbo_budget-935-large.csv - 10.0326900482
131:  dbo_width-1023-large.csv - 9.97514104843
132:  dbo_gross-960-large.csv - 12.976500988
133:  dbo_areaLand-290-large.csv - 16.8466501236
134:  dbo_elevation-126-large.csv - 15.494426012
135:  dbo_runtime-101-large.csv - 6.23528409004
136:  dbo_numberOfStudents-464-large.csv - 7.94693899155
137:  dbo_year-422-large.csv - 7.01828503609
138:  dbo_year-419-large.csv - 7.25631904602
139:  dbo_year-414-large.csv - 11.0204131603
140:  dbo_area-323-large.csv - 16.8134329319
141:  dbo_numberOfEpisodes-561-large.csv - 8.23800802231
142:  dbo_yearOfConstruction-373-large.csv - 13.6695709229
143:  dbo_numberOfEpisodes-548-large.csv - 15.6666219234
144:  dbo_length-317-large.csv - 10.9393789768
145:  dbo_numberOfPages-604-large.csv - 14.7403681278
146:  dbo_yearOfConstruction-380-large.csv - 10.1876828671
147:  dbo_elevation-122-large.csv - 16.7812178135
148:  dbo_areaLand-298-large.csv - 26.6051900387
149:  dbo_weight-282-large.csv - 14.4953110218
150:  dbo_populationDensity-266-large.csv - 24.2067599297
151:  dbo_populationDensity-274-large.csv - 30.799366951
152:  dbo_capacity-1011-large.csv - 10.1800589561
153:  dbo_elevation-129-large.csv - 32.9210238457
154:  dbo_populationTotal-79-large.csv - 19.031083107
155:  dbo_populationTotal-64-large.csv - 13.4532039165
156:  dbo_runwayLength-516-large.csv - 21.025042057
157:  dbo_yearOfConstruction-381-large.csv - 11.2999150753
158:  dbo_length-315-large.csv - 17.3618199825
159:  dbo_activeYearsStartYear-132-large.csv - 15.0100021362
160:  dbo_yearOfConstruction-378-large.csv - 9.91166710854
161:  dbo_areaWater-369-large.csv - 32.5546679497
162:  dbo_activeYearsStartYear-141-large.csv - 17.9778110981
163:  dbo_draftYear-681-large.csv - 20.0238001347
164:  dbo_numberOfGoals-19-large.csv - 7.07146310806
165:  dbo_openingYear-383-large.csv - 18.9063367844
166:  dbo_activeYearsEndYear-196-large.csv - 11.7169201374
167:  dbo_height-161-large.csv - 15.3740110397
168:  dbo_area-322-large.csv - 15.715970993
169:  dbo_activeYearsEndYear-191-large.csv - 14.3497638702
170:  dbo_populationTotal-55-large.csv - 24.813147068
171:  dbo_weight-281-large.csv - 20.2808339596
172:  dbo_numberOfEpisodes-526.csv.results-large.csv - 33.9029939175
173:  dbo_minimumElevation-409-large.csv - 15.2084679604
174:  dbo_activeYearsStartYear-140-large.csv - 12.2039649487
175:  dbo_numberOfStudents-439-large.csv - 16.9397330284
176:  dbo_populationDensity-267-large.csv - 29.6394910812
177:  dbo_areaTotal-180-large.csv - 28.9170079231
178:  dbo_shipBeam-591-large.csv - 9.38956403732
179:  dbo_activeYearsStartYear-133-large.csv - 11.9305169582
180:  dbo_draftYear-680-large.csv - 14.6411650181
181:  dbo_areaWater-357-large.csv - 37.9688308239
182:  dbo_width-1019-large.csv - 9.9782140255
183:  dbo_activeYearsEndYear-194-large.csv - 12.5246629715
184:  dbo_gross-956-large.csv - 12.7116959095
185:  dbo_numberOfEpisodes-543-large.csv - 8.9303150177
186:  dbo_displacement-807-large.csv - 12.8391590118
187:  dbo_runtime-120-large.csv - 11.1354489326
188:  dbo_elevation-130-large.csv - 21.0985949039
189:  dbo_openingYear-388-large.csv - 6.32281494141
190:  dbo_runtime-108-large.csv - 6.07139015198
191:  dbo_openingYear-387-large.csv - 10.0565149784
192:  dbo_areaLand-299-large.csv - 38.1405589581
193:  dbo_runwayLength-491-large.csv - 14.8332469463
194:  dbo_maximumElevation-398-large.csv - 14.5314199924
195:  dbo_runwayLength-500-large.csv - 23.3962249756
196:  dbo_serviceEndYear-724-large.csv - 11.5551710129
197:  dbo_number-345.csv.results-large.csv - 29.0830011368
198:  dbo_activeYearsEndYear-193-large.csv - 18.6809430122
199:  dbo_height-163-large.csv - 16.0519919395
200:  dbo_openingYear-390-large.csv - 16.0870378017
201:  dbo_height-167-large.csv - 8.13277006149
202:  dbo_squadNumber-148-large.csv - 36.7398388386
203:  dbo_yearOfConstruction-376-large.csv - 13.1031742096
204:  dbo_height-158-large.csv - 12.0228078365
205:  dbo_budget-936-large.csv - 9.54181718826
206:  dbo_area-329-large.csv - 7.51294994354
207:  dbo_activeYearsEndYear-188-large.csv - 14.1762948036
208:  dbo_squadNumber-149-large.csv - 8.40689206123
209:  dbo_activeYearsStartYear-135-large.csv - 20.8426811695
210:  dbo_numberOfPages-649-large.csv - 10.378002882
211:  dbo_topSpeed-864-large.csv - 17.2386291027
212:  dbo_deathYear-39-large.csv - 13.9952998161
213:  dbo_areaTotal-185-large.csv - 14.9120149612
214:  dbo_maximumElevation-400-large.csv - 13.2312459946
215:  dbo_populationDensity-268-large.csv - 33.9547901154
216:  dbo_area-321-large.csv - 7.2895989418
217:  dbo_foundingYear-242-large.csv - 9.00530719757
218:  dbo_numberOfSeasons-906-large.csv - 8.09579396248
219:  dbo_foundingYear-247-large.csv - 10.6866929531
220:  dbo_areaTotal-181-large.csv - 14.5339119434
221:  dbo_populationDensity-257-large.csv - 13.4389529228
222:  dbo_weight-279-large.csv - 11.9826247692
223:  dbo_numberOfPages-616-large.csv - 6.1078979969
224:  dbo_numberOfGoals-13-large.csv - 8.84593605995
225:  dbo_areaLand-301-large.csv - 17.758464098
226:  dbo_runtime-106-large.csv - 7.64540100098
227:  dbo_serviceEndYear-722-large.csv - 13.3225569725
228:  dbo_activeYearsEndYear-197-large.csv - 22.5472970009
229:  dbo_areaWater-363-large.csv - 31.7026529312
230:  dbo_maximumElevation-401-large.csv - 13.4838719368
231:  dbo_numberOfGoals-10-large.csv - 8.31140303612
232:  dbo_activeYearsStartYear-136-large.csv - 18.4006118774
233:  dbo_maximumElevation-395-large.csv - 14.1484410763
234:  dbo_populationDensity-259.csv.results-large.csv - 10.5906848907
235:  dbo_formationYear-822-large.csv - 6.28734922409
236:  dbo_squadNumber-142-large.csv - 8.24151015282
237:  dbo_area-320-large.csv - 22.6056621075
238:  dbo_serviceStartYear-674-large.csv - 12.1819980145
239:  dbo_minimumElevation-406-large.csv - 11.3348200321
240:  dbo_budget-932-large.csv - 11.7644538879
241:  dbo_foundingYear-240-large.csv - 19.1889929771
242:  dbo_activeYearsStartYear-139-large.csv - 21.938354969
243:  dbo_height-165-large.csv - 10.6523239613
244:  dbo_populationTotal-75-large.csv - 21.8883030415
245:  dbo_serviceStartYear-675-large.csv - 12.980091095
246:  dbo_draftYear-696-large.csv - 11.1865971088
