Size: medium Deviation: 0
0:  dbo_numberOfEmployees-712-medium.csv
1:  dbo_height-162-medium.csv
2:  dbo_length-314-medium.csv
3:  dbo_populationTotal-55-medium.csv
4:  dbo_numberOfSeasons-906-medium.csv
5:  dbo_runwayLength-508-medium.csv
6:  dbo_yearOfConstruction-377-medium.csv
7:  dbo_openingYear-392-medium.csv
8:  dbo_runtime-104-medium.csv
9:  dbo_areaLand-299-medium.csv
10:  dbo_areaTotal-179-medium.csv
11:  dbo_draftYear-702-medium.csv
12:  dbo_minimumElevation-405-medium.csv
13:  dbo_elevation-131-medium.csv
14:  dbo_serviceEndYear-731-medium.csv
15:  dbo_activeYearsStartYear-140-medium.csv
16:  dbo_numberOfGoals-19-medium.csv
17:  dbo_weight-280-medium.csv
18:  dbo_areaTotal-186-medium.csv
19:  dbo_activeYearsStartYear-133-medium.csv
20:  dbo_runtime-109-medium.csv
21:  dbo_budget-935-medium.csv
22:  dbo_height-158-medium.csv
23:  dbo_areaLand-301-medium.csv
24:  dbo_length-319-medium.csv
25:  dbo_area-321-medium.csv
26:  dbo_width-1024-medium.csv
27:  dbo_openingYear-383-medium.csv
28:  dbo_maximumElevation-400-medium.csv
29:  dbo_numberOfGoals-14-medium.csv
30:  dbo_draftYear-679-medium.csv
31:  dbo_areaWater-362-medium.csv
32:  dbo_foundingYear-244-medium.csv
33:  dbo_gross-959-medium.csv
34:  dbo_minimumElevation-408-medium.csv
35:  dbo_elevation-125-medium.csv
36:  dbo_area-324-medium.csv
37:  dbo_populationDensity-269-medium.csv
38:  dbo_year-422-medium.csv
39:  dbo_minimumElevation-411-medium.csv
40:  dbo_yearOfConstruction-380-medium.csv
41:  dbo_width-1021-medium.csv
42:  dbo_runwayLength-500-medium.csv
43:  dbo_activeYearsStartYear-136-medium.csv
44:  dbo_areaWater-367-medium.csv
45:  dbo_foundingYear-241-medium.csv
46:  dbo_maximumElevation-398-medium.csv
47:  dbo_areaLand-291-medium.csv
48:  dbo_populationTotal-76-medium.csv
49:  dbo_numberOfPages-616-medium.csv
50:  dbo_length-311-medium.csv
51:  dbo_height-167-medium.csv
52:  dbo_runtime-101-medium.csv
53:  dbo_topSpeed-864-medium.csv
54:  dbo_populationDensity-253-medium.csv
55:  dbo_area-329-medium.csv
56:  dbo_areaTotal-183-medium.csv
57:  dbo_weight-285-medium.csv
58:  dbo_maximumElevation-395-medium.csv
59:  dbo_runtime-99-medium.csv
60:  dbo_populationDensity-267.csv.results-medium.csv
61:  dbo_minimumElevation-407-medium.csv
62:  dbo_numberOfStudents-464-medium.csv
63:  dbo_draftYear-700-medium.csv
64:  dbo_gross-956-medium.csv
65:  dbo_draftYear-689-medium.csv
66:  dbo_weight-282-medium.csv
67:  dbo_runwayLength-516-medium.csv
68:  dbo_areaTotal-184-medium.csv
69:  dbo_numberOfPages-649-medium.csv
70:  dbo_squadNumber-149-medium.csv
71:  dbo_activeYearsEndYear-192-medium.csv
72:  dbo_numberOfEpisodes-543-medium.csv
73:  dbo_height-160-medium.csv
74:  dbo_displacement-813-medium.csv
75:  dbo_length-316-medium.csv
76:  dbo_shipBeam-591-medium.csv
77:  dbo_openingYear-390-medium.csv
78:  dbo_topSpeed-863-medium.csv
79:  dbo_runtime-106-medium.csv
80:  dbo_yearOfConstruction-375-medium.csv
81:  dbo_number-345.csv.results-medium.csv
82:  dbo_runtime-120-medium.csv
83:  dbo_maximumElevation-402-medium.csv
84:  dbo_numberOfEpisodes-552-medium.csv
85:  dbo_runwayLength-492-medium.csv
86:  dbo_areaWater-357-medium.csv
87:  dbo_serviceStartYear-674-medium.csv
88:  dbo_yearOfConstruction-378-medium.csv
89:  dbo_serviceEndYear-722-medium.csv
90:  dbo_gross-947-medium.csv
91:  dbo_elevation-122-medium.csv
92:  dbo_area-323-medium.csv
93:  dbo_numberOfStudents-439-medium.csv
94:  dbo_areaWater-365-medium.csv
95:  dbo_foundingYear-243-medium.csv
96:  dbo_populationTotal-74-medium.csv
97:  dbo_numberOfGoals-13-medium.csv
98:  dbo_draftYear-681-medium.csv
99:  dbo_displacement-807-medium.csv
100:  dbo_numberOfStudents-425-medium.csv
101:  dbo_area-326-medium.csv
102:  dbo_elevation-127-medium.csv
103:  dbo_year-420-medium.csv
104:  dbo_width-1023-medium.csv
105:  dbo_yearOfConstruction-382-medium.csv
106:  dbo_budget-932-medium.csv
107:  dbo_populationDensity-259.csv.results-medium.csv
108:  dbo_activeYearsStartYear-134-medium.csv
109:  dbo_shipBeam-599-medium.csv
110:  dbo_areaTotal-181-medium.csv
111:  dbo_populationTotal-79-medium.csv
112:  dbo_weight-287-medium.csv
113:  dbo_openingYear-389-medium.csv
114:  dbo_weight-278-medium.csv
115:  dbo_maximumElevation-397-medium.csv
116:  dbo_squadNumber-150-medium.csv
117:  dbo_length-313-medium.csv
118:  dbo_height-165-medium.csv
119:  dbo_activeYearsEndYear-197-medium.csv
120:  dbo_runtime-103-medium.csv
121:  dbo_activeYearsStartYear-139-medium.csv
122:  dbo_width-1019-medium.csv
123:  dbo_populationDensity-266-medium.csv
124:  dbo_budget-931-medium.csv
125:  dbo_areaLand-305-medium.csv
126:  dbo_serviceEndYear-724-medium.csv
127:  dbo_numberOfEpisodes-548-medium.csv
128:  dbo_populationDensity-268-medium.csv
129:  dbo_elevation-124-medium.csv
130:  dbo_year-414-medium.csv
131:  dbo_squadNumber-142-medium.csv
132:  dbo_yearOfConstruction-381-medium.csv
133:  dbo_minimumElevation-410-medium.csv
134:  dbo_populationTotal-77-medium.csv
135:  dbo_openingYear-387-medium.csv
136:  dbo_displacement-804-medium.csv
137:  dbo_numberOfGoals-10-medium.csv
138:  dbo_populationDensity-274-medium.csv
139:  dbo_foundingYear-240-medium.csv
140:  dbo_areaLand-290-medium.csv
141:  dbo_maximumElevation-399-medium.csv
142:  dbo_year-419-medium.csv
143:  dbo_capacity-1011-medium.csv
144:  dbo_populationDensity-252-medium.csv
145:  dbo_populationDensity-265-medium.csv
146:  dbo_elevation-129-medium.csv
147:  dbo_length-310-medium.csv
148:  dbo_activeYearsEndYear-194-medium.csv
149:  dbo_height-166-medium.csv
150:  dbo_deathYear-47-medium.csv
151:  dbo_yearOfConstruction-373-medium.csv
152:  dbo_openingYear-386.csv.results-medium.csv
153:  dbo_maximumElevation-394-medium.csv
154:  dbo_runtime-98-medium.csv
Size: medium Deviation: 0
0:  dbo_numberOfEmployees-712-medium.csv
1:  dbo_height-162-medium.csv
2:  dbo_length-314-medium.csv
3:  dbo_populationTotal-55-medium.csv
4:  dbo_numberOfSeasons-906-medium.csv
5:  dbo_runwayLength-508-medium.csv
6:  dbo_yearOfConstruction-377-medium.csv
7:  dbo_openingYear-392-medium.csv
8:  dbo_runtime-104-medium.csv
9:  dbo_areaLand-299-medium.csv
10:  dbo_areaTotal-179-medium.csv
11:  dbo_draftYear-702-medium.csv
12:  dbo_minimumElevation-405-medium.csv
13:  dbo_elevation-131-medium.csv
14:  dbo_serviceEndYear-731-medium.csv
15:  dbo_activeYearsStartYear-140-medium.csv
16:  dbo_numberOfGoals-19-medium.csv
17:  dbo_weight-280-medium.csv
18:  dbo_areaTotal-186-medium.csv
19:  dbo_activeYearsStartYear-133-medium.csv
20:  dbo_runtime-109-medium.csv
21:  dbo_budget-935-medium.csv
22:  dbo_height-158-medium.csv
23:  dbo_areaLand-301-medium.csv
24:  dbo_length-319-medium.csv
25:  dbo_area-321-medium.csv
26:  dbo_width-1024-medium.csv
27:  dbo_openingYear-383-medium.csv
28:  dbo_maximumElevation-400-medium.csv
29:  dbo_numberOfGoals-14-medium.csv
30:  dbo_draftYear-679-medium.csv
31:  dbo_areaWater-362-medium.csv
32:  dbo_foundingYear-244-medium.csv
33:  dbo_gross-959-medium.csv
34:  dbo_minimumElevation-408-medium.csv
35:  dbo_elevation-125-medium.csv
36:  dbo_area-324-medium.csv
37:  dbo_populationDensity-269-medium.csv
38:  dbo_year-422-medium.csv
39:  dbo_minimumElevation-411-medium.csv
40:  dbo_yearOfConstruction-380-medium.csv
41:  dbo_width-1021-medium.csv
42:  dbo_runwayLength-500-medium.csv
43:  dbo_activeYearsStartYear-136-medium.csv
44:  dbo_areaWater-367-medium.csv
45:  dbo_foundingYear-241-medium.csv
46:  dbo_maximumElevation-398-medium.csv
47:  dbo_areaLand-291-medium.csv
48:  dbo_populationTotal-76-medium.csv
49:  dbo_numberOfPages-616-medium.csv
50:  dbo_length-311-medium.csv
51:  dbo_height-167-medium.csv
52:  dbo_runtime-101-medium.csv
53:  dbo_topSpeed-864-medium.csv
54:  dbo_populationDensity-253-medium.csv
55:  dbo_area-329-medium.csv
56:  dbo_areaTotal-183-medium.csv
57:  dbo_weight-285-medium.csv
58:  dbo_maximumElevation-395-medium.csv
59:  dbo_runtime-99-medium.csv
60:  dbo_populationDensity-267.csv.results-medium.csv
61:  dbo_minimumElevation-407-medium.csv
62:  dbo_numberOfStudents-464-medium.csv
63:  dbo_draftYear-700-medium.csv
64:  dbo_gross-956-medium.csv
65:  dbo_draftYear-689-medium.csv
66:  dbo_weight-282-medium.csv
67:  dbo_runwayLength-516-medium.csv
68:  dbo_areaTotal-184-medium.csv
69:  dbo_numberOfPages-649-medium.csv
70:  dbo_squadNumber-149-medium.csv
71:  dbo_activeYearsEndYear-192-medium.csv
72:  dbo_numberOfEpisodes-543-medium.csv
73:  dbo_height-160-medium.csv
74:  dbo_displacement-813-medium.csv
75:  dbo_length-316-medium.csv
76:  dbo_shipBeam-591-medium.csv
77:  dbo_openingYear-390-medium.csv
78:  dbo_topSpeed-863-medium.csv
79:  dbo_runtime-106-medium.csv
80:  dbo_yearOfConstruction-375-medium.csv
81:  dbo_number-345.csv.results-medium.csv
82:  dbo_runtime-120-medium.csv
83:  dbo_maximumElevation-402-medium.csv
84:  dbo_numberOfEpisodes-552-medium.csv
85:  dbo_runwayLength-492-medium.csv
86:  dbo_areaWater-357-medium.csv
87:  dbo_serviceStartYear-674-medium.csv
88:  dbo_yearOfConstruction-378-medium.csv
89:  dbo_serviceEndYear-722-medium.csv
90:  dbo_gross-947-medium.csv
91:  dbo_elevation-122-medium.csv
92:  dbo_area-323-medium.csv
93:  dbo_numberOfStudents-439-medium.csv
94:  dbo_areaWater-365-medium.csv
95:  dbo_foundingYear-243-medium.csv
96:  dbo_populationTotal-74-medium.csv
97:  dbo_numberOfGoals-13-medium.csv
98:  dbo_draftYear-681-medium.csv
99:  dbo_displacement-807-medium.csv
100:  dbo_numberOfStudents-425-medium.csv
101:  dbo_area-326-medium.csv
102:  dbo_elevation-127-medium.csv
103:  dbo_year-420-medium.csv
104:  dbo_width-1023-medium.csv
105:  dbo_yearOfConstruction-382-medium.csv
106:  dbo_budget-932-medium.csv
107:  dbo_populationDensity-259.csv.results-medium.csv
108:  dbo_activeYearsStartYear-134-medium.csv
109:  dbo_shipBeam-599-medium.csv
110:  dbo_areaTotal-181-medium.csv
111:  dbo_populationTotal-79-medium.csv
112:  dbo_weight-287-medium.csv
113:  dbo_openingYear-389-medium.csv
114:  dbo_weight-278-medium.csv
115:  dbo_maximumElevation-397-medium.csv
116:  dbo_squadNumber-150-medium.csv
117:  dbo_length-313-medium.csv
118:  dbo_height-165-medium.csv
119:  dbo_activeYearsEndYear-197-medium.csv
120:  dbo_runtime-103-medium.csv
121:  dbo_activeYearsStartYear-139-medium.csv
122:  dbo_width-1019-medium.csv
123:  dbo_populationDensity-266-medium.csv
124:  dbo_budget-931-medium.csv
125:  dbo_areaLand-305-medium.csv
126:  dbo_serviceEndYear-724-medium.csv
127:  dbo_numberOfEpisodes-548-medium.csv
128:  dbo_populationDensity-268-medium.csv
129:  dbo_elevation-124-medium.csv
130:  dbo_year-414-medium.csv
131:  dbo_squadNumber-142-medium.csv
132:  dbo_yearOfConstruction-381-medium.csv
133:  dbo_minimumElevation-410-medium.csv
134:  dbo_populationTotal-77-medium.csv
135:  dbo_openingYear-387-medium.csv
136:  dbo_displacement-804-medium.csv
137:  dbo_numberOfGoals-10-medium.csv
138:  dbo_populationDensity-274-medium.csv
139:  dbo_foundingYear-240-medium.csv
140:  dbo_areaLand-290-medium.csv
141:  dbo_maximumElevation-399-medium.csv
142:  dbo_year-419-medium.csv
143:  dbo_capacity-1011-medium.csv
144:  dbo_populationDensity-252-medium.csv
145:  dbo_populationDensity-265-medium.csv
146:  dbo_elevation-129-medium.csv
147:  dbo_length-310-medium.csv
148:  dbo_activeYearsEndYear-194-medium.csv
149:  dbo_height-166-medium.csv
150:  dbo_deathYear-47-medium.csv
151:  dbo_yearOfConstruction-373-medium.csv
152:  dbo_openingYear-386.csv.results-medium.csv
153:  dbo_maximumElevation-394-medium.csv
154:  dbo_runtime-98-medium.csv
155:  dbo_formationYear-822-medium.csv
156:  dbo_activeYearsEndYear-188-medium.csv
157:  dbo_numberOfEpisodes-526.csv.results-medium.csv
158:  dbo_deathYear-39-medium.csv
159:  dbo_areaTotal-182-medium.csv
160:  dbo_weight-284-medium.csv
161:  dbo_height-163-medium.csv
162:  dbo_draftYear-696-medium.csv
163:  dbo_activeYearsEndYear-191-medium.csv
164:  dbo_shipBeam-592-medium.csv
165:  dbo_length-315-medium.csv
166:  dbo_populationTotal-54-medium.csv
167:  dbo_deathYear-42-medium.csv
168:  dbo_yearOfConstruction-376-medium.csv
169:  dbo_populationDensity-257-medium.csv
170:  dbo_activeYearsStartYear-141-medium.csv
171:  dbo_runtime-119-medium.csv
172:  dbo_weight-281-medium.csv
173:  dbo_areaTotal-187-medium.csv
174:  dbo_areaLand-298-medium.csv
175:  dbo_squadNumber-156-medium.csv
176:  dbo_areaTotal-178-medium.csv
177:  dbo_draftYear-703-medium.csv
178:  dbo_minimumElevation-404-medium.csv
179:  dbo_numberOfSeasons-892-medium.csv
180:  dbo_numberOfStudents-432-medium.csv
181:  dbo_elevation-130-medium.csv
182:  dbo_area-320-medium.csv
183:  dbo_width-1025-medium.csv
184:  dbo_activeYearsStartYear-132-medium.csv
185:  dbo_runtime-108-medium.csv
186:  dbo_height-159-medium.csv
187:  dbo_areaLand-300-medium.csv
188:  dbo_length-318-medium.csv
189:  dbo_foundingYear-245-medium.csv
190:  dbo_areaWater-363-medium.csv
191:  dbo_runwayLength-491-medium.csv
192:  dbo_minimumElevation-409-medium.csv
193:  dbo_budget-928-medium.csv
194:  dbo_maximumElevation-401-medium.csv
195:  dbo_numberOfGoals-15-medium.csv
196:  dbo_populationTotal-75-medium.csv
197:  dbo_numberOfEpisodes-561-medium.csv
198:  dbo_draftYear-680-medium.csv
199:  dbo_foundingYear-242-medium.csv
200:  dbo_areaWater-364-medium.csv
201:  dbo_budget-933-medium.csv
202:  dbo_activeYearsStartYear-135-medium.csv
203:  dbo_elevation-126-medium.csv
204:  dbo_area-327-medium.csv
205:  dbo_year-416-medium.csv
206:  dbo_width-1022-medium.csv
207:  dbo_minimumElevation-403-medium.csv
208:  dbo_weight-279-medium.csv
209:  dbo_areaWater-369-medium.csv
210:  dbo_formationYear-817-medium.csv
211:  dbo_areaTotal-180-medium.csv
212:  dbo_runwayLength-512-medium.csv
213:  dbo_openingYear-388-medium.csv
214:  dbo_weight-286-medium.csv
215:  dbo_width-1018-medium.csv
216:  dbo_runwayLength-487-medium.csv
217:  dbo_populationDensity-267-medium.csv
218:  dbo_length-312-medium.csv
219:  dbo_numberOfPages-604-medium.csv
220:  dbo_height-164-medium.csv
221:  dbo_activeYearsEndYear-196-medium.csv
222:  dbo_populationTotal-64-medium.csv
223:  dbo_activeYearsStartYear-138-medium.csv
224:  dbo_budget-927-medium.csv
225:  dbo_weight-283-medium.csv
226:  dbo_areaTotal-185-medium.csv
227:  dbo_squadNumber-154-medium.csv
228:  dbo_minimumElevation-406-medium.csv
229:  dbo_gross-960-medium.csv
230:  dbo_activeYearsEndYear-193-medium.csv
231:  dbo_height-161-medium.csv
232:  dbo_length-317-medium.csv
233:  dbo_populationTotal-56-medium.csv
234:  dbo_openingYear-391-medium.csv
235:  dbo_squadNumber-148-medium.csv
236:  dbo_capacity-989-medium.csv
237:  dbo_foundingYear-247-medium.csv
238:  dbo_areaWater-356-medium.csv
239:  dbo_runtime-92-medium.csv
240:  dbo_serviceStartYear-675-medium.csv
241:  dbo_areaLand-297-medium.csv
242:  dbo_populationDensity-258-medium.csv
243:  dbo_area-322-medium.csv
244:  dbo_elevation-123-medium.csv
245:  dbo_budget-936-medium.csv
all datasets: 246
 COLUMN LEVEL ANALYSIS: 
top 1 correctly labelled: 73
top 3 correctly labelled: 128
top X correctly labelled: 198
total: 246
 ROW LEVEL ANALYSIS: 
top 1 correctly labelled: 189
top 3 correctly labelled: 240
top X correctly labelled: 240
total: 246
NOT correct mapping: draftYear - activeYearsStartYear
/Users/emiliakacprzak/Code/papers/semantification/benchmark_new/mediumSample/medium0/dbo_draftYear-702-medium.csv
[(u'activeYearsStartYear', (0.0, 7.4000000000000004)), (u'draftYear', (0.0, 8.8000000000000007)), (u'activeYearsEndYear', (0.0, 16.25)), (u'year', (0.016559182060781219, -1)), (u'draftPick', (0.8393492628368073, 25.5)), (u'number', (0.9542970690511674, 33.0)), (u'foundingYear', (0.98892029539374016, -1)), (u'draftRound', (0.9933909506863243, 40.5)), (u'undraftedYear', (0.99998971640048129, -1)), (u'imdbId', (0.99999750694941003, -1)), (u'espnId', (0.99999750694941003, -1)), (u'podiums', (0.99999999477103951, -1)), (u'poles', (0.99999999477103951, -1)), (u'championships', (0.99999999477103951, -1)), (u'fastestLap', (0.99999999477103951, -1)), (u'races', (0.99999999477103951, -1)), (u'wins', (0.99999999926546945, -1)), (u'Person/weight', (0.99999999999997158, -1)), (u'careerPrizeMoney', (0.99999999999999944, -1)), (u'weight', (1.0, -1)), (u'height', (1.0, -1)), (u'Person/height', (1.0, -1))]
NOT correct mapping: numberOfGoals - teamSize
/Users/emiliakacprzak/Code/papers/semantification/benchmark_new/mediumSample/medium0/dbo_numberOfGoals-14-medium.csv
[(u'teamSize', (0.0, 1.0)), (u'numberOfStaff', (0.20388349514563106, 3.5))]
NOT correct mapping: year - populationDensity
/Users/emiliakacprzak/Code/papers/semantification/benchmark_new/mediumSample/medium0/dbo_year-422-medium.csv
[(u'populationDensity', (0.571434995727841, 2.0)), (u'PopulatedPlace/populationDensity', (0.571434995727841, 3.0)), (u'PopulatedPlace/areaUrban', (0.6533301704437203, 5.0)), (u'PopulatedPlace/areaTotal', (0.6820266433268626, 6.0)), (u'maximumElevation', (0.8925362014690451, 7.0)), (u'elevation', (0.9050099685204618, 8.0)), (u'minimumElevation', (0.9075687303252886, 9.0)), (u'PopulatedPlace/areaMetro', (0.9323238261742012, 10.0)), (u'utcOffset', (0.9968520461699895, 11.5)), (u'percentageOfAreaWater', (0.9984260230849947, 13.0)), (u'populationTotalRanking', (0.9984260230849947, 14.0)), (u'populationTotal', (0.9992929212738695, 15.0)), (u'populationMetro', (0.9998004403922467, 16.0)), (u'areaWater', (0.9998933461661136, 17.0)), (u'areaLand', (0.9999967623797358, 18.0)), (u'areaTotal', (0.9999968550812878, 19.0)), (u'areaUrban', (0.9999996533303747, 20.0)), (u'areaMetro', (0.9999999323237524, 21.0))]
NOT correct mapping: activeYearsStartYear - activeYearsEndYear
/Users/emiliakacprzak/Code/papers/semantification/benchmark_new/mediumSample/medium0/dbo_activeYearsStartYear-136-medium.csv
[(u'activeYearsEndYear', (0.0, 4.333333333333333)), (u'activeYearsStartYear', (0.0, 7.2222222222222223)), (u'deathYear', (0.84208215761769978, -1)), (u'foundingYear', (0.96564605533049175, -1)), (u'runtime', (0.99999699725211899, -1)), (u'numberOfFilms', (0.99999699725211899, -1)), (u'Work/runtime', (0.99999995338127079, -1)), (u'birthYear', (0.99999995692486565, -1)), (u'Person/height', (0.99999999999973255, -1)), (u'height', (0.99999999999978939, -1)), (u'Person/weight', (0.99999999999996336, -1)), (u'imdbId', (1.0, -1))]
NOT correct mapping: squadNumber - 
/Users/emiliakacprzak/Code/papers/semantification/benchmark_new/mediumSample/medium0/dbo_squadNumber-149-medium.csv
[]
NOT correct mapping: numberOfEpisodes - numberOfSeasons
/Users/emiliakacprzak/Code/papers/semantification/benchmark_new/mediumSample/medium0/dbo_numberOfEpisodes-543-medium.csv
[(u'numberOfSeasons', (0.16666666666666666, 5.0)), (u'Work/runtime', (0.45454545454545453, 8.3333333333333339)), (u'numberOfEpisodes', (0.92, 14.0)), (u'episodeNumber', (0.93500199928711869, -1)), (u'runtime', (0.990909090909091, 19.5)), (u'imdbId', (0.9998806912565046, 23.0)), (u'Software/fileSize', (0.99997736877334198, -1)), (u'numberOfVolumes', (0.99999366588836169, -1)), (u'MeanOfTransportation/height', (0.99999959081308021, -1)), (u'MeanOfTransportation/width', (0.99999959081308021, -1)), (u'dcc', (0.99999993684419664, -1)), (u'imageSize', (0.99999999045027599, -1)), (u'seasonNumber', (0.99999999854023891, -1)), (u'MeanOfTransportation/length', (0.9999999998640835, -1)), (u'latestReleaseVersion', (0.9999999999920498, -1)), (u'premiereYear', (0.99999999999605582, -1)), (u'circulation', (1.0, -1)), (u'budget', (1.0, -1)), (u'oclc', (1.0, -1)), (u'gross', (1.0, -1)), (u'numberOfPages', (1.0, -1))]
NOT correct mapping: numberOfGoals - numberOfStaff
/Users/emiliakacprzak/Code/papers/semantification/benchmark_new/mediumSample/medium0/dbo_numberOfGoals-13-medium.csv
[(u'numberOfStaff', (0.2815533980582524, 8.5)), (u'formationYear', (0.9984817813765182, 17.0))]
NOT correct mapping: budget - areaWater
/Users/emiliakacprzak/Code/papers/semantification/benchmark_new/mediumSample/medium0/dbo_budget-931-medium.csv
[(u'areaWater', (0.1118421052631579, 2.5)), (u'PopulatedPlace/areaTotal', (0.9994163074074074, 6.5)), (u'maximumElevation', (0.9999925679629631, 11.0)), (u'minimumElevation', (0.9999983944444445, 14.0)), (u'areaTotal', (0.9999999941630721, 20.0)), (u'areaLand', (0.9999999941742389, 21.0))]
NOT correct mapping: areaTotal - areaLand
/Users/emiliakacprzak/Code/papers/semantification/benchmark_new/mediumSample/medium0/dbo_areaTotal-178-medium.csv
[(u'areaLand', (0.0, 8.1999999999999993)), (u'areaTotal', (0.0, 10.181818181818182)), (u'populationTotal', (0.4492638755980861, 34.899999999999999)), (u'populationUrban', (0.6462196172248804, 17.0)), (u'areaOfCatchment', (0.76483087862206034, -1)), (u'postalCode', (0.9850533950617284, 18.5)), (u'populationDensity', (0.9950664722222222, 29.5)), (u'PopulatedPlace/populationDensity', (0.9950664724186223, 30.5)), (u'volume', (0.99524777337118764, -1)), (u'PopulatedPlace/areaTotal', (0.9956236842105263, 59.81818181818182)), (u'areaWater', (0.9994149582105839, -1)), (u'cost', (0.99943544110310301, -1)), (u'elevation', (0.9994496666666667, 43.090909090909093)), (u'areaCode', (0.9994741666666667, 32.333333333333336)), (u'shoreLength', (0.99984121026522976, -1)), (u'Lake/volume', (0.99993668565484517, -1)), (u'utcOffset', (0.9999666666666667, 57.5)), (u'floorArea', (0.99999196698325332, -1)), (u'numberOfTracks', (0.99999750694941003, -1)), (u'populationTotalRanking', (0.99999750694941003, -1)), (u'prominence', (0.99999750694941003, -1)), (u'escapeVelocity', (0.99999948042403863, -1)), (u'percentageOfAreaWater', (0.99999968395480499, -1)), (u'PopulatedPlace/areaMetro', (0.99999968395480499, -1)), (u'temperature', (0.99999968395480499, -1)), (u'mouthElevation', (0.99999968395480499, -1)), (u'averageDepth', (0.99999968395480499, -1)), (u'buildingEndDate', (0.99999968395480499, -1)), (u'buildingStartDate', (0.99999968395480499, -1)), (u'orbitalPeriod', (0.9999999307583024, -1)), (u'meanTemperature', (0.99999995953007947, -1)), (u'Planet/meanTemperature', (0.99999995953007947, -1)), (u'rotationPeriod', (0.99999999113258542, -1)), (u'declination', (0.99999999477103951, -1)), (u'apparentMagnitude', (0.99999999991059219, -1)), (u'runwayLength', (0.99999999991059219, -1)), (u'Planet/temperature', (0.99999999999842715, -1)), (u'area', (0.99999999999908018, -1)), (u'averageSpeed', (0.99999999999971623, -1)), (u'absoluteMagnitude', (0.99999999999978939, -1)), (u'albedo', (0.99999999999999611, -1)), (u'openingYear', (0.99999999999999611, -1)), (u'apoapsis', (0.99999999999999611, -1)), (u'maximumDepth', (0.99999999999999989, -1)), (u'periapsis', (0.99999999999999989, -1)), (u'width', (0.99999999999999989, -1)), (u'Planet/orbitalPeriod', (1.0, -1)), (u'Lake/shoreLength', (1.0, -1)), (u'maximumElevation', (1.0, -1)), (u'inseeCode', (1.0, -1)), (u'Planet/apoapsis', (1.0, -1)), (u'dissolutionYear', (1.0, -1)), (u'minimumElevation', (1.0, -1)), (u'length', (1.0, -1)), (u'Lake/areaOfCatchment', (1.0, -1)), (u'Planet/periapsis', (1.0, -1)), (u'Planet/averageSpeed', (1.0, -1)), (u'PopulatedPlace/area', (1.0, -1)), (u'Building/floorArea', (1.0, -1)), (u'Infrastructure/length', (1.0, -1)), (u'yearOfConstruction', (1.0, -1)), (u'foundingYear', (1.0, -1)), (u'nrhpReferenceNumber', (1.0, -1))]
NOT correct mapping: squadNumber - minimumElevation
/Users/emiliakacprzak/Code/papers/semantification/benchmark_new/mediumSample/medium0/dbo_squadNumber-148-medium.csv
[(u'minimumElevation', (0.20689655172413793, 2.5)), (u'maximumElevation', (0.9828358208955223, 6.5)), (u'PopulatedPlace/areaTotal', (0.9990771576455483, 10.5)), (u'areaWater', (0.9999999767441861, 14.5)), (u'areaLand', (0.9999999990771576, 20.0)), (u'areaTotal', (0.9999999990771576, 21.0))]
 OVERAL ANALYSIS: 
top 1 correctly labelled: 236
top 3 correctly labelled: 240
top X correctly labelled: 240
total: 246
3000, 0
345, 0
3000, 0
3000, 0
129, 0
3000, 0
3000, 0
87, 0
3000, 0
3000, 0
3000, 0
3000, 1
3000, 0
342, 0
738, 0
75, 0
267, 0
102, 0
2100, 0
231, 0
3000, 0
201, 0
909, 0
1044, 0
2001, 0
753, 0
870, 0
921, 0
132, 0
936, -1
1821, 0
3000, 0
474, 0
3000, 0
3000, 0
3000, 0
3000, 0
1065, 0
363, -1
156, 0
75, 0
219, 0
3000, 0
3000, 1
993, 0
1719, 0
156, 0
3000, 0
3000, 0
60, 0
3000, 0
522, 0
72, 0
3000, 0
1113, 0
846, 0
2043, 0
102, 0
156, 0
99, 0
219, 0
156, 0
372, 0
1821, 0
120, 0
3000, 0
645, 0
3000, 0
1095, 0
3000, 0
288, -1
357, 0
1095, 2
765, 0
72, 0
3000, 0
63, 0
693, 0
3000, 0
69, 0
144, 0
3000, 0
3000, 0
3000, 0
93, 0
111, 0
3000, 0
351, 0
120, 0
84, 0
3000, 0
3000, 0
3000, 0
3000, 0
1131, 0
870, 0
3000, 0
249, -1
2325, 0
72, 0
2442, 0
198, 0
360, 0
1023, 0
444, 0
3000, 0
3000, 0
219, 0
3000, 0
3000, 0
201, 0
2958, 0
555, 0
756, 0
168, 0
159, 0
210, 0
87, 0
519, 0
2721, 0
3000, 0
2838, 0
444, 0
3000, 0
315, -1
3000, 0
324, 0
3000, 0
3000, 0
3000, 0
915, 0
165, 0
399, 0
3000, 0
3000, 0
198, 0
72, 0
252, 0
3000, 0
3000, 0
1083, 0
3000, 0
885, 0
336, 0
3000, 0
3000, 0
3000, 0
858, 0
60, 0
975, 0
288, 0
207, 0
3000, 0
81, 0
3000, 0
156, 0
342, 0
3000, 0
315, 0
3000, 0
183, 0
1623, 0
105, 0
63, 0
69, 0
3000, 0
3000, 0
246, 0
102, 0
165, 0
3000, 0
72, 0
2901, 0
3000, 0
3000, 0
87, 0
3000, 1
3000, 0
234, 0
3000, 0
3000, 0
2073, 0
3000, 0
1002, 0
774, 0
63, 0
417, 0
1695, 0
3000, 0
90, 0
3000, 0
72, 0
231, 0
273, 0
303, 0
267, 0
3000, 0
219, 0
141, 0
483, 0
3000, 0
267, 0
3000, 0
483, 0
849, 0
69, 0
504, 0
72, 0
156, 0
3000, 0
87, 0
3000, 0
3000, 0
126, 0
642, 0
507, 0
117, 0
2577, 0
441, 0
3000, 0
192, 0
174, 0
90, 0
462, 0
273, 0
186, 0
1899, 0
3000, 0
291, 0
117, 0
3000, 0
291, 0
1056, 0
789, 0
504, 0
3000, -1
336, 0
330, 0
1020, 0
174, 0
828, 0
3000, 0
63, 0
153, 0
3000, 0
201, 0
Size: medium Deviation: 5
0:  dbo_runwayLength-500-medium-5var.csv
1:  dbo_formationYear-817-medium-5var.csv
2:  dbo_areaTotal-180-medium-5var.csv
3:  dbo_yearOfConstruction-377-medium-5var.csv
4:  dbo_height-167-medium-5var.csv
5:  dbo_budget-936-medium-5var.csv
6:  dbo_activeYearsEndYear-196-medium-5var.csv
7:  dbo_draftYear-700-medium-5var.csv
8:  dbo_populationDensity-266-medium-5var.csv
9:  dbo_numberOfEpisodes-526.csv.results-medium-5var.csv
10:  dbo_serviceEndYear-722-medium-5var.csv
11:  dbo_areaWater-369-medium-5var.csv
12:  dbo_areaTotal-178-medium-5var.csv
13:  dbo_foundingYear-244-medium-5var.csv
14:  dbo_elevation-123-medium-5var.csv
15:  dbo_year-422-medium-5var.csv
16:  dbo_populationTotal-55-medium-5var.csv
17:  dbo_length-311-medium-5var.csv
18:  dbo_numberOfSeasons-892-medium-5var.csv
19:  dbo_numberOfStudents-464-medium-5var.csv
20:  dbo_numberOfGoals-14-medium-5var.csv
21:  dbo_yearOfConstruction-380-medium-5var.csv
22:  dbo_area-321-medium-5var.csv
23:  dbo_runtime-120-medium-5var.csv
24:  dbo_gross-960-medium-5var.csv
25:  dbo_runwayLength-516-medium-5var.csv
26:  dbo_minimumElevation-404-medium-5var.csv
27:  dbo_yearOfConstruction-378-medium-5var.csv
28:  dbo_shipBeam-591-medium-5var.csv
29:  dbo_runtime-104-medium-5var.csv
30:  dbo_areaLand-290-medium-5var.csv
31:  dbo_populationDensity-269-medium-5var.csv
32:  dbo_weight-283-medium-5var.csv
33:  dbo_weight-284-medium-5var.csv
34:  dbo_areaLand-297-medium-5var.csv
35:  dbo_populationDensity-253-medium-5var.csv
36:  dbo_runtime-103-medium-5var.csv
37:  dbo_runwayLength-508-medium-5var.csv
38:  dbo_formationYear-822-medium-5var.csv
39:  dbo_activeYearsStartYear-139-medium-5var.csv
40:  dbo_populationTotal-79-medium-5var.csv
41:  dbo_budget-927-medium-5var.csv
42:  dbo_minimumElevation-403-medium-5var.csv
43:  dbo_length-319-medium-5var.csv
44:  dbo_displacement-813-medium-5var.csv
45:  dbo_runtime-99-medium-5var.csv
46:  dbo_area-326-medium-5var.csv
47:  dbo_numberOfGoals-13-medium-5var.csv
48:  dbo_length-316-medium-5var.csv
49:  dbo_budget-928-medium-5var.csv
50:  dbo_activeYearsEndYear-188-medium-5var.csv
51:  dbo_maximumElevation-399-medium-5var.csv
52:  dbo_elevation-124-medium-5var.csv
53:  dbo_foundingYear-243-medium-5var.csv
54:  dbo_numberOfEpisodes-548-medium-5var.csv
55:  dbo_numberOfSeasons-906-medium-5var.csv
56:  dbo_area-329-medium-5var.csv
57:  dbo_shipBeam-599-medium-5var.csv
58:  dbo_areaLand-298-medium-5var.csv
59:  dbo_activeYearsEndYear-191-medium-5var.csv
60:  dbo_activeYearsStartYear-136-medium-5var.csv
61:  dbo_budget-931-medium-5var.csv
62:  dbo_populationTotal-76-medium-5var.csv
63:  dbo_height-160-medium-5var.csv
64:  dbo_areaTotal-187-medium-5var.csv
65:  dbo_numberOfStudents-432-medium-5var.csv
66:  dbo_areaLand-305-medium-5var.csv
67:  dbo_activeYearsStartYear-138-medium-5var.csv
68:  dbo_weight-285-medium-5var.csv
69:  dbo_populationDensity-252-medium-5var.csv
70:  dbo_area-327-medium-5var.csv
71:  dbo_squadNumber-154-medium-5var.csv
72:  dbo_maximumElevation-397-medium-5var.csv
73:  dbo_year-416-medium-5var.csv
74:  dbo_length-318-medium-5var.csv
75:  dbo_runtime-98-medium-5var.csv
76:  dbo_numberOfStudents-425-medium-5var.csv
77:  dbo_elevation-125-medium-5var.csv
78:  dbo_maximumElevation-398-medium-5var.csv
79:  dbo_numberOfPages-604-medium-5var.csv
80:  dbo_foundingYear-242-medium-5var.csv
