Size: small Deviation: 0
0:  dbo_runwayLength-512-small.csv
1:  dbo_numberOfPages-649-small.csv
2:  dbo_foundingYear-247-small.csv
3:  dbo_deathYear-39-small.csv
4:  dbo_length-312-small.csv
5:  dbo_numberOfGoals-13-small.csv
6:  dbo_yearOfConstruction-381-small.csv
7:  dbo_capacity-1011-small.csv
8:  dbo_runtime-109-small.csv
9:  dbo_areaTotal-187-small.csv
10:  dbo_elevation-126-small.csv
11:  dbo_area-326-small.csv
12:  dbo_populationDensity-257-small.csv
13:  dbo_areaWater-357-small.csv
14:  dbo_height-163-small.csv
15:  dbo_weight-280-small.csv
16:  dbo_numberOfEpisodes-543-small.csv
17:  dbo_areaWater-362-small.csv
18:  dbo_areaLand-291-small.csv
19:  dbo_populationDensity-259.csv.results-small.csv
20:  dbo_width-1022-small.csv
21:  dbo_runtime-104-small.csv
22:  dbo_populationTotal-55-small.csv
23:  dbo_length-314-small.csv
24:  dbo_budget-932-small.csv
25:  dbo_populationDensity-269-small.csv
26:  dbo_foundingYear-241-small.csv
27:  dbo_maximumElevation-398-small.csv
28:  dbo_areaWater-369-small.csv
29:  dbo_draftYear-703-small.csv
30:  dbo_activeYearsStartYear-140-small.csv
31:  dbo_areaLand-301-small.csv
32:  dbo_openingYear-386.csv.results-small.csv
33:  dbo_squadNumber-154-small.csv
34:  dbo_numberOfGoals-15-small.csv
35:  dbo_year-414-small.csv
36:  dbo_number-345.csv.results-small.csv
37:  dbo_maximumElevation-402-small.csv
38:  dbo_runwayLength-500-small.csv
39:  dbo_populationTotal-74-small.csv
40:  dbo_numberOfEpisodes-548-small.csv
41:  dbo_openingYear-390-small.csv
42:  dbo_length-319-small.csv
43:  dbo_areaWater-364-small.csv
44:  dbo_maximumElevation-395-small.csv
45:  dbo_areaLand-297-small.csv
46:  dbo_draftYear-681-small.csv
47:  dbo_width-1024-small.csv
48:  dbo_numberOfEpisodes-526.csv.results-small.csv
49:  dbo_area-320-small.csv
50:  dbo_openingYear-389-small.csv
51:  dbo_year-419-small.csv
52:  dbo_activeYearsEndYear-196-small.csv
53:  dbo_areaTotal-181-small.csv
54:  dbo_displacement-813-small.csv
55:  dbo_displacement-807-small.csv
56:  dbo_populationTotal-79-small.csv
57:  dbo_weight-286-small.csv
58:  dbo_height-165-small.csv
59:  dbo_yearOfConstruction-376-small.csv
60:  dbo_minimumElevation-407-small.csv
61:  dbo_activeYearsEndYear-188-small.csv
62:  dbo_populationDensity-267.csv.results-small.csv
63:  dbo_openingYear-383-small.csv
64:  dbo_runtime-108-small.csv
65:  dbo_yearOfConstruction-380-small.csv
66:  dbo_deathYear-42-small.csv
67:  dbo_shipBeam-599-small.csv
68:  dbo_length-313-small.csv
69:  dbo_budget-935-small.csv
70:  dbo_weight-281-small.csv
71:  dbo_height-162-small.csv
72:  dbo_numberOfEmployees-712-small.csv
73:  dbo_areaTotal-186-small.csv
74:  dbo_elevation-127-small.csv
75:  dbo_runwayLength-491-small.csv
76:  dbo_area-327-small.csv
77:  dbo_areaWater-356-small.csv
78:  dbo_activeYearsEndYear-191-small.csv
79:  dbo_numberOfStudents-425-small.csv
80:  dbo_width-1023-small.csv
81:  dbo_areaWater-363-small.csv
82:  dbo_areaLand-290-small.csv
83:  dbo_gross-956-small.csv
84:  dbo_draftYear-702-small.csv
85:  dbo_activeYearsStartYear-141-small.csv
86:  dbo_areaLand-300-small.csv
87:  dbo_budget-927-small.csv
88:  dbo_numberOfGoals-14-small.csv
89:  dbo_length-315-small.csv
90:  dbo_populationTotal-54-small.csv
91:  dbo_budget-933-small.csv
92:  dbo_maximumElevation-399-small.csv
93:  dbo_populationDensity-268-small.csv
94:  dbo_foundingYear-240-small.csv
95:  dbo_year-420-small.csv
96:  dbo_populationTotal-75-small.csv
97:  dbo_openingYear-391-small.csv
98:  dbo_runtime-103-small.csv
99:  dbo_width-1025-small.csv
100:  dbo_draftYear-680-small.csv
101:  dbo_numberOfGoals-19-small.csv
102:  dbo_activeYearsStartYear-136-small.csv
103:  dbo_shipBeam-592-small.csv
104:  dbo_length-318-small.csv
105:  dbo_areaWater-365-small.csv
106:  dbo_populationDensity-265-small.csv
107:  dbo_maximumElevation-394-small.csv
108:  dbo_height-164-small.csv
109:  dbo_yearOfConstruction-377-small.csv
110:  dbo_weight-287-small.csv
111:  dbo_minimumElevation-406-small.csv
112:  dbo_numberOfSeasons-906-small.csv
113:  dbo_area-321-small.csv
114:  dbo_activeYearsEndYear-197-small.csv
115:  dbo_openingYear-388-small.csv
116:  dbo_areaTotal-180-small.csv
117:  dbo_gross-947-small.csv
118:  dbo_foundingYear-245-small.csv
119:  dbo_budget-936-small.csv
120:  dbo_numberOfPages-604-small.csv
121:  dbo_length-310-small.csv
122:  dbo_squadNumber-150-small.csv
123:  dbo_areaLand-305-small.csv
124:  dbo_height-159-small.csv
125:  dbo_populationTotal-64-small.csv
126:  dbo_elevation-129-small.csv
127:  dbo_runtime-92-small.csv
128:  dbo_populationDensity-258-small.csv
129:  dbo_area-329-small.csv
130:  dbo_width-1018-small.csv
131:  dbo_numberOfStudents-464-small.csv
132:  dbo_serviceStartYear-674-small.csv
133:  dbo_topSpeed-863-small.csv
134:  dbo_numberOfStudents-432-small.csv
135:  dbo_areaTotal-179-small.csv
136:  dbo_squadNumber-149-small.csv
137:  dbo_activeYearsStartYear-133-small.csv
138:  dbo_runtime-106-small.csv
139:  dbo_populationDensity-274-small.csv
140:  dbo_serviceEndYear-722-small.csv
141:  dbo_runwayLength-492-small.csv
142:  dbo_elevation-124-small.csv
143:  dbo_areaTotal-185-small.csv
144:  dbo_activeYearsEndYear-192-small.csv
145:  dbo_area-324-small.csv
146:  dbo_capacity-989-small.csv
147:  dbo_minimumElevation-403-small.csv
148:  dbo_draftYear-679-small.csv
149:  dbo_height-161-small.csv
150:  dbo_weight-282-small.csv
151:  dbo_elevation-130-small.csv
152:  dbo_year-416-small.csv
153:  dbo_maximumElevation-400-small.csv
154:  dbo_runwayLength-516-small.csv
155:  dbo_formationYear-817-small.csv
156:  dbo_populationTotal-76-small.csv
157:  dbo_openingYear-392-small.csv
158:  dbo_gross-960-small.csv
159:  dbo_minimumElevation-408-small.csv
160:  dbo_squadNumber-142-small.csv
161:  dbo_length-316-small.csv
162:  dbo_numberOfStudents-439-small.csv
163:  dbo_runtime-119-small.csv
164:  dbo_areaLand-298-small.csv
165:  dbo_deathYear-47-small.csv
166:  dbo_foundingYear-243-small.csv
167:  dbo_numberOfPages-616-small.csv
168:  dbo_squadNumber-156-small.csv
169:  dbo_formationYear-822-small.csv
170:  dbo_activeYearsStartYear-138-small.csv
171:  dbo_activeYearsEndYear-194-small.csv
172:  dbo_populationDensity-253-small.csv
173:  dbo_area-322-small.csv
174:  dbo_minimumElevation-411-small.csv
175:  dbo_runtime-99-small.csv
176:  dbo_serviceEndYear-724-small.csv
177:  dbo_areaTotal-183-small.csv
178:  dbo_elevation-122-small.csv
179:  dbo_minimumElevation-405-small.csv
180:  dbo_weight-284-small.csv
181:  dbo_height-167-small.csv
182:  dbo_shipBeam-591-small.csv
183:  dbo_maximumElevation-397-small.csv
184:  dbo_populationDensity-266-small.csv
185:  dbo_weight-278-small.csv
186:  dbo_activeYearsStartYear-135-small.csv
187:  dbo_numberOfGoals-10-small.csv
188:  dbo_yearOfConstruction-382-small.csv
189:  dbo_height-158-small.csv
190:  dbo_draftYear-689-small.csv
191:  dbo_foundingYear-244-small.csv
192:  dbo_length-311-small.csv
193:  dbo_width-1019-small.csv
194:  dbo_serviceStartYear-675-small.csv
195:  dbo_activeYearsStartYear-132-small.csv
196:  dbo_width-1021-small.csv
197:  dbo_numberOfEpisodes-561-small.csv
198:  dbo_squadNumber-148-small.csv
199:  dbo_areaTotal-178-small.csv
200:  dbo_weight-283-small.csv
201:  dbo_height-160-small.csv
202:  dbo_yearOfConstruction-373-small.csv
203:  dbo_runwayLength-487-small.csv
204:  dbo_runwayLength-508-small.csv
205:  dbo_elevation-131-small.csv
206:  dbo_elevation-125-small.csv
207:  dbo_areaTotal-184-small.csv
208:  dbo_activeYearsEndYear-193-small.csv
209:  dbo_topSpeed-864-small.csv
210:  dbo_populationTotal-77-small.csv
211:  dbo_yearOfConstruction-378-small.csv
212:  dbo_minimumElevation-409-small.csv
213:  dbo_numberOfSeasons-892-small.csv
214:  dbo_openingYear-387-small.csv
215:  dbo_maximumElevation-401-small.csv
216:  dbo_draftYear-700-small.csv
217:  dbo_activeYearsStartYear-139-small.csv
218:  dbo_budget-931-small.csv
219:  dbo_length-317-small.csv
220:  dbo_populationTotal-56-small.csv
221:  dbo_year-422-small.csv
222:  dbo_areaLand-299-small.csv
223:  dbo_foundingYear-242-small.csv
224:  dbo_displacement-804-small.csv
225:  dbo_serviceEndYear-731-small.csv
226:  dbo_minimumElevation-404-small.csv
227:  dbo_yearOfConstruction-375-small.csv
228:  dbo_height-166-small.csv
229:  dbo_weight-285-small.csv
230:  dbo_runtime-120-small.csv
231:  dbo_minimumElevation-410-small.csv
232:  dbo_area-323-small.csv
233:  dbo_numberOfEpisodes-552-small.csv
234:  dbo_populationDensity-252-small.csv
235:  dbo_runtime-98-small.csv
236:  dbo_areaTotal-182-small.csv
237:  dbo_elevation-123-small.csv
238:  dbo_weight-279-small.csv
239:  dbo_runtime-101-small.csv
240:  dbo_gross-959-small.csv
241:  dbo_budget-928-small.csv
242:  dbo_activeYearsStartYear-134-small.csv
243:  dbo_populationDensity-267-small.csv
244:  dbo_areaWater-367-small.csv
245:  dbo_draftYear-696-small.csv
all datasets: 246
 COLUMN LEVEL ANALYSIS: 
top 1 correctly labelled: 73
top 3 correctly labelled: 126
top X correctly labelled: 194
total: 246
 ROW LEVEL ANALYSIS: 
top 1 correctly labelled: 191
top 3 correctly labelled: 244
top X correctly labelled: 244
total: 246
NOT correct mapping: draftYear - activeYearsStartYear
/Users/emiliakacprzak/Code/papers/semantification/benchmark_new/smallSample/small0/dbo_draftYear-702-small.csv
[(u'activeYearsStartYear', (0.0, 6.5)), (u'draftYear', (0.0, 6.5)), (u'activeYearsEndYear', (0.0, 6.5)), (u'year', (0.019175931584345163, -1)), (u'draftPick', (0.8310640443772063, 19.0)), (u'Person/weight', (0.9519636913767019, 18.0)), (u'number', (0.9655347187024835, 23.0)), (u'weight', (0.9791824137062233, 20.0)), (u'foundingYear', (0.99204623558093841, -1)), (u'draftRound', (0.9939485627836612, 31.25)), (u'height', (0.9990649520927887, 33.0)), (u'undraftedYear', (0.99995015349336247, -1)), (u'imdbId', (0.99999731516135903, -1)), (u'espnId', (0.99999731516135903, -1)), (u'podiums', (0.99999999383938398, -1)), (u'poles', (0.99999999383938398, -1)), (u'races', (0.99999999383938398, -1)), (u'fastestLap', (0.99999999383938398, -1)), (u'championships', (0.99999999383938398, -1)), (u'wins', (0.99999999906474168, -1)), (u'careerPrizeMoney', (0.99999999999999911, -1)), (u'Person/height', (1.0, -1))]
NOT correct mapping: yearOfConstruction - buildingStartYear
/Users/emiliakacprzak/Code/papers/semantification/benchmark_new/smallSample/small0/dbo_yearOfConstruction-377-small.csv
[(u'buildingStartYear', (0.0, 2.0)), (u'buildingEndYear', (0.0, 3.0)), (u'yearOfConstruction', (0.0, 6.5)), (u'birthYear', (0.0037837837837837837, 10.0)), (u'openingYear', (0.009871668311944718, 11.0)), (u'deathYear', (0.043591074208614425, 13.0)), (u'area', (0.07088458706256212, 21.199999999999999)), (u'populationDensity', (0.5287769784172662, 16.0)), (u'PopulatedPlace/populationDensity', (0.5287769784172662, 17.0)), (u'speedLimit', (0.8753738783649053, 20.0)), (u'voltageOfElectrification', (0.91976, 20.0)), (u'volume', (0.93192542853916427, -1)), (u'PopulatedPlace/areaTotal', (0.9400218102508179, 22.0)), (u'PopulatedPlace/area', (0.9422028353326063, 23.0)), (u'length', (0.9635272727272727, 24.0)), (u'Infrastructure/length', (0.9725822532402791, 25.0)), (u'seatingCapacity', (0.97535701802438768, -1)), (u'escapeVelocity', (0.98665847715528032, -1)), (u'elevation', (0.9940021810250818, 27.5)), (u'yearOfElectrification', (0.9947225212387879, -1)), (u'populationTotal', (0.9959180948141554, 29.0)), (u'populationUrban', (0.9970275526742302, 30.0)), (u'populationMetro', (0.9981780250347705, 31.0)), (u'utcOffset', (0.9994547437295529, 32.0)), (u'numberOfStudents', (0.99963403383781824, -1)), (u'activeYearsEndYear', (0.99972784726300878, -1)), (u'nrhpReferenceNumber', (0.9997830165871765, 36.5)), (u'buildingEndDate', (0.99996929219530317, -1)), (u'closingYear', (0.99997880539390205, -1)), (u'areaTotal', (0.9999833272727273, 40.0)), (u'runwayLength', (0.99999124995944355, -1)), (u'passengersPerYear', (0.99999269817119507, -1)), (u'draftYear', (0.99999684374462305, -1)), (u'prominence', (0.99999700910525058, -1)), (u'numberOfTracks', (0.99999731516135903, -1)), (u'cost', (0.99999731516135903, -1)), (u'fareZone', (0.99999731516135903, -1)), (u'floorArea', (0.99999731516135903, -1)), (u'shoreLength', (0.99999731516135903, -1)), (u'activeYearsStartYear', (0.9999982140264797, -1)), (u'areaWater', (0.99999924101846649, -1)), (u'buildingStartDate', (0.99999952382195001, -1)), (u'formationYear', (0.9999995791377716, -1)), (u'grayPage', (0.99999960441105484, -1)), (u'mouthElevation', (0.99999960441105484, -1)), (u'temperature', (0.99999960441105484, -1)), (u'mainspan', (0.99999960441105484, -1)), (u'graySubject', (0.99999960441105484, -1)), (u'percentageOfAreaWater', (0.99999960441105484, -1)), (u'areaOfCatchment', (0.99999965062618412, -1)), (u'averageDepth', (0.99999965062618412, -1)), (u'numberOfEmployees', (0.99999981184707898, -1)), (u'width', (0.99999986696429188, -1)), (u'meanTemperature', (0.99999994695275274, -1)), (u'Planet/meanTemperature', (0.99999994695275274, -1)), (u'declination', (0.99999999279590868, -1)), (u'lineLength', (0.99999999916681515, -1)), (u'apparentMagnitude', (0.99999999986242294, -1)), (u'isHandicappedAccessible', (0.99999999988603916, -1)), (u'dissolutionYear', (0.99999999992808175, -1)), (u'averageSpeed', (0.99999999998194433, -1)), (u'Planet/temperature', (0.99999999999725786, -1)), (u'rotationPeriod', (0.99999999999745415, -1)), (u'visitorStatisticsAsOf', (0.99999999999754308, -1)), (u'foundingYear', (0.99999999999922284, -1)), (u'absoluteMagnitude', (0.99999999999968947, -1)), (u'numberOfStations', (0.99999999999994316, -1)), (u'orbitalPeriod', (0.99999999999995581, -1)), (u'albedo', (0.99999999999999367, -1)), (u'apoapsis', (0.99999999999999367, -1)), (u'areaCode', (0.99999999999999767, -1)), (u'height', (0.99999999999999978, -1)), (u'maximumDepth', (0.99999999999999978, -1)), (u'periapsis', (0.99999999999999989, -1)), (u'postalCode', (1.0, -1)), (u'areaLand', (1.0, -1)), (u'numberOfVisitors', (1.0, -1)), (u'Planet/orbitalPeriod', (1.0, -1)), (u'Planet/periapsis', (1.0, -1)), (u'numberOfRestaurants', (1.0, -1)), (u'Lake/volume', (1.0, -1)), (u'minimumElevation', (1.0, -1)), (u'numberOfRooms', (1.0, -1)), (u'floorCount', (1.0, -1)), (u'Planet/apoapsis', (1.0, -1)), (u'Planet/averageSpeed', (1.0, -1)), (u'inseeCode', (1.0, -1)), (u'Building/floorArea', (1.0, -1)), (u'numberOfSuites', (1.0, -1)), (u'railwayPlatforms', (1.0, -1)), (u'bedCount', (1.0, -1)), (u'Lake/shoreLength', (1.0, -1)), (u'maximumElevation', (1.0, -1)), (u'Lake/areaOfCatchment', (1.0, -1))]
NOT correct mapping: squadNumber - numberOfParticipatingNations
/Users/emiliakacprzak/Code/papers/semantification/benchmark_new/smallSample/small0/dbo_squadNumber-149-small.csv
[(u'numberOfParticipatingNations', (0.9411764705882353, 2.0)), (u'numberOfParticipatingAthletes', (0.9979973297730307, 6.5)), (u'capacity', (0.9997428571428572, 10.0))]
NOT correct mapping: year - formationYear
/Users/emiliakacprzak/Code/papers/semantification/benchmark_new/smallSample/small0/dbo_year-422-small.csv
[(u'formationYear', (0.009164969450101833, 1.0)), (u'maximumElevation', (0.797675647120972, 2.0)), (u'minimumElevation', (0.9487585842577919, 3.0)), (u'PopulatedPlace/areaTotal', (0.9799302382290264, 4.0)), (u'areaWater', (0.9999986706460674, 5.0)), (u'areaLand', (0.9999999796225928, 6.0)), (u'areaTotal', (0.9999999799302383, 7.0))]
NOT correct mapping: serviceEndYear - deathYear
/Users/emiliakacprzak/Code/papers/semantification/benchmark_new/smallSample/small0/dbo_serviceEndYear-731-small.csv
[(u'deathYear', (0.0, 4.0)), (u'serviceEndYear', (0.0, 5.833333333333333)), (u'serviceStartYear', (0.0, 9.1666666666666661)), (u'birthYear', (0.021532298447671506, 11.0)), (u'foundingYear', (0.27157910517148276, -1)), (u'Person/weight', (0.99999999999916955, -1)), (u'Person/height', (1.0, -1))]
NOT correct mapping: activeYearsStartYear - activeYearsEndYear
/Users/emiliakacprzak/Code/papers/semantification/benchmark_new/smallSample/small0/dbo_activeYearsStartYear-134-small.csv
[(u'activeYearsEndYear', (0.0, 3.0)), (u'activeYearsStartYear', (0.0, 5.25)), (u'deathYear', (0.82137428961159065, -1)), (u'foundingYear', (0.97274885942415279, -1)), (u'imdbId', (0.9991042843428367, 10.0)), (u'runtime', (0.99999614007817383, -1)), (u'numberOfFilms', (0.99999614007817383, -1)), (u'Work/runtime', (0.99999994695275274, -1)), (u'birthYear', (0.99999999653150462, -1)), (u'Person/height', (0.99999999999960698, -1)), (u'height', (0.99999999999968947, -1)), (u'Person/weight', (0.99999999999994316, -1))]
 OVERAL ANALYSIS: 
top 1 correctly labelled: 240
top 3 correctly labelled: 244
top X correctly labelled: 244
total: 246
1500, 0
1500, 0
165, 0
156, 0
219, 0
123, 0
198, 0
168, 0
1500, 0
1500, 0
240, 0
99, 0
81, 0
1500, 0
810, 0
51, 0
546, 0
1500, 0
1500, 0
108, 0
252, 0
1500, 0
1500, 0
1500, 0
1500, 0
531, 0
858, 0
78, 0
1500, 0
1500, 0
36, 0
522, 0
1500, 0
1500, 0
132, 0
456, 0
1500, 0
1500, 0
1500, 0
1500, 0
1500, 0
345, 0
999, 0
1500, 0
78, 0
1500, 0
1161, 0
435, 0
1500, 0
1500, 0
378, 0
441, 0
87, 0
99, 0
36, 0
36, 0
1479, 0
321, 0
258, 0
51, 0
78, 0
171, 0
108, 0
459, 0
30, 0
36, 0
123, 0
1500, 0
42, 0
99, 0
1449, 0
171, 0
1500, 0
1050, 0
180, 0
36, 0
423, 0
510, 0
30, 0
1221, 0
222, 0
1500, 0
540, 0
60, 0
1500, 1
1500, 0
846, 0
135, 0
468, 0
1500, 0
1500, 0
132, 0
1500, 0
1500, 0
1500, 0
510, 0
1500, 0
252, 0
1500, 0
501, 0
69, 0
132, 0
1500, 0
33, 0
1500, 0
564, 0
1500, 0
39, 0
96, 0
1500, 2
276, 0
144, 0
63, 0
375, 0
1359, 0
63, 0
1500, 0
1500, 0
45, 0
99, 0
1500, 0
429, 0
105, 0
1500, 0
207, 0
45, 0
1500, 0
87, 0
30, 0
423, 0
252, 0
186, 0
174, 0
1500, 0
1500, 0
1500, 0
144, -1
114, 0
33, 0
1500, 0
42, 0
54, 0
1500, 0
948, 0
177, 0
1500, 0
168, 0
36, 0
909, 0
144, 0
321, 0
1035, 0
33, 0
66, 0
1500, 0
42, 0
1500, 0
42, 0
57, 0
1500, 0
81, 0
1500, 0
1500, 0
36, 0
1500, 0
144, 0
435, 0
30, 0
42, 0
78, 0
231, 0
30, 0
555, 0
75, 0
78, 0
48, 0
162, 0
1020, 0
1500, 0
1500, 0
90, 0
261, 0
30, 0
78, 0
1500, 0
84, 0
1500, 0
126, 0
1500, 0
453, 0
1500, 0
237, 0
1500, 0
222, 0
414, 0
387, 0
108, 0
108, 0
1500, 0
1500, 0
93, 0
381, 0
102, 0
57, 0
1500, 0
171, 0
1500, 0
546, 0
1500, 0
1500, 0
1500, 0
60, 0
114, 0
1500, 0
99, 0
150, 0
909, 0
1419, 0
156, 0
528, 0
393, 0
180, -1
1500, 0
240, 0
36, 0
369, 1
117, 0
72, 0
486, 0
51, 0
1500, 0
1500, 0
1500, 0
45, 0
1500, 0
1500, 0
1500, 0
1500, 0
78, 0
36, 0
1500, 0
135, 0
1500, 1
1287, 0
495, 0
51, 0
Size: small Deviation: 5
0:  dbo_populationDensity-274-small-5var.csv
1:  dbo_activeYearsStartYear-140-small-5var.csv
2:  dbo_budget-933-small-5var.csv
3:  dbo_minimumElevation-403-small-5var.csv
4:  dbo_populationDensity-269-small-5var.csv
5:  dbo_areaWater-357-small-5var.csv
6:  dbo_activeYearsStartYear-139-small-5var.csv
7:  dbo_yearOfConstruction-382-small-5var.csv
8:  dbo_activeYearsStartYear-136-small-5var.csv
9:  dbo_numberOfEmployees-712-small-5var.csv
10:  dbo_populationTotal-55-small-5var.csv
11:  dbo_squadNumber-148-small-5var.csv
12:  dbo_populationDensity-266-small-5var.csv
13:  dbo_yearOfConstruction-375-small-5var.csv
14:  dbo_minimumElevation-404-small-5var.csv
15:  dbo_minimumElevation-411-small-5var.csv
16:  dbo_populationDensity-267.csv.results-small-5var.csv
17:  dbo_budget-928-small-5var.csv
18:  dbo_capacity-1011-small-5var.csv
19:  dbo_squadNumber-154-small-5var.csv
20:  dbo_minimumElevation-410-small-5var.csv
21:  dbo_minimumElevation-405-small-5var.csv
22:  dbo_gross-959-small-5var.csv
23:  dbo_populationDensity-259.csv.results-small-5var.csv
24:  dbo_year-416-small-5var.csv
25:  dbo_numberOfPages-616-small-5var.csv
26:  dbo_populationDensity-267-small-5var.csv
27:  dbo_runtime-92-small-5var.csv
28:  dbo_shipBeam-592-small-5var.csv
29:  dbo_squadNumber-149-small-5var.csv
30:  dbo_populationTotal-54-small-5var.csv
31:  dbo_runtime-120-small-5var.csv
32:  dbo_budget-935-small-5var.csv
33:  dbo_populationDensity-268-small-5var.csv
34:  dbo_yearOfConstruction-373-small-5var.csv
35:  dbo_maximumElevation-402-small-5var.csv
36:  dbo_activeYearsStartYear-138-small-5var.csv
37:  dbo_year-419-small-5var.csv
38:  dbo_areaWater-356-small-5var.csv
39:  dbo_numberOfPages-604-small-5var.csv
40:  dbo_budget-927-small-5var.csv
41:  dbo_budget-932-small-5var.csv
42:  dbo_activeYearsStartYear-141-small-5var.csv
43:  dbo_numberOfSeasons-892-small-5var.csv
44:  dbo_gross-956-small-5var.csv
45:  dbo_maximumElevation-400-small-5var.csv
46:  dbo_serviceStartYear-674-small-5var.csv
47:  dbo_width-1018-small-5var.csv
48:  dbo_minimumElevation-408-small-5var.csv
49:  dbo_activeYearsStartYear-132-small-5var.csv
50:  dbo_height-159-small-5var.csv
51:  dbo_yearOfConstruction-376-small-5var.csv
52:  dbo_runtime-98-small-5var.csv
53:  dbo_formationYear-822-small-5var.csv
54:  dbo_minimumElevation-407-small-5var.csv
55:  dbo_squadNumber-156-small-5var.csv
56:  dbo_populationTotal-56-small-5var.csv
57:  dbo_numberOfEpisodes-561-small-5var.csv
58:  dbo_populationDensity-265-small-5var.csv
59:  dbo_year-414-small-5var.csv
60:  dbo_yearOfConstruction-381-small-5var.csv
61:  dbo_activeYearsStartYear-135-small-5var.csv
62:  dbo_gross-947-small-5var.csv
63:  dbo_shipBeam-591-small-5var.csv
64:  dbo_budget-936-small-5var.csv
65:  dbo_numberOfStudents-464-small-5var.csv
66:  dbo_activeYearsStartYear-134-small-5var.csv
67:  dbo_topSpeed-864-small-5var.csv
68:  dbo_yearOfConstruction-380-small-5var.csv
69:  dbo_numberOfSeasons-906-small-5var.csv
70:  dbo_minimumElevation-406-small-5var.csv
71:  dbo_squadNumber-142-small-5var.csv
72:  dbo_shipBeam-599-small-5var.csv
73:  dbo_runtime-99-small-5var.csv
74:  dbo_yearOfConstruction-377-small-5var.csv
75:  dbo_budget-931-small-5var.csv
76:  dbo_minimumElevation-409-small-5var.csv
77:  dbo_yearOfConstruction-378-small-5var.csv
78:  dbo_topSpeed-863-small-5var.csv
79:  dbo_activeYearsStartYear-133-small-5var.csv
80:  dbo_height-158-small-5var.csv
81:  dbo_maximumElevation-401-small-5var.csv
82:  dbo_width-1019-small-5var.csv
83:  dbo_squadNumber-150-small-5var.csv
84:  dbo_serviceStartYear-675-small-5var.csv
85:  dbo_width-1025-small-5var.csv
86:  dbo_openingYear-387-small-5var.csv
87:  dbo_openingYear-392-small-5var.csv
88:  dbo_populationDensity-257-small-5var.csv
89:  dbo_populationTotal-64-small-5var.csv
90:  dbo_draftYear-679-small-5var.csv
91:  dbo_weight-284-small-5var.csv
92:  dbo_areaTotal-180-small-5var.csv
93:  dbo_length-319-small-5var.csv
94:  dbo_areaWater-369-small-5var.csv
95:  dbo_displacement-807-small-5var.csv
96:  dbo_area-327-small-5var.csv
97:  dbo_elevation-125-small-5var.csv
98:  dbo_elevation-130-small-5var.csv
99:  dbo_activeYearsEndYear-197-small-5var.csv
100:  dbo_height-164-small-5var.csv
101:  dbo_length-311-small-5var.csv
102:  dbo_numberOfEpisodes-526.csv.results-small-5var.csv
103:  dbo_populationTotal-79-small-5var.csv
104:  dbo_foundingYear-243-small-5var.csv
105:  dbo_maximumElevation-395-small-5var.csv
106:  dbo_draftYear-703-small-5var.csv
107:  dbo_numberOfGoals-14-small-5var.csv
108:  dbo_draftYear-681-small-5var.csv
109:  dbo_populationTotal-76-small-5var.csv
110:  dbo_areaTotal-178-small-5var.csv
111:  dbo_width-1022-small-5var.csv
112:  dbo_elevation-122-small-5var.csv
113:  dbo_area-320-small-5var.csv
114:  dbo_areaTotal-187-small-5var.csv
115:  dbo_serviceEndYear-722-small-5var.csv
116:  dbo_weight-283-small-5var.csv
117:  dbo_runwayLength-487-small-5var.csv
118:  dbo_runwayLength-492-small-5var.csv
119:  dbo_length-316-small-5var.csv
120:  dbo_height-163-small-5var.csv
121:  dbo_numberOfGoals-13-small-5var.csv
122:  dbo_populationDensity-258-small-5var.csv
123:  dbo_openingYear-388-small-5var.csv
124:  dbo_foundingYear-244-small-5var.csv
125:  dbo_formationYear-817-small-5var.csv
126:  dbo_draftYear-689-small-5var.csv
127:  dbo_area-329-small-5var.csv
128:  dbo_activeYearsEndYear-191-small-5var.csv
129:  dbo_height-162-small-5var.csv
130:  dbo_areaWater-367-small-5var.csv
131:  dbo_length-317-small-5var.csv
132:  dbo_foundingYear-245-small-5var.csv
133:  dbo_openingYear-389-small-5var.csv
134:  dbo_deathYear-42-small-5var.csv
135:  dbo_numberOfEpisodes-548-small-5var.csv
136:  dbo_width-1023-small-5var.csv
137:  dbo_runtime-103-small-5var.csv
138:  dbo_areaTotal-179-small-5var.csv
139:  dbo_populationTotal-77-small-5var.csv
140:  dbo_draftYear-680-small-5var.csv
141:  dbo_weight-282-small-5var.csv
142:  dbo_areaTotal-186-small-5var.csv
143:  dbo_runwayLength-516-small-5var.csv
144:  dbo_year-420-small-5var.csv
145:  dbo_area-321-small-5var.csv
146:  dbo_elevation-123-small-5var.csv
147:  dbo_areaLand-305-small-5var.csv
148:  dbo_length-310-small-5var.csv
149:  dbo_height-165-small-5var.csv
150:  dbo_activeYearsEndYear-196-small-5var.csv
151:  dbo_numberOfGoals-15-small-5var.csv
152:  dbo_draftYear-702-small-5var.csv
153:  dbo_runtime-119-small-5var.csv
154:  dbo_maximumElevation-394-small-5var.csv
155:  dbo_foundingYear-242-small-5var.csv
156:  dbo_runtime-104-small-5var.csv
157:  dbo_width-1024-small-5var.csv
158:  dbo_numberOfStudents-432-small-5var.csv
159:  dbo_gross-960-small-5var.csv
160:  dbo_numberOfEpisodes-552-small-5var.csv
161:  dbo_elevation-131-small-5var.csv
162:  dbo_elevation-124-small-5var.csv
163:  dbo_area-326-small-5var.csv
164:  dbo_displacement-813-small-5var.csv
165:  dbo_areaTotal-181-small-5var.csv
166:  dbo_length-318-small-5var.csv
167:  dbo_serviceEndYear-731-small-5var.csv
168:  dbo_serviceEndYear-724-small-5var.csv
169:  dbo_weight-285-small-5var.csv
170:  dbo_draftYear-700-small-5var.csv
171:  dbo_foundingYear-240-small-5var.csv
172:  dbo_numberOfPages-649-small-5var.csv
173:  dbo_deathYear-47-small-5var.csv
174:  dbo_height-167-small-5var.csv
175:  dbo_activeYearsEndYear-194-small-5var.csv
176:  dbo_areaWater-362-small-5var.csv
177:  dbo_length-312-small-5var.csv
178:  dbo_weight-287-small-5var.csv
179:  dbo_areaLand-297-small-5var.csv
180:  dbo_areaTotal-183-small-5var.csv
181:  dbo_area-324-small-5var.csv
182:  dbo_elevation-126-small-5var.csv
183:  dbo_displacement-804-small-5var.csv
184:  dbo_numberOfStudents-425-small-5var.csv
185:  dbo_openingYear-391-small-5var.csv
186:  dbo_runtime-106-small-5var.csv
187:  dbo_weight-278-small-5var.csv
188:  dbo_numberOfGoals-10-small-5var.csv
189:  dbo_foundingYear-247-small-5var.csv
190:  dbo_runtime-109-small-5var.csv
191:  dbo_runwayLength-491-small-5var.csv
192:  dbo_areaLand-300-small-5var.csv
193:  dbo_areaLand-298-small-5var.csv
194:  dbo_length-315-small-5var.csv
195:  dbo_areaWater-365-small-5var.csv
196:  dbo_elevation-129-small-5var.csv
197:  dbo_activeYearsEndYear-193-small-5var.csv
198:  dbo_height-160-small-5var.csv
199:  dbo_area-323-small-5var.csv
200:  dbo_year-422-small-5var.csv
201:  dbo_areaTotal-184-small-5var.csv
202:  dbo_deathYear-39-small-5var.csv
203:  dbo_areaLand-290-small-5var.csv
204:  dbo_weight-280-small-5var.csv
205:  dbo_populationTotal-75-small-5var.csv
206:  dbo_maximumElevation-399-small-5var.csv
207:  dbo_runtime-101-small-5var.csv
208:  dbo_populationDensity-253-small-5var.csv
209:  dbo_openingYear-383-small-5var.csv
210:  dbo_width-1021-small-5var.csv
211:  dbo_weight-281-small-5var.csv
212:  dbo_capacity-989-small-5var.csv
213:  dbo_runwayLength-500-small-5var.csv
214:  dbo_areaLand-291-small-5var.csv
215:  dbo_areaTotal-185-small-5var.csv
216:  dbo_area-322-small-5var.csv
217:  dbo_numberOfEpisodes-543-small-5var.csv
218:  dbo_populationDensity-252-small-5var.csv
219:  dbo_numberOfGoals-19-small-5var.csv
220:  dbo_maximumElevation-398-small-5var.csv
221:  dbo_populationTotal-74-small-5var.csv
222:  dbo_draftYear-696-small-5var.csv
223:  dbo_runtime-108-small-5var.csv
224:  dbo_height-161-small-5var.csv
225:  dbo_activeYearsEndYear-192-small-5var.csv
226:  dbo_openingYear-386.csv.results-small-5var.csv
227:  dbo_areaWater-364-small-5var.csv
228:  dbo_length-314-small-5var.csv
229:  dbo_areaLand-299-small-5var.csv
230:  dbo_runwayLength-508-small-5var.csv
231:  dbo_areaLand-301-small-5var.csv
232:  dbo_elevation-127-small-5var.csv
233:  dbo_activeYearsEndYear-188-small-5var.csv
234:  dbo_areaTotal-182-small-5var.csv
235:  dbo_runwayLength-512-small-5var.csv
236:  dbo_weight-286-small-5var.csv
237:  dbo_weight-279-small-5var.csv
238:  dbo_openingYear-390-small-5var.csv
239:  dbo_numberOfStudents-439-small-5var.csv
240:  dbo_number-345.csv.results-small-5var.csv
241:  dbo_foundingYear-241-small-5var.csv
242:  dbo_maximumElevation-397-small-5var.csv
243:  dbo_length-313-small-5var.csv
244:  dbo_areaWater-363-small-5var.csv
245:  dbo_height-166-small-5var.csv
all datasets: 246
 COLUMN LEVEL ANALYSIS: 
top 1 correctly labelled: 65
top 3 correctly labelled: 111
top X correctly labelled: 194
total: 246
 ROW LEVEL ANALYSIS: 
top 1 correctly labelled: 201
top 3 correctly labelled: 244
top X correctly labelled: 244
total: 246
NOT correct mapping: activeYearsStartYear - draftYear
/Users/emiliakacprzak/Code/papers/semantification/benchmark_new/smallSample/small5/dbo_activeYearsStartYear-139-small-5var.csv
[(u'draftYear', (0.006413418845584608, 6.4000000000000004)), (u'activeYearsStartYear', (0.006968641114982578, 7.166666666666667)), (u'activeYearsEndYear', (0.021897810218978103, 8.0)), (u'runwayLength', (0.06375666530850858, 16.0)), (u'buildingEndDate', (0.1021759697256386, 16.0)), (u'year', (0.71819806814239395, -1)), (u'Person/weight', (0.9440552540700542, 21.5)), (u'foundingYear', (0.96584988698585184, -1)), (u'weight', (0.9758235294117648, 27.5)), (u'number', (0.9834586466165414, 34.600000000000001)), (u'elevation', (0.989120151371807, 32.5)), (u'height', (0.998955996131528, 39.5)), (u'undraftedYear', (0.99987566283243889, -1)), (u'races', (0.99999999127257211, -1)), (u'podiums', (0.99999999259658023, -1)), (u'poles', (0.99999999259658023, -1)), (u'fastestLap', (0.99999999259658023, -1)), (u'imdbId', (0.99999999372412307, -1)), (u'championships', (0.99999999372412307, -1)), (u'wins', (0.99999999857474531, -1)), (u'careerPrizeMoney', (0.999999999999999, -1)), (u'Person/height', (1.0, -1)), (u'draftPick', (1.0, -1)), (u'draftRound', (1.0, -1))]
NOT correct mapping: activeYearsStartYear - birthYear
/Users/emiliakacprzak/Code/papers/semantification/benchmark_new/smallSample/small5/dbo_activeYearsStartYear-136-small-5var.csv
[(u'birthYear', (0.00973360655737705, 1.0)), (u'activeYearsEndYear', (0.01045816733067729, 5.0)), (u'activeYearsStartYear', (0.01327433628318584, 6.875)), (u'deathYear', (0.90294316331864266, -1)), (u'Person/height', (0.9105480868665977, 12.0)), (u'foundingYear', (0.92568610852341571, -1)), (u'height', (0.999105480868666, 13.0)), (u'runtime', (0.99999658330750862, -1)), (u'numberOfFilms', (0.99999658330750862, -1)), (u'Work/runtime', (0.99999995054557855, -1)), (u'Person/weight', (0.99999999999993561, -1)), (u'imdbId', (1.0, -1))]
NOT correct mapping: minimumElevation - elevation
/Users/emiliakacprzak/Code/papers/semantification/benchmark_new/smallSample/small5/dbo_minimumElevation-405-small-5var.csv
[(u'elevation', (7.568785352388794e-05, 13.375)), (u'minimumElevation', (0.010141459158378408, 6.4444444444444446)), (u'populationTotal', (0.14140237468896324, 29.777777777777779)), (u'maximumElevation', (0.20818464456834532, 23.0)), (u'temperature', (0.44304759382784364, -1)), (u'PopulatedPlace/area', (0.661067889049703, 41.111111111111114)), (u'Planet/temperature', (0.85633160277777898, -1)), (u'inseeCode', (0.9189900000100978, 52.222222222222221)), (u'postalCode', (0.9266512314377143, 52.555555555555557)), (u'volume', (0.93192542853916427, -1)), (u'meanTemperature', (0.94318566327305398, -1)), (u'Planet/meanTemperature', (0.94318566327305398, -1)), (u'escapeVelocity', (0.98712224234164125, -1)), (u'prominence', (0.98804245024230786, -1)), (u'mouthElevation', (0.99782762780591516, -1)), (u'populationTotalRanking', (0.99804720504127342, -1)), (u'PopulatedPlace/populationDensity', (0.99974961904272786, -1)), (u'populationDensity', (0.99974961904272786, -1)), (u'width', (0.99978615870911447, -1)), (u'percentageOfAreaWater', (0.99982595316568412, -1)), (u'area', (0.9999328896898906, 67.0)), (u'declination', (0.99994806513301893, -1)), (u'PopulatedPlace/areaMetro', (0.99997587925504261, -1)), (u'numberOfTracks', (0.99998245872076075, -1)), (u'averageDepth', (0.9999889331979428, -1)), (u'shoreLength', (0.99999731516135903, -1)), (u'cost', (0.99999731516135903, -1)), (u'floorArea', (0.99999731516135903, -1)), (u'areaWater', (0.99999924101846649, -1)), (u'Lake/areaOfCatchment', (0.99999949579465686, -1)), (u'areaOfCatchment', (0.99999965062618412, -1)), (u'buildingEndDate', (0.99999965062618412, -1)), (u'buildingStartDate', (0.99999965062618412, -1)), (u'PopulatedPlace/areaTotal', (0.99999977140213281, -1)), (u'apparentMagnitude', (0.99999987204716356, -1)), (u'maximumDepth', (0.99999999528401551, -1)), (u'Lake/shoreLength', (0.99999999959402608, -1)), (u'absoluteMagnitude', (0.99999999978289433, -1)), (u'runwayLength', (0.9999999997999478, -1)), (u'averageSpeed', (0.9999999999950766, -1)), (u'albedo', (0.99999999999978761, -1)), (u'rotationPeriod', (0.99999999999982625, -1)), (u'areaCode', (0.99999999999988254, -1)), (u'orbitalPeriod', (0.99999999999995581, -1)), (u'openingYear', (0.99999999999999367, -1)), (u'apoapsis', (0.99999999999999367, -1)), (u'Planet/averageSpeed', (0.99999999999999933, -1)), (u'periapsis', (0.99999999999999989, -1)), (u'Planet/orbitalPeriod', (1.0, -1)), (u'nrhpReferenceNumber', (1.0, -1)), (u'areaTotal', (1.0, -1)), (u'areaLand', (1.0, -1)), (u'utcOffset', (1.0, -1)), (u'Planet/apoapsis', (1.0, -1)), (u'Infrastructure/length', (1.0, -1)), (u'Planet/periapsis', (1.0, -1)), (u'Building/floorArea', (1.0, -1)), (u'Lake/volume', (1.0, -1)), (u'yearOfConstruction', (1.0, -1)), (u'foundingYear', (1.0, -1)), (u'dissolutionYear', (1.0, -1)), (u'length', (1.0, -1))]
NOT correct mapping: squadNumber - numberOfParticipatingNations
/Users/emiliakacprzak/Code/papers/semantification/benchmark_new/smallSample/small5/dbo_squadNumber-149-small-5var.csv
[(u'numberOfParticipatingNations', (0.9411764705882353, 2.0)), (u'numberOfParticipatingAthletes', (0.9979973297730307, 6.5)), (u'capacity', (0.9997428571428572, 10.0))]
NOT correct mapping: yearOfConstruction - openingYear
/Users/emiliakacprzak/Code/papers/semantification/benchmark_new/smallSample/small5/dbo_yearOfConstruction-373-small-5var.csv
[(u'openingYear', (0.0025329280648429585, 1.0)), (u'yearOfConstruction', (0.009743589743589744, 4.5)), (u'Infrastructure/length', (0.23085399217288988, 13.5)), (u'length', (0.42421953161688136, 14.5)), (u'area', (0.5379133451614339, 11.333333333333334)), (u'mainspan', (0.7529483282674772, 12.0)), (u'buildingStartYear', (0.86812493269482172, -1)), (u'volume', (0.89483531891637946, -1)), (u'vehiclesPerDay', (0.9268888888888889, 14.0)), (u'height', (0.9382370820668693, 15.0)), (u'seatingCapacity', (0.94888443572993564, -1)), (u'routeNumber', (0.9653029518384257, 16.0)), (u'escapeVelocity', (0.97366921187524869, -1)), (u'yearOfElectrification', (0.98935661284288279, -1)), (u'width', (0.9925884498480243, 17.0)), (u'buildingEndDate', (0.99278380212450223, -1)), (u'closingYear', (0.99537049824403168, -1)), (u'passengersPerYear', (0.99775833708890571, -1)), (u'toll', (0.9979736575481256, 18.0)), (u'runwayLength', (0.99948499494770393, -1)), (u'buildingStartDate', (0.99958434433202914, -1)), (u'nrhpReferenceNumber', (0.9996100638715378, 23.5)), (u'areaWater', (0.99993731266481123, -1)), (u'shoreLength', (0.9999412691165025, -1)), (u'prominence', (0.99998470172942633, -1)), (u'cost', (0.99998470172942633, -1)), (u'numberOfTracks', (0.99998470172942633, -1)), (u'floorArea', (0.99998470172942633, -1)), (u'fareZone', (0.99998470172942633, -1)), (u'speedLimit', (0.99998470172942633, -1)), (u'areaOfCatchment', (0.99999651823676172, -1)), (u'mouthElevation', (0.99999651823676172, -1)), (u'averageDepth', (0.99999651823676172, -1)), (u'temperature', (0.99999651823676172, -1)), (u'percentageOfAreaWater', (0.99999651823676172, -1)), (u'dissolutionYear', (0.99999901877736186, -1)), (u'meanTemperature', (0.99999914660193601, -1)), (u'Planet/meanTemperature', (0.99999914660193601, -1)), (u'areaCode', (0.99999940073354843, -1)), (u'declination', (0.99999977605591872, -1)), (u'lineLength', (0.99999993740790893, -1)), (u'visitorStatisticsAsOf', (0.99999997953158581, -1)), (u'apparentMagnitude', (0.99999998145180935, -1)), (u'isHandicappedAccessible', (0.99999998145180935, -1)), (u'averageSpeed', (0.99999998665542633, -1)), (u'rotationPeriod', (0.99999999547574903, -1)), (u'foundingYear', (0.99999999725007527, -1)), (u'Planet/temperature', (0.99999999808957385, -1)), (u'absoluteMagnitude', (0.99999999934063821, -1)), (u'orbitalPeriod', (0.99999999976211451, -1)), (u'numberOfStations', (0.99999999976211451, -1)), (u'albedo', (0.99999999991053357, -1)), (u'apoapsis', (0.99999999991053357, -1)), (u'maximumDepth', (0.99999999998580691, -1)), (u'periapsis', (0.99999999998580691, -1)), (u'Planet/orbitalPeriod', (0.99999999999447764, -1)), (u'populationTotal', (0.99999999999546219, -1)), (u'populationDensity', (0.99999999999604672, -1)), (u'PopulatedPlace/populationDensity', (0.99999999999604672, -1)), (u'PopulatedPlace/areaTotal', (0.99999999999671285, -1)), (u'railwayPlatforms', (0.99999999999946709, -1)), (u'Lake/areaOfCatchment', (0.99999999999968237, -1)), (u'areaLand', (0.99999999999987743, -1)), (u'Planet/averageSpeed', (0.99999999999993894, -1)), (u'floorCount', (0.99999999999999256, -1)), (u'Lake/shoreLength', (0.99999999999999967, -1)), (u'Lake/volume', (0.99999999999999989, -1)), (u'Building/floorArea', (1.0, -1)), (u'areaTotal', (1.0, -1)), (u'minimumElevation', (1.0, -1)), (u'maximumElevation', (1.0, -1)), (u'utcOffset', (1.0, -1)), (u'inseeCode', (1.0, -1)), (u'Planet/apoapsis', (1.0, -1)), (u'Planet/periapsis', (1.0, -1)), (u'elevation', (1.0, -1)), (u'PopulatedPlace/area', (1.0, -1)), (u'postalCode', (1.0, -1))]
NOT correct mapping: serviceStartYear - serviceEndYear
/Users/emiliakacprzak/Code/papers/semantification/benchmark_new/smallSample/small5/dbo_serviceStartYear-674-small-5var.csv
[(u'serviceEndYear', (0.0, 7.1428571428571432)), (u'serviceStartYear', (0.0030627871362940277, 7.8571428571428568)), (u'draftYear', (0.050173869846000994, 15.0)), (u'activeYearsStartYear', (0.050173869846000994, 16.0)), (u'birthYear', (0.42400590088209911, -1)), (u'foundingYear', (0.92668368575300941, -1)), (u'Person/weight', (0.9501799163179916, 17.0)), (u'weight', (0.9799277735785672, 18.0)), (u'number', (0.9973849372384938, 19.0)), (u'height', (0.9989903765690377, 20.0)), (u'electionMajority', (0.99999999251196448, -1)), (u'Person/height', (0.99999999999999711, -1))]
NOT correct mapping: formationYear - foundingYear
/Users/emiliakacprzak/Code/papers/semantification/benchmark_new/smallSample/small5/dbo_formationYear-822-small-5var.csv
[(u'foundingYear', (0.004714510214772132, 5.0)), (u'formationYear', (0.008060453400503778, 4.666666666666667)), (u'extinctionYear', (0.02888446215139442, 7.0)), (u'numberOfLocations', (0.96538294827001381, -1)), (u'capacity', (0.9748291315785995, 10.0)), (u'activeYearsEndYear', (0.99538383017477416, -1)), (u'activeYearsStartYear', (0.99880236326273608, -1)), (u'production', (0.99920323708933301, -1)), (u'numberOfUndergraduateStudents', (0.99922238250306061, -1)), (u'shareOfAudience', (0.99929526771271093, -1)), (u'internationally', (0.9994761655316919, 11.0)), (u'PopulatedPlace/populationDensity', (0.9998435425454445, -1)), (u'Building/floorArea', (0.99997543878332251, -1)), (u'facilityId', (0.99999360552407479, -1)), (u'numberOfEmployees', (0.99999993307331858, -1)), (u'frequency', (0.99999993772769247, -1)), (u'equity', (0.99999993772769247, -1)), (u'facultySize', (0.99999993772769247, -1)), (u'Person/weight', (0.99999993772769247, -1)), (u'numberOfStudents', (0.99999999032506826, -1)), (u'Person/height', (0.99999999114953175, -1)), (u'budget', (0.99999999114953175, -1)), (u'assets', (0.99999999806562723, -1)), (u'postalCode', (0.99999999914208604, -1)), (u'Work/runtime', (0.99999999932414652, -1)), (u'netIncome', (0.99999999947315255, -1)), (u'operatingIncome', (0.9999999995867217, -1)), (u'revenue', (0.99999999999991829, -1)), (u'ageRange', (0.99999999999999722, -1)), (u'School/campusSize', (1.0, -1)), (u'PopulatedPlace/areaTotal', (1.0, -1))]
NOT correct mapping: yearOfConstruction - birthYear
/Users/emiliakacprzak/Code/papers/semantification/benchmark_new/smallSample/small5/dbo_yearOfConstruction-377-small-5var.csv
[(u'birthYear', (0.003243243243243243, 1.0)), (u'buildingStartYear', (0.005982053838484547, 2.0)), (u'buildingEndYear', (0.005982053838484547, 3.0)), (u'yearOfConstruction', (0.005982053838484547, 8.25)), (u'openingYear', (0.01579466929911155, 6.0)), (u'deathYear', (0.043072132848988066, 13.0)), (u'area', (0.10745615118882297, 21.199999999999999)), (u'populationDensity', (0.527235354573484, 16.0)), (u'PopulatedPlace/populationDensity', (0.527235354573484, 17.0)), (u'speedLimit', (0.8746238716148446, 19.5)), (u'voltageOfElectrification', (0.92024, 21.0)), (u'volume', (0.93192542853916427, -1)), (u'PopulatedPlace/areaTotal', (0.9402173913043478, 22.0)), (u'PopulatedPlace/area', (0.9423913043478261, 23.0)), (u'length', (0.9637454545454546, 24.0)), (u'Infrastructure/length', (0.9724172517552658, 25.0)), (u'seatingCapacity', (0.97535701802438768, -1)), (u'escapeVelocity', (0.98665847715528032, -1)), (u'elevation', (0.9940217391304348, 27.5)), (u'yearOfElectrification', (0.9947225212387879, -1)), (u'activeYearsEndYear', (0.99492157261221725, -1)), (u'populationTotal', (0.9959047407077677, 29.0)), (u'populationUrban', (0.9970178282009724, 30.0)), (u'populationMetro', (0.9981720643751242, 31.0)), (u'buildingEndDate', (0.99883857342381133, -1)), (u'closingYear', (0.9991803689704033, -1)), (u'utcOffset', (0.9994565217391305, 32.0)), (u'numberOfStudents', (0.99963403383781824, -1)), (u'activeYearsStartYear', (0.99964783294920501, -1)), (u'nrhpReferenceNumber', (0.9997761282248646, 36.5)), (u'draftYear', (0.99992469218789648, -1)), (u'buildingStartDate', (0.99992995858537526, -1)), (u'passengersPerYear', (0.99996727914423078, -1)), (u'runwayLength', (0.9999745480071075, -1)), (u'areaTotal', (0.9999832727272727, 40.0)), (u'formationYear', (0.99998379732341236, -1)), (u'shoreLength', (0.99999608991330868, -1)), (u'prominence', (0.99999700910525058, -1)), (u'numberOfTracks', (0.99999731516135903, -1)), (u'cost', (0.99999731516135903, -1)), (u'fareZone', (0.99999731516135903, -1)), (u'floorArea', (0.99999731516135903, -1)), (u'areaWater', (0.99999924101846649, -1)), (u'grayPage', (0.99999960441105484, -1)), (u'mouthElevation', (0.99999960441105484, -1)), (u'temperature', (0.99999960441105484, -1)), (u'mainspan', (0.99999960441105484, -1)), (u'graySubject', (0.99999960441105484, -1)), (u'percentageOfAreaWater', (0.99999960441105484, -1)), (u'areaOfCatchment', (0.99999965062618412, -1)), (u'averageDepth', (0.99999965062618412, -1)), (u'foundingYear', (0.9999997724394899, -1)), (u'width', (0.99999984137552345, -1)), (u'numberOfEmployees', (0.99999984298909539, -1)), (u'meanTemperature', (0.99999994695275274, -1)), (u'Planet/meanTemperature', (0.99999994695275274, -1)), (u'declination', (0.99999999279590868, -1)), (u'lineLength', (0.99999999916681515, -1)), (u'apparentMagnitude', (0.99999999986242294, -1)), (u'isHandicappedAccessible', (0.99999999988603916, -1)), (u'dissolutionYear', (0.99999999993962208, -1)), (u'averageSpeed', (0.99999999998194433, -1)), (u'visitorStatisticsAsOf', (0.9999999999927055, -1)), (u'Planet/temperature', (0.99999999999725786, -1)), (u'rotationPeriod', (0.99999999999745415, -1)), (u'absoluteMagnitude', (0.99999999999968947, -1)), (u'numberOfStations', (0.99999999999994316, -1)), (u'orbitalPeriod', (0.99999999999995581, -1)), (u'albedo', (0.99999999999999367, -1)), (u'apoapsis', (0.99999999999999367, -1)), (u'areaCode', (0.99999999999999534, -1)), (u'height', (0.99999999999999978, -1)), (u'maximumDepth', (0.99999999999999978, -1)), (u'periapsis', (0.99999999999999989, -1)), (u'postalCode', (1.0, -1)), (u'areaLand', (1.0, -1)), (u'numberOfVisitors', (1.0, -1)), (u'Planet/orbitalPeriod', (1.0, -1)), (u'Planet/periapsis', (1.0, -1)), (u'numberOfRestaurants', (1.0, -1)), (u'Lake/volume', (1.0, -1)), (u'minimumElevation', (1.0, -1)), (u'numberOfRooms', (1.0, -1)), (u'floorCount', (1.0, -1)), (u'Planet/apoapsis', (1.0, -1)), (u'Planet/averageSpeed', (1.0, -1)), (u'inseeCode', (1.0, -1)), (u'Building/floorArea', (1.0, -1)), (u'numberOfSuites', (1.0, -1)), (u'railwayPlatforms', (1.0, -1)), (u'bedCount', (1.0, -1)), (u'Lake/shoreLength', (1.0, -1)), (u'maximumElevation', (1.0, -1)), (u'Lake/areaOfCatchment', (1.0, -1))]
NOT correct mapping: serviceStartYear - serviceEndYear
/Users/emiliakacprzak/Code/papers/semantification/benchmark_new/smallSample/small5/dbo_serviceStartYear-675-small-5var.csv
[(u'serviceEndYear', (0.0, 7.7142857142857144)), (u'serviceStartYear', (0.006979062811565304, 8.5714285714285712)), (u'birthYear', (0.023983315954118872, 6.0)), (u'deathYear', (0.052151898734177214, 16.0)), (u'foundingYear', (0.92153956857977548, -1)), (u'electionMajority', (0.99999971442285152, -1)), (u'imdbId', (0.99999999774452297, -1)), (u'Person/weight', (0.9999999999980077, -1)), (u'Person/height', (1.0, -1))]
NOT correct mapping: openingYear - closingYear
/Users/emiliakacprzak/Code/papers/semantification/benchmark_new/smallSample/small5/dbo_openingYear-392-small-5var.csv
[(u'closingYear', (0.001514386673397274, 11.0)), (u'reopeningYear', (0.003489531405782652, 2.0)), (u'openingYear', (0.010967098703888335, 10.333333333333334)), (u'deathYear', (0.19119119119119118, 20.0)), (u'foundingYear', (0.50781272964003277, -1)), (u'trackLength', (0.6547457627118644, 22.5)), (u'seatingCapacity', (0.8524426719840479, 22.5)), (u'numberOfStations', (0.9863705199394245, 25.0)), (u'lineLength', (0.9904759615384615, 26.0)), (u'railGauge', (0.9992955326460481, 27.0)), (u'Person/weight', (0.99999993055223169, -1)), (u'Person/height', (0.99999999719579702, -1))]
NOT correct mapping: draftYear - activeYearsEndYear
/Users/emiliakacprzak/Code/papers/semantification/benchmark_new/smallSample/small5/dbo_draftYear-681-small-5var.csv
[(u'activeYearsEndYear', (0.008919722497522299, 4.5)), (u'draftYear', (0.010406342913776016, 9.0)), (u'activeYearsStartYear', (0.010406342913776016, 9.1428571428571423)), (u'runtime', (0.10224438902743142, 17.0)), (u'year', (0.78267867852684314, -1)), (u'Person/height', (0.9074525085241111, 18.0)), (u'Person/weight', (0.9386358771060457, 22.857142857142858)), (u'weight', (0.9393428425878757, 30.5)), (u'numberOfEpisodes', (0.9660847880299251, 27.0)), (u'number', (0.9723502304147466, 36.399999999999999)), (u'foundingYear', (0.9752601090875459, -1)), (u'Work/runtime', (0.9850374064837906, 36.0)), (u'numberOfSeasons', (0.9965087281795512, 41.0)), (u'height', (0.9989049554013875, 44.5)), (u'undraftedYear', (0.99973462706981187, -1)), (u'podiums', (0.9999999932292849, -1)), (u'poles', (0.9999999932292849, -1)), (u'imdbId', (0.9999999932292849, -1)), (u'races', (0.9999999932292849, -1)), (u'fastestLap', (0.9999999932292849, -1)), (u'championships', (0.9999999932292849, -1)), (u'wins', (0.99999999892580471, -1)), (u'careerPrizeMoney', (0.99999999999999878, -1)), (u'draftPick', (1.0, -1)), (u'draftRound', (1.0, -1))]
NOT correct mapping: width - maximumDepth
/Users/emiliakacprzak/Code/papers/semantification/benchmark_new/smallSample/small5/dbo_width-1022-small-5var.csv
[(u'maximumDepth', (0.00099810590381121944, -1)), (u'width', (0.0030590895341207776, 4.0)), (u'numberOfStations', (0.085182610829355077, -1)), (u'numberOfSpans', (0.12095694259885909, 12.4)), (u'numberOfPiersInWater', (0.4725741655593155, 15.0)), (u'apparentMagnitude', (0.5079801133066193, -1)), (u'mainspan', (0.6012236358136483, 19.5)), (u'length', (0.7148232165428742, 27.0)), (u'Infrastructure/length', (0.7660441231586026, 27.666666666666668)), (u'height', (0.7844615870213235, 17.666666666666668)), (u'averageDepth', (0.81832567142358714, -1)), (u'Planet/averageSpeed', (0.85719509499487301, -1)), (u'PopulatedPlace/area', (0.9698197988549766, -1)), (u'absoluteMagnitude', (0.97242581757053392, -1)), (u'fareZone', (0.97460157721043861, -1)), (u'yearOfElectrification', (0.97460157721043861, -1)), (u'Lake/shoreLength', (0.98316584487673142, -1)), (u'buildingStartDate', (0.9851126337404266, 34.0)), (u'buildingEndDate', (0.9851352818635395, 37.25)), (u'volume', (0.99004412718349466, -1)), (u'openingYear', (0.9912491500799795, 39.0)), (u'PopulatedPlace/populationDensity', (0.99406136584813987, -1)), (u'populationDensity', (0.99406136584813987, -1)), (u'closingYear', (0.9971701475051642, 43.0)), (u'mouthElevation', (0.99885742561233992, -1)), (u'Lake/areaOfCatchment', (0.99911970346420353, -1)), (u'declination', (0.99936304590727776, -1)), (u'vehiclesPerDay', (0.9994807829047455, 45.0)), (u'speedLimit', (0.99955417625341014, -1)), (u'otherServingLines', (0.9996906620219066, -1)), (u'escapeVelocity', (0.99976186461804928, -1)), (u'percentageOfAreaWater', (0.99981927937571824, -1)), (u'floorCount', (0.99995615947069139, -1)), (u'visitorsPercentageChange', (0.99998235819256009, -1)), (u'seatingCapacity', (0.99998615161639937, -1)), (u'numberOfTracks', (0.99998748060915532, -1)), (u'floorArea', (0.99999021277264, -1)), (u'prominence', (0.99999021277264, -1)), (u'buildingStartYear', (0.99999021277264, -1)), (u'shoreLength', (0.99999021277264, -1)), (u'temperature', (0.99999339132975917, -1)), (u'areaWater', (0.99999446629368971, -1)), (u'cost', (0.99999464871392818, -1)), (u'areaOfCatchment', (0.99999912003622526, -1)), (u'unitedStatesNationalBridgeId', (0.99999912003622526, -1)), (u'meanTemperature', (0.99999930543311666, -1)), (u'Planet/meanTemperature', (0.99999930543311666, -1)), (u'voltageOfElectrification', (0.99999967287690705, -1)), (u'postalCode', (0.99999967287690705, -1)), (u'code', (0.99999984877130987, -1)), (u'toll', (0.9999999709285875, -1)), (u'lineLength', (0.99999998717392402, -1)), (u'trackLength', (0.99999998717392402, -1)), (u'runwayLength', (0.99999999731607248, -1)), (u'Planet/temperature', (0.99999999878558554, -1)), (u'isHandicappedAccessible', (0.99999999902118708, -1)), (u'canBaggageChecked', (0.99999999980335674, -1)), (u'visitorStatisticsAsOf', (0.99999999986973442, -1)), (u'PopulatedPlace/areaTotal', (0.99999999989341914, -1)), (u'routeNumber', (0.99999999994891808, -1)), (u'averageSpeed', (0.99999999996986466, -1)), (u'passengersPerDay', (0.99999999996986466, -1)), (u'rotationPeriod', (0.99999999999280909, -1)), (u'orbitalPeriod', (0.99999999999804245, -1)), (u'railwayPlatforms', (0.99999999999817457, -1)), (u'passengersPerYear', (0.99999999999945743, -1)), (u'apoapsis', (0.99999999999955091, -1)), (u'albedo', (0.99999999999955091, -1)), (u'periapsis', (0.99999999999997413, -1)), (u'averageAnnualGeneration', (0.99999999999997413, -1)), (u'numberOfPlatformLevels', (0.99999999999999145, -1)), (u'rebuildingYear', (0.99999999999999933, -1)), (u'populationTotal', (1.0, -1)), (u'areaLand', (1.0, -1)), (u'Planet/orbitalPeriod', (1.0, -1)), (u'foundingYear', (1.0, -1)), (u'Planet/periapsis', (1.0, -1)), (u'elevation', (1.0, -1)), (u'minimumElevation', (1.0, -1)), (u'Planet/apoapsis', (1.0, -1)), (u'installedCapacity', (1.0, -1)), (u'yearOfConstruction', (1.0, -1)), (u'inseeCode', (1.0, -1)), (u'area', (1.0, -1)), (u'Building/floorArea', (1.0, -1)), (u'areaCode', (1.0, -1)), (u'areaTotal', (1.0, -1)), (u'maximumElevation', (1.0, -1)), (u'Lake/volume', (1.0, -1)), (u'dissolutionYear', (1.0, -1)), (u'nrhpReferenceNumber', (1.0, -1)), (u'utcOffset', (1.0, -1))]
NOT correct mapping: serviceEndYear - serviceStartYear
/Users/emiliakacprzak/Code/papers/semantification/benchmark_new/smallSample/small5/dbo_serviceEndYear-722-small-5var.csv
[(u'serviceStartYear', (0.01529051987767584, 5.25)), (u'serviceEndYear', (0.01790416008425487, 5.75)), (u'birthYear', (0.024715768660405337, 8.0)), (u'activeYearsStartYear', (0.05125628140703518, 10.0)), (u'foundingYear', (0.94249210703318997, -1)), (u'deathYear', (0.9898063200815495, 13.0)), (u'Person/weight', (0.99999837871961073, -1)), (u'Person/height', (0.99999988258820383, -1))]
NOT correct mapping: activeYearsEndYear - draftYear
/Users/emiliakacprzak/Code/papers/semantification/benchmark_new/smallSample/small5/dbo_activeYearsEndYear-191-small-5var.csv
[(u'draftYear', (0.0025176233635448137, 10.0)), (u'activeYearsStartYear', (0.0025176233635448137, 13.444444444444445)), (u'activeYearsEndYear', (0.004012036108324975, 12.625)), (u'undraftedYear', (0.010484273589615577, 14.0)), (u'year', (0.18365613773879408, -1)), (u'draftPick', (0.882589061716006, 30.800000000000001)), (u'foundingYear', (0.90182822119270145, -1)), (u'Person/weight', (0.9428904024767801, 26.0)), (u'number', (0.9689922480620154, 30.25)), (u'weight', (0.9824897450261117, 30.0)), (u'draftRound', (0.9964877069744105, 38.600000000000001)), (u'height', (0.9990170278637771, 37.0)), (u'imdbId', (0.9997358221371162, -1)), (u'espnId', (0.9997358221371162, -1)), (u'wins', (0.99994630282338892, -1)), (u'podiums', (0.99996714450806512, -1)), (u'poles', (0.99996714450806512, -1)), (u'races', (0.99996714450806512, -1)), (u'fastestLap', (0.99996714450806512, -1)), (u'championships', (0.99996714450806512, -1)), (u'careerPrizeMoney', (0.99999875648361269, -1)), (u'Person/height', (0.99999969584476034, -1))]
NOT correct mapping: deathYear - birthYear
/Users/emiliakacprzak/Code/papers/semantification/benchmark_new/smallSample/small5/dbo_deathYear-42-small-5var.csv
[(u'birthYear', (0.0005232862375719519, 23.555555555555557)), (u'deathYear', (0.0020597322348094747, 13.888888888888889)), (u'activeYearsEndYear', (0.002485089463220676, 15.666666666666666)), (u'activeYearsStartYear', (0.009466865969108122, 20.888888888888889)), (u'foundingYear', (0.89745857782286131, -1)), (u'populationDensity', (0.9431979472140762, 38.5)), (u'PopulatedPlace/populationDensity', (0.9431980695400782, 38.5)), (u'PopulatedPlace/areaTotal', (0.996821999344518, 41.5)), (u'areaTotal', (0.9968530248778104, 43.5)), (u'imdbId', (0.9970271775517097, 45.0)), (u'populationTotal', (0.9999693418844402, 46.0)), (u'numberOfFilms', (0.99998126254058661, -1)), (u'Person/height', (0.99999999977562448, -1)), (u'height', (0.99999999977562448, -1)), (u'Person/weight', (0.99999999992759614, -1)), (u'weight', (1.0, -1))]
NOT correct mapping: serviceEndYear - serviceStartYear
/Users/emiliakacprzak/Code/papers/semantification/benchmark_new/smallSample/small5/dbo_serviceEndYear-731-small-5var.csv
[(u'serviceStartYear', (0.0005053057099545225, 7.166666666666667)), (u'serviceEndYear', (0.0015136226034308778, 8.3333333333333339)), (u'birthYear', (0.01791197543500512, 3.0)), (u'deathYear', (0.03905858788182273, 9.0)), (u'foundingYear', (0.68053111728740734, -1)), (u'Person/weight', (0.99999999999916955, -1)), (u'Person/height', (1.0, -1))]
NOT correct mapping: serviceEndYear - serviceStartYear
/Users/emiliakacprzak/Code/papers/semantification/benchmark_new/smallSample/small5/dbo_serviceEndYear-724-small-5var.csv
[(u'serviceStartYear', (0.014508328855454057, 8.4285714285714288)), (u'serviceEndYear', (0.015566290928609769, 9.7142857142857135)), (u'draftYear', (0.0309535696455317, 8.0)), (u'activeYearsStartYear', (0.0309535696455317, 12.5)), (u'activeYearsEndYear', (0.0988056460369164, 15.0)), (u'foundingYear', (0.26880477138158054, -1)), (u'birthYear', (0.71108382687331784, -1)), (u'Person/weight', (0.9415765069551777, 17.0)), (u'weight', (0.9828835978835979, 18.0)), (u'number', (0.9881504379185987, 21.0)), (u'height', (0.9989531169500258, 22.0)), (u'electionMajority', (0.99999998875490126, -1)), (u'Person/height', (0.99999999999999378, -1))]
NOT correct mapping: draftYear - activeYearsEndYear
/Users/emiliakacprzak/Code/papers/semantification/benchmark_new/smallSample/small5/dbo_draftYear-700-small-5var.csv
[(u'activeYearsEndYear', (0.0029688273132112814, 12.5)), (u'draftYear', (0.007928642220019821, 12.222222222222221)), (u'activeYearsStartYear', (0.007928642220019821, 12.777777777777779)), (u'year', (0.76532334371056776, -1)), (u'Person/weight', (0.9516729435084242, 29.0)), (u'foundingYear', (0.96089941119719968, -1)), (u'weight', (0.9748238767575784, 38.0)), (u'hallOfFame', (0.99748794401731811, -1)), (u'height', (0.9990433606953162, 47.0)), (u'undraftedYear', (0.99989235184338188, -1)), (u'imdbId', (0.99999704735216044, -1)), (u'podiums', (0.99999999240768334, -1)), (u'poles', (0.99999999240768334, -1)), (u'races', (0.99999999240768334, -1)), (u'fastestLap', (0.99999999240768334, -1)), (u'championships', (0.99999999240768334, -1)), (u'wins', (0.99999999873009571, -1)), (u'Person/height', (0.99999999984495169, -1)), (u'floorArea', (0.99999999999992273, -1)), (u'Building/floorArea', (0.99999999999992273, -1)), (u'careerPrizeMoney', (0.99999999999999811, -1)), (u'number', (1.0, -1)), (u'draftPick', (1.0, -1)), (u'draftRound', (1.0, -1))]
NOT correct mapping: deathYear - birthYear
/Users/emiliakacprzak/Code/papers/semantification/benchmark_new/smallSample/small5/dbo_deathYear-47-small-5var.csv
[(u'birthYear', (0.0021152829190904283, 14.333333333333334)), (u'activeYearsEndYear', (0.008585858585858586, 9.3333333333333339)), (u'deathYear', (0.010584677419354838, 14.777777777777779)), (u'activeYearsStartYear', (0.0110062893081761, 12.199999999999999)), (u'foundingYear', (0.49405151622747101, -1)), (u'imdbId', (0.9961192896612815, 28.0)), (u'Person/weight', (0.99999999997127431, -1)), (u'Person/height', (0.99999999999999423, -1))]
NOT correct mapping: openingYear - closingYear
/Users/emiliakacprzak/Code/papers/semantification/benchmark_new/smallSample/small5/dbo_openingYear-391-small-5var.csv
[(u'closingYear', (0.0121765601217656, 5.2000000000000002)), (u'openingYear', (0.014177215189873417, 8.125)), (u'capacity', (0.13077731092436976, 14.0)), (u'passengersPerDay', (0.1756, 25.0)), (u'sourceElevation', (0.424140500266099, 16.0)), (u'voltageOfElectrification', (0.5919477693144722, 17.0)), (u'trackLength', (0.6265557587670333, 18.0)), (u'Stream/maximumDischarge', (0.6597114935005446, 19.0)), (u'maximumDischarge', (0.6597117963558918, 20.0)), (u'foundingYear', (0.72823653311851988, -1)), (u'discharge', (0.8479419904204364, 21.0)), (u'Stream/discharge', (0.8479419999345397, 22.0)), (u'numberOfStations', (0.9075081610446137, 27.666666666666668)), (u'speedLimit', (0.9166666666666666, 24.0)), (u'Stream/watershed', (0.9172764018354905, 25.0)), (u'topSpeed', (0.9608269858541894, 27.0)), (u'averageSpeed', (0.9832970620239391, 28.0)), (u'numberOfLocations', (0.98582041642041263, -1)), (u'mouthElevation', (0.987833954230974, 29.0)), (u'lineLength', (0.9926068540623797, 30.0)), (u'formationYear', (0.99264154822538286, -1)), (u'numberOfLines', (0.9945593035908596, 33.5)), (u'yearOfConstruction', (0.9964489968509197, -1)), (u'length', (0.9972847527087446, 32.0)), (u'numberOfVehicles', (0.9980591945657448, 33.0)), (u'extinctionYear', (0.99874205948796169, -1)), (u'numberOfUndergraduateStudents', (0.99973010897114223, -1)), (u'production', (0.99980264648986028, -1)), (u'shareOfAudience', (0.99987746167992464, -1)), (u'activeYearsEndYear', (0.99999159356537493, -1)), (u'area', (0.99999294151766382, -1)), (u'PopulatedPlace/populationDensity', (0.99999446629368971, -1)), (u'Building/floorArea', (0.99999464871392818, -1)), (u'passengersPerYear', (0.9999963768972995, 37.0)), (u'facilityId', (0.99999912003622526, -1)), (u'activeYearsStartYear', (0.9999996263921862, -1)), (u'nrhpReferenceNumber', (0.99999978268836665, -1)), (u'watershed', (0.9999999172764173, 38.0)), (u'facultySize', (0.99999999902118708, -1)), (u'frequency', (0.99999999902118708, -1)), (u'equity', (0.99999999902118708, -1)), (u'Person/weight', (0.99999999902118708, -1)), (u'Person/height', (0.99999999995908506, -1)), (u'budget', (0.99999999995908506, -1)), (u'Work/runtime', (0.99999999999955091, -1)), (u'assets', (0.99999999999969469, -1)), (u'postalCode', (0.99999999999980205, -1)), (u'numberOfStudents', (0.99999999999993838, -1)), (u'operatingIncome', (0.99999999999995071, -1)), (u'netIncome', (0.99999999999999678, -1)), (u'numberOfEmployees', (0.99999999999999922, -1)), (u'internationally', (0.99999999999999989, -1)), (u'railGauge', (1.0, -1)), (u'revenue', (1.0, -1)), (u'School/campusSize', (1.0, -1)), (u'PopulatedPlace/areaTotal', (1.0, -1)), (u'ageRange', (1.0, -1)), (u'minimumDischarge', (1.0, 39.0)), (u'Stream/minimumDischarge', (1.0, 40.0))]
NOT correct mapping: year - formationYear
/Users/emiliakacprzak/Code/papers/semantification/benchmark_new/smallSample/small5/dbo_year-422-small-5var.csv
[(u'formationYear', (0.03854059609455293, 1.0)), (u'maximumElevation', (0.8047910295616718, 2.0)), (u'minimumElevation', (0.9505606523955148, 3.0)), (u'PopulatedPlace/areaTotal', (0.9791986938221605, 4.0)), (u'areaWater', (0.9999986221910112, 5.0)), (u'areaLand', (0.9999999788798346, 6.0)), (u'areaTotal', (0.9999999791986938, 7.0))]
NOT correct mapping: deathYear - activeYearsEndYear
/Users/emiliakacprzak/Code/papers/semantification/benchmark_new/smallSample/small5/dbo_deathYear-39-small-5var.csv
[(u'activeYearsEndYear', (0.0, 11.6)), (u'deathYear', (0.0020090406830738324, 12.777777777777779)), (u'birthYear', (0.0021493820526598604, 17.333333333333332)), (u'activeYearsStartYear', (0.006642820643842616, 15.4)), (u'foundingYear', (0.92181567651197394, -1)), (u'numberOfFilms', (0.99998722655016559, -1)), (u'Person/height', (0.99999999993447053, -1)), (u'height', (0.99999999993447053, -1)), (u'Person/weight', (0.99999999998152411, -1)), (u'weight', (1.0, -1)), (u'imdbId', (1.0, -1))]
NOT correct mapping: populationDensity - PopulatedPlace/populationDensity
/Users/emiliakacprzak/Code/papers/semantification/benchmark_new/smallSample/small5/dbo_populationDensity-253-small-5var.csv
[(u'PopulatedPlace/populationDensity', (0.0018207589151515435, 9.3333333333333339)), (u'populationDensity', (0.0018207589151515435, 9.6666666666666661)), (u'Lake/shoreLength', (0.054735686214751778, -1)), (u'populationTotalRanking', (0.15303777047684708, -1)), (u'percentageOfAreaWater', (0.48843475681750226, 25.666666666666668)), (u'maximumDepth', (0.76181592614649696, -1)), (u'volume', (0.92760811749516825, -1)), (u'apparentMagnitude', (0.9435597308504543, -1)), (u'PopulatedPlace/areaTotal', (0.9514573577609177, 37.111111111111114)), (u'averageDepth', (0.96394320409420775, -1)), (u'censusYear', (0.9744959542275123, 38.0)), (u'escapeVelocity', (0.98615116667181169, -1)), (u'Lake/areaOfCatchment', (0.9896771293534623, -1)), (u'foundingYear', (0.9936469010686944, 40.666666666666664)), (u'totalPopulation', (0.9979725416064354, 44.0)), (u'absoluteMagnitude', (0.99863897727685003, -1)), (u'Planet/averageSpeed', (0.99868103919215634, -1)), (u'temperature', (0.99872190201525413, -1)), (u'populationTotal', (0.9987867703944071, 51.888888888888886)), (u'mouthElevation', (0.99915544301183856, -1)), (u'declination', (0.99958128335738361, -1)), (u'meanTemperature', (0.99971821400553562, -1)), (u'Planet/meanTemperature', (0.99971821400553562, -1)), (u'minimumElevation', (0.99983590951781365, -1)), (u'numberOfTracks', (0.99992150533244861, -1)), (u'areaWater', (0.9999390689381242, 63.222222222222221)), (u'prominence', (0.99996910662132976, -1)), (u'shoreLength', (0.9999965663827004, -1)), (u'cost', (0.9999965663827004, -1)), (u'floorArea', (0.9999965663827004, -1)), (u'Planet/temperature', (0.99999870050711548, -1)), (u'PopulatedPlace/areaMetro', (0.99999890383245738, -1)), (u'runwayLength', (0.99999942652889295, -1)), (u'postalCode', (0.9999995133643006, -1)), (u'dissolutionYear', (0.9999995133643006, -1)), (u'areaLand', (0.9999995133643006, -1)), (u'buildingStartDate', (0.9999995133643006, -1)), (u'areaOfCatchment', (0.9999995133643006, -1)), (u'buildingEndDate', (0.9999995133643006, -1)), (u'width', (0.99999989061424499, -1)), (u'areaTotal', (0.999999951457366, 77.0)), (u'elevation', (0.99999999918061588, -1)), (u'established', (0.99999999998045619, -1)), (u'PopulatedPlace/area', (0.9999999999975322, -1)), (u'averageSpeed', (0.99999999999801725, -1)), (u'maximumElevation', (0.999999999998605, -1)), (u'albedo', (0.99999999999953504, -1)), (u'rotationPeriod', (0.99999999999974709, -1)), (u'orbitalPeriod', (0.99999999999981704, -1)), (u'openingYear', (0.99999999999996836, -1)), (u'apoapsis', (0.99999999999996836, -1)), (u'periapsis', (0.999999999999999, -1)), (u'Planet/orbitalPeriod', (1.0, -1)), (u'yearOfConstruction', (1.0, -1)), (u'areaCode', (1.0, -1)), (u'inseeCode', (1.0, -1)), (u'Planet/apoapsis', (1.0, -1)), (u'Infrastructure/length', (1.0, -1)), (u'utcOffset', (1.0, -1)), (u'area', (1.0, -1)), (u'Building/floorArea', (1.0, -1)), (u'Lake/volume', (1.0, -1)), (u'nrhpReferenceNumber', (1.0, -1)), (u'length', (1.0, -1)), (u'numberOfMembers', (1.0, -1)), (u'Planet/periapsis', (1.0, -1))]
NOT correct mapping: populationDensity - PopulatedPlace/populationDensity
/Users/emiliakacprzak/Code/papers/semantification/benchmark_new/smallSample/small5/dbo_populationDensity-252-small-5var.csv
[(u'PopulatedPlace/populationDensity', (0.0027119891266671795, 21.649999999999999)), (u'populationDensity', (0.0027121574863080648, 20.949999999999999)), (u'elevation', (0.030401630109980246, 59.700000000000003)), (u'areaCode', (0.07716978809667678, 61.899999999999999)), (u'maximumElevation', (0.08814913780033316, 44.0)), (u'populationTotal', (0.11653330412010754, 62.299999999999997)), (u'prominence', (0.66380567777597443, -1)), (u'minimumElevation', (0.8467912918219715, 75.0)), (u'utcOffset', (0.9131016364708302, 97.799999999999997)), (u'volume', (0.93192542853916427, -1)), (u'PopulatedPlace/areaUrban', (0.93585127587625661, -1)), (u'escapeVelocity', (0.94570541173706568, -1)), (u'area', (0.98094630417158712, -1)), (u'PopulatedPlace/areaTotal', (0.98214398769358, 113.57142857142857)), (u'postalCode', (0.984233673988851, 116.90000000000001)), (u'width', (0.99185009575634908, -1)), (u'temperature', (0.99233635737710202, -1)), (u'areaTotal', (0.9984226830430663, 154.8095238095238)), (u'areaLand', (0.9984327259108944, 153.9047619047619)), (u'mouthElevation', (0.99928681262348196, -1)), (u'PopulatedPlace/areaMetro', (0.9996461029197391, -1)), (u'Planet/temperature', (0.99981023372447886, -1)), (u'meanTemperature', (0.99988156356788149, -1)), (u'Planet/meanTemperature', (0.99988156356788149, -1)), (u'populationTotalRanking', (0.99995316058484873, -1)), (u'runwayLength', (0.99997086549727665, -1)), (u'foundingYear', (0.99997256315251515, -1)), (u'percentageOfAreaWater', (0.99998379732341236, -1)), (u'shoreLength', (0.99999140401557063, -1)), (u'numberOfTracks', (0.99999700910525058, -1)), (u'cost', (0.99999731516135903, -1)), (u'floorArea', (0.99999731516135903, -1)), (u'areaMetro', (0.99999731516135903, -1)), (u'buildingEndDate', (0.99999840716801325, -1)), (u'buildingStartDate', (0.99999849871368129, -1)), (u'areaWater', (0.9999989962123806, 181.0)), (u'averageDepth', (0.99999901143620251, -1)), (u'areaOfCatchment', (0.99999965062618412, -1)), (u'declination', (0.99999980783146469, -1)), (u'apparentMagnitude', (0.99999999933850292, -1)), (u'areaUrban', (0.99999999988603916, -1)), (u'averageSpeed', (0.99999999998194433, -1)), (u'populationUrban', (0.99999999998424416, -1)), (u'Lake/areaOfCatchment', (0.99999999999216416, -1)), (u'rotationPeriod', (0.99999999999745415, -1)), (u'absoluteMagnitude', (0.9999999999977699, -1)), (u'maximumDepth', (0.99999999999872435, -1)), (u'openingYear', (0.99999999999978761, -1)), (u'length', (0.99999999999985456, -1)), (u'PopulatedPlace/area', (0.99999999999994793, -1)), (u'orbitalPeriod', (0.99999999999995581, -1)), (u'albedo', (0.99999999999999278, -1)), (u'populationMetro', (0.99999999999999367, -1)), (u'apoapsis', (0.99999999999999367, -1)), (u'dissolutionYear', (0.999999999999996, -1)), (u'periapsis', (0.99999999999999989, -1)), (u'Planet/orbitalPeriod', (1.0, -1)), (u'nrhpReferenceNumber', (1.0, -1)), (u'Lake/shoreLength', (1.0, -1)), (u'Infrastructure/length', (1.0, -1)), (u'inseeCode', (1.0, -1)), (u'Planet/apoapsis', (1.0, -1)), (u'Planet/averageSpeed', (1.0, -1)), (u'Building/floorArea', (1.0, -1)), (u'Lake/volume', (1.0, -1)), (u'yearOfConstruction', (1.0, -1)), (u'Planet/periapsis', (1.0, -1))]
NOT correct mapping: areaLand - areaTotal
/Users/emiliakacprzak/Code/papers/semantification/benchmark_new/smallSample/small5/dbo_openingYear-386.csv.results-small-5var.csv
[(u'areaTotal', (0.006674163731482452, 14.833333333333334)), (u'areaLand', (0.021458240330956613, 15.307692307692308)), (u'areaOfCatchment', (0.37159650548302736, -1)), (u'cost', (0.65945464586710634, -1)), (u'length', (0.9375583343212623, 20.0)), (u'PopulatedPlace/areaTotal', (0.959467550982211, 70.333333333333329)), (u'areaWater', (0.9642568608728139, 61.888888888888886)), (u'Lake/volume', (0.98981559266520958, -1)), (u'volume', (0.99663577389087299, -1)), (u'watershed', (0.9989676263161473, 31.0)), (u'Stream/watershed', (0.9990313589406128, 32.0)), (u'maximumElevation', (0.9990427999451141, 33.0)), (u'postalCode', (0.9993915261780039, 34.5)), (u'orbitalPeriod', (0.99941405323900179, -1)), (u'populationTotal', (0.9998510404676875, 54.285714285714285)), (u'shoreLength', (0.99995085880464885, -1)), (u'minimumElevation', (0.9999528504696311, 37.0)), (u'areaCode', (0.9999922138625837, 48.0)), (u'floorArea', (0.99999541379126466, -1)), (u'elevation', (0.9999956468821135, 53.307692307692307)), (u'numberOfTracks', (0.99999731516135903, -1)), (u'prominence', (0.99999731516135903, -1)), (u'populationTotalRanking', (0.99999731516135903, -1)), (u'populationDensity', (0.9999984495966614, 81.416666666666671)), (u'PopulatedPlace/populationDensity', (0.999998449599722, 82.25)), (u'nrhpReferenceNumber', (0.99999947174221626, -1)), (u'escapeVelocity', (0.99999962821293076, -1)), (u'PopulatedPlace/areaMetro', (0.99999965062618412, -1)), (u'temperature', (0.99999965062618412, -1)), (u'buildingStartDate', (0.99999965062618412, -1)), (u'mouthElevation', (0.99999965062618412, -1)), (u'averageDepth', (0.99999965062618412, -1)), (u'buildingEndDate', (0.99999965062618412, -1)), (u'percentageOfAreaWater', (0.99999965062618412, -1)), (u'utcOffset', (0.9999999343864825, 86.5)), (u'meanTemperature', (0.99999995390155239, -1)), (u'Planet/meanTemperature', (0.99999995390155239, -1)), (u'declination', (0.99999999383938398, -1)), (u'apparentMagnitude', (0.99999999988603916, -1)), (u'runwayLength', (0.99999999988603916, -1)), (u'rotationPeriod', (0.99999999994050892, -1)), (u'Planet/temperature', (0.99999999999779898, -1)), (u'absoluteMagnitude', (0.99999999999968947, -1)), (u'averageSpeed', (0.99999999999968947, -1)), (u'albedo', (0.99999999999999367, -1)), (u'openingYear', (0.99999999999999367, -1)), (u'apoapsis', (0.99999999999999367, -1)), (u'maximumDepth', (0.99999999999999989, -1)), (u'periapsis', (0.99999999999999989, -1)), (u'width', (0.99999999999999989, -1)), (u'Planet/orbitalPeriod', (1.0, -1)), (u'Lake/shoreLength', (1.0, -1)), (u'inseeCode', (1.0, -1)), (u'Planet/apoapsis', (1.0, -1)), (u'dissolutionYear', (1.0, -1)), (u'Lake/areaOfCatchment', (1.0, -1)), (u'Planet/periapsis', (1.0, -1)), (u'area', (1.0, -1)), (u'Planet/averageSpeed', (1.0, -1)), (u'PopulatedPlace/area', (1.0, -1)), (u'Building/floorArea', (1.0, -1)), (u'Infrastructure/length', (1.0, -1)), (u'yearOfConstruction', (1.0, -1)), (u'foundingYear', (1.0, -1))]
NOT correct mapping: areaLand - areaTotal
/Users/emiliakacprzak/Code/papers/semantification/benchmark_new/smallSample/small5/dbo_areaLand-299-small-5var.csv
[(u'areaTotal', (0.0010905849219089345, 22.449999999999999)), (u'areaLand', (0.009025895860729907, 19.550000000000001)), (u'areaWater', (0.18265487679268444, 55.368421052631582)), (u'cost', (0.54420038775623203, -1)), (u'areaOfCatchment', (0.83887169988583987, -1)), (u'nrhpReferenceNumber', (0.99453380924235602, -1)), (u'volume', (0.99855342774728462, -1)), (u'postalCode', (0.9988460721550559, 58.333333333333336)), (u'Lake/volume', (0.99913353343810973, -1)), (u'orbitalPeriod', (0.99919571201200286, -1)), (u'populationTotal', (0.9997860824365113, 73.099999999999994)), (u'populationTotalRanking', (0.9999683786230307, 99.0)), (u'shoreLength', (0.99997857728238859, -1)), (u'PopulatedPlace/populationDensity', (0.9999848266288089, 134.94444444444446)), (u'populationDensity', (0.9999848266470289, 134.38888888888889)), (u'areaCode', (0.9999908815126479, 83.0)), (u'elevation', (0.9999919901172513, 94.388888888888886)), (u'percentageOfAreaWater', (0.9999947204219827, 149.25)), (u'PopulatedPlace/areaTotal', (0.9999959983883641, 103.7)), (u'floorArea', (0.99999629316471039, -1)), (u'numberOfTracks', (0.99999731516135903, -1)), (u'prominence', (0.99999731516135903, -1)), (u'escapeVelocity', (0.99999960441105484, -1)), (u'utcOffset', (0.9999996494304105, 152.16666666666666)), (u'populationRural', (0.99999965062618412, -1)), (u'PopulatedPlace/areaMetro', (0.99999965062618412, -1)), (u'temperature', (0.99999965062618412, -1)), (u'mouthElevation', (0.99999965062618412, -1)), (u'averageDepth', (0.99999965062618412, -1)), (u'buildingEndDate', (0.99999965062618412, -1)), (u'buildingStartDate', (0.99999965062618412, -1)), (u'meanTemperature', (0.99999995390155239, -1)), (u'Planet/meanTemperature', (0.99999995390155239, -1)), (u'declination', (0.99999999383938398, -1)), (u'apparentMagnitude', (0.99999999988603916, -1)), (u'runwayLength', (0.99999999988603916, -1)), (u'rotationPeriod', (0.99999999999122202, -1)), (u'Planet/temperature', (0.99999999999779898, -1)), (u'absoluteMagnitude', (0.99999999999968947, -1)), (u'averageSpeed', (0.99999999999968947, -1)), (u'albedo', (0.99999999999999367, -1)), (u'openingYear', (0.99999999999999367, -1)), (u'apoapsis', (0.99999999999999367, -1)), (u'populationUrban', (0.99999999999999911, -1)), (u'width', (0.99999999999999989, -1)), (u'maximumDepth', (0.99999999999999989, -1)), (u'periapsis', (0.99999999999999989, -1)), (u'Planet/orbitalPeriod', (1.0, -1)), (u'Lake/shoreLength', (1.0, -1)), (u'maximumElevation', (1.0, -1)), (u'inseeCode', (1.0, -1)), (u'Planet/apoapsis', (1.0, -1)), (u'dissolutionYear', (1.0, -1)), (u'minimumElevation', (1.0, -1)), (u'length', (1.0, -1)), (u'Lake/areaOfCatchment', (1.0, -1)), (u'Planet/periapsis', (1.0, -1)), (u'area', (1.0, -1)), (u'Planet/averageSpeed', (1.0, -1)), (u'PopulatedPlace/area', (1.0, -1)), (u'Building/floorArea', (1.0, -1)), (u'Infrastructure/length', (1.0, -1)), (u'yearOfConstruction', (1.0, -1)), (u'foundingYear', (1.0, -1))]
NOT correct mapping: elevation - PopulatedPlace/areaTotal
/Users/emiliakacprzak/Code/papers/semantification/benchmark_new/smallSample/small5/dbo_elevation-127-small-5var.csv
[(u'PopulatedPlace/areaTotal', (0.003659723322391269, 19.444444444444443)), (u'elevation', (0.004761924962915438, 7.0)), (u'PopulatedPlace/populationDensity', (0.41323838967182636, -1)), (u'populationDensity', (0.41323838967182636, -1)), (u'utcOffset', (0.7448099741825001, 30.75)), (u'PopulatedPlace/area', (0.7761921712193368, 24.0)), (u'prominence', (0.84179416065644874, -1)), (u'width', (0.8603665484614865, 28.0)), (u'maximumElevation', (0.89176292046174299, -1)), (u'temperature', (0.90987370137523482, -1)), (u'volume', (0.91270214797843041, -1)), (u'populationTotal', (0.9136020927610747, 40.5)), (u'escapeVelocity', (0.93263855684418639, -1)), (u'length', (0.9379406882051051, 31.5)), (u'areaCode', (0.9541188128546085, 29.0)), (u'numberOfIslands', (0.9725909489736728, 32.0)), (u'minimumElevation', (0.98071053443563716, -1)), (u'meanTemperature', (0.98362625531469028, -1)), (u'Planet/meanTemperature', (0.98362625531469028, -1)), (u'Planet/temperature', (0.98782701488760594, -1)), (u'populationTotalRanking', (0.99568034579562181, -1)), (u'area', (0.9978886053888617, 38.0)), (u'mouthElevation', (0.99803760227999261, -1)), (u'percentageOfAreaWater', (0.99918375554093275, -1)), (u'PopulatedPlace/areaMetro', (0.99960206298645438, -1)), (u'declination', (0.99974841426763372, -1)), (u'areaTotal', (0.9997673566170732, 54.666666666666664)), (u'Lake/areaOfCatchment', (0.99987592514219936, -1)), (u'averageDepth', (0.99989802449652698, -1)), (u'numberOfTracks', (0.99996994348394042, -1)), (u'shoreLength', (0.99998349222905669, -1)), (u'areaWater', (0.9999880389641006, -1)), (u'cost', (0.9999927377908453, -1)), (u'floorArea', (0.9999927377908453, -1)), (u'buildingEndDate', (0.99999665037599483, -1)), (u'buildingStartDate', (0.99999665037599483, -1)), (u'apparentMagnitude', (0.99999775854822637, -1)), (u'areaOfCatchment', (0.99999868240833845, -1)), (u'height', (0.99999915464198519, -1)), (u'postalCode', (0.99999951488568817, -1)), (u'areaLand', (0.9999997164555269, 55.5)), (u'maximumDepth', (0.99999974375891931, -1)), (u'runwayLength', (0.9999997815431757, -1)), (u'absoluteMagnitude', (0.99999993399903619, -1)), (u'Lake/shoreLength', (0.9999999613862528, -1)), (u'foundingYear', (0.99999999435609288, -1)), (u'averageSpeed', (0.99999999897250313, -1)), (u'rotationPeriod', (0.99999999974388309, -1)), (u'openingYear', (0.99999999991788846, -1)), (u'dissolutionYear', (0.99999999994507593, -1)), (u'Planet/averageSpeed', (0.99999999997739519, -1)), (u'Planet/orbitalPeriod', (0.9999999999886201, -1)), (u'orbitalPeriod', (0.99999999999119482, -1)), (u'albedo', (0.99999999999408784, -1)), (u'apoapsis', (0.99999999999761435, -1)), (u'Infrastructure/length', (0.99999999999958478, -1)), (u'periapsis', (0.99999999999980582, -1)), (u'Building/floorArea', (1.0, -1)), (u'inseeCode', (1.0, -1)), (u'Planet/apoapsis', (1.0, -1)), (u'Planet/periapsis', (1.0, -1)), (u'nrhpReferenceNumber', (1.0, -1)), (u'yearOfConstruction', (1.0, -1)), (u'Lake/volume', (1.0, -1))]
NOT correct mapping: activeYearsEndYear - birthYear
/Users/emiliakacprzak/Code/papers/semantification/benchmark_new/smallSample/small5/dbo_activeYearsEndYear-188-small-5var.csv
[(u'birthYear', (0.0005293806246691371, 16.0)), (u'activeYearsEndYear', (0.0020408163265306124, 13.25)), (u'deathYear', (0.002551020408163265, 14.833333333333334)), (u'activeYearsStartYear', (0.006246746486205101, 14.375)), (u'foundingYear', (0.93438999665442202, -1)), (u'imdbId', (0.9858013599689955, 29.0)), (u'numberOfFilms', (0.99998879746571911, -1)), (u'Person/height', (0.99999999995750533, -1)), (u'height', (0.99999999995750533, -1)), (u'Person/weight', (0.99999999998859646, -1)), (u'weight', (1.0, -1))]
NOT correct mapping: areaTotal - areaLand
/Users/emiliakacprzak/Code/papers/semantification/benchmark_new/smallSample/small5/dbo_areaTotal-182-small-5var.csv
[(u'areaLand', (0.011533738003235034, 3.6666666666666665)), (u'areaTotal', (0.01344879110796185, 7.4444444444444446)), (u'areaOfCatchment', (0.27237481007501907, -1)), (u'cost', (0.94006611188155942, -1)), (u'postalCode', (0.9860418032073001, 22.5)), (u'areaCode', (0.9951778666610656, 23.666666666666668)), (u'orbitalPeriod', (0.99787563104296939, -1)), (u'volume', (0.99871591113121128, -1)), (u'populationTotal', (0.9989210449738044, 26.285714285714285)), (u'populationDensity', (0.9991467955639007, 25.75)), (u'PopulatedPlace/populationDensity', (0.9991467955639007, 26.75)), (u'Lake/volume', (0.99928184076501925, -1)), (u'elevation', (0.9997682778066783, 29.714285714285715)), (u'PopulatedPlace/area', (0.9999687498656692, 35.0)), (u'PopulatedPlace/areaTotal', (0.9999758590608097, 47.111111111111114)), (u'shoreLength', (0.99998637025734827, -1)), (u'floorArea', (0.99999301606831104, -1)), (u'areaWater', (0.99999443443171276, -1)), (u'numberOfTracks', (0.99999731516135903, -1)), (u'populationTotalRanking', (0.99999731516135903, -1)), (u'prominence', (0.99999731516135903, -1)), (u'utcOffset', (0.9999983400691904, 44.0)), (u'escapeVelocity', (0.99999931236155171, -1)), (u'PopulatedPlace/areaMetro', (0.99999965062618412, -1)), (u'temperature', (0.99999965062618412, -1)), (u'mouthElevation', (0.99999965062618412, -1)), (u'averageDepth', (0.99999965062618412, -1)), (u'buildingEndDate', (0.99999965062618412, -1)), (u'buildingStartDate', (0.99999965062618412, -1)), (u'percentageOfAreaWater', (0.99999965062618412, -1)), (u'area', (0.999999705187412, 54.0)), (u'meanTemperature', (0.99999995390155239, -1)), (u'Planet/meanTemperature', (0.99999995390155239, -1)), (u'declination', (0.99999999383938398, -1)), (u'apparentMagnitude', (0.99999999988603916, -1)), (u'runwayLength', (0.99999999988603916, -1)), (u'nrhpReferenceNumber', (0.99999999998816025, -1)), (u'rotationPeriod', (0.99999999999506872, -1)), (u'Planet/temperature', (0.99999999999779898, -1)), (u'averageSpeed', (0.99999999999944156, -1)), (u'absoluteMagnitude', (0.99999999999968947, -1)), (u'openingYear', (0.99999999999999367, -1)), (u'albedo', (0.99999999999999367, -1)), (u'apoapsis', (0.99999999999999367, -1)), (u'maximumDepth', (0.99999999999999989, -1)), (u'periapsis', (0.99999999999999989, -1)), (u'width', (0.99999999999999989, -1)), (u'Planet/orbitalPeriod', (1.0, -1)), (u'Lake/shoreLength', (1.0, -1)), (u'maximumElevation', (1.0, -1)), (u'inseeCode', (1.0, -1)), (u'Planet/apoapsis', (1.0, -1)), (u'minimumElevation', (1.0, -1)), (u'length', (1.0, -1)), (u'Lake/areaOfCatchment', (1.0, -1)), (u'Planet/periapsis', (1.0, -1)), (u'Planet/averageSpeed', (1.0, -1)), (u'Building/floorArea', (1.0, -1)), (u'Infrastructure/length', (1.0, -1)), (u'yearOfConstruction', (1.0, -1)), (u'foundingYear', (1.0, -1)), (u'dissolutionYear', (1.0, -1))]
 OVERAL ANALYSIS: 
top 1 correctly labelled: 217
top 3 correctly labelled: 243
top X correctly labelled: 244
total: 246
1500, 0
36, 0
132, 0
36, 0
531, 0
1500, 0
1419, 1
1500, 0
1500, 2
1500, 0
1500, 0
1500, 0
1500, 0
72, 0
117, 0
78, 0
108, 0
135, 0
168, 0
1500, 0
1500, 0
1500, 1
1500, 0
108, 0
33, 0
30, 0
1287, 0
87, 0
33, 0
144, -1
1500, 0
1500, 0
99, 0
1500, 0
102, 1
1500, 0
231, 0
441, 0
510, 0
1500, 0
135, 0
1500, 0
1500, 0
1500, 0
60, 0
66, 0
174, 1
252, 0
1500, 0
387, 0
207, 0
51, 0
1500, 0
78, 1
78, 0
42, 0
393, 0
108, 0
1500, 0
456, 0
198, 0
1500, 0
1500, 0
30, 0
99, 0
186, 0
1500, 0
1500, 0
36, 0
63, 0
144, 0
81, 0
1500, 0
48, 0
1500, 3
156, 0
114, 0
60, 0
1500, 0
114, 0
453, 0
150, 0
222, 0
105, 0
414, 1
501, 0
99, 0
42, 2
81, 0
45, 0
909, 0
90, 0
1500, 0
999, 0
1500, 0
36, 0
423, 0
1500, 0
1035, 0
1359, 0
96, 0
1500, 0
1500, 0
1479, 0
435, 0
78, 0
1500, 0
468, 0
1161, 1
1500, 0
1500, 0
252, 1
1500, 0
1500, 0
1500, 0
42, 1
93, 0
57, 0
54, 0
1500, 0
810, 0
123, 0
30, 0
63, 0
237, 0
42, 0
1500, 0
423, 0
30, 2
171, 0
495, 0
528, 0
45, 0
378, 0
123, 1
1500, 0
222, 0
1500, 0
1500, 0
1500, 0
69, 0
321, 0
1050, 0
1500, 0
510, 0
375, 0
1500, 0
1500, 0
429, 0
258, 0
87, 0
132, 0
1500, 0
36, 0
39, 0
240, 0
1500, 0
435, 0
1500, 0
57, 0
45, 0
171, 0
1500, 0
99, 0
36, 0
99, 0
1500, 0
369, 1
162, 1
51, 0
909, 1
1500, 0
1500, 0
144, 2
261, 0
30, 0
1500, 0
219, 0
276, 0
1500, 0
1020, 0
1500, 0
240, 0
36, 0
1221, 0
252, 1
33, 0
84, 0
126, 0
165, 0
1500, 0
36, 0
846, 0
1500, 0
1500, 0
564, 0
1500, 0
1500, 0
381, 0
1500, 0
180, -1
546, 0
156, 1
540, 0
51, 0
1500, 0
1500, 0
36, 0
555, 1
459, 0
108, 0
1449, 0
168, 0
1500, 0
1500, 0
948, 0
75, 0
546, 0
1500, 1
132, 0
78, 0
1500, 0
51, 0
30, 0
144, 0
177, 0
1500, 1
1500, 0
1500, 0
1500, 1
1500, 0
522, 0
180, 1
171, 1
1500, 1
1500, 0
321, 0
78, 0
345, 0
1500, 0
1500, 0
858, 0
78, 0
42, 0
1500, 0
486, 0
Size: small Deviation: 10
0:  dbo_elevation-131-small-10var.csv
1:  dbo_weight-287-small-10var.csv
2:  dbo_draftYear-679-small-10var.csv
3:  dbo_activeYearsStartYear-140-small-10var.csv
4:  dbo_openingYear-386.csv.results-small-10var.csv
5:  dbo_year-414-small-10var.csv
6:  dbo_draftYear-681-small-10var.csv
7:  dbo_gross-959-small-10var.csv
8:  dbo_runwayLength-512-small-10var.csv
9:  dbo_areaWater-362-small-10var.csv
10:  dbo_numberOfGoals-10-small-10var.csv
11:  dbo_runtime-119-small-10var.csv
12:  dbo_populationDensity-274-small-10var.csv
13:  dbo_numberOfEmployees-712-small-10var.csv
14:  dbo_squadNumber-156-small-10var.csv
15:  dbo_maximumElevation-395-small-10var.csv
16:  dbo_gross-956-small-10var.csv
17:  dbo_length-315-small-10var.csv
18:  dbo_foundingYear-240-small-10var.csv
19:  dbo_elevation-127-small-10var.csv
20:  dbo_width-1019-small-10var.csv
21:  dbo_width-1024-small-10var.csv
22:  dbo_deathYear-42-small-10var.csv
23:  dbo_numberOfEpisodes-552-small-10var.csv
24:  dbo_activeYearsEndYear-192-small-10var.csv
25:  dbo_activeYearsStartYear-135-small-10var.csv
26:  dbo_populationTotal-75-small-10var.csv
27:  dbo_budget-932-small-10var.csv
28:  dbo_height-163-small-10var.csv
29:  dbo_yearOfConstruction-373-small-10var.csv
30:  dbo_populationDensity-259.csv.results-small-10var.csv
31:  dbo_areaTotal-184-small-10var.csv
32:  dbo_areaTotal-183-small-10var.csv
33:  dbo_height-159-small-10var.csv
34:  dbo_maximumElevation-400-small-10var.csv
35:  dbo_height-164-small-10var.csv
36:  dbo_budget-935-small-10var.csv
37:  dbo_activeYearsStartYear-132-small-10var.csv
38:  dbo_minimumElevation-411-small-10var.csv
39:  dbo_runtime-108-small-10var.csv
40:  dbo_populationDensity-258-small-10var.csv
41:  dbo_draftYear-703-small-10var.csv
42:  dbo_populationDensity-265-small-10var.csv
43:  dbo_width-1023-small-10var.csv
44:  dbo_areaWater-357-small-10var.csv
45:  dbo_number-345.csv.results-small-10var.csv
46:  dbo_foundingYear-247-small-10var.csv
47:  dbo_serviceStartYear-675-small-10var.csv
48:  dbo_populationTotal-56-small-10var.csv
49:  dbo_minimumElevation-408-small-10var.csv
50:  dbo_draftYear-689-small-10var.csv
51:  dbo_runtime-92-small-10var.csv
52:  dbo_length-312-small-10var.csv
53:  dbo_numberOfEpisodes-543-small-10var.csv
54:  dbo_openingYear-389-small-10var.csv
55:  dbo_areaWater-365-small-10var.csv
56:  dbo_area-322-small-10var.csv
57:  dbo_numberOfPages-649-small-10var.csv
58:  dbo_weight-278-small-10var.csv
59:  dbo_minimumElevation-407-small-10var.csv
60:  dbo_populationTotal-64-small-10var.csv
61:  dbo_areaLand-300-small-10var.csv
62:  dbo_gross-947-small-10var.csv
63:  dbo_numberOfStudents-439-small-10var.csv
64:  dbo_openingYear-390-small-10var.csv
65:  dbo_shipBeam-592-small-10var.csv
66:  dbo_populationDensity-257-small-10var.csv
67:  dbo_weight-280-small-10var.csv
68:  dbo_squadNumber-148-small-10var.csv
69:  dbo_runwayLength-491-small-10var.csv
70:  dbo_runtime-109-small-10var.csv
71:  dbo_populationDensity-267.csv.results-small-10var.csv
72:  dbo_draftYear-702-small-10var.csv
73:  dbo_areaTotal-182-small-10var.csv
74:  dbo_maximumElevation-401-small-10var.csv
75:  dbo_height-158-small-10var.csv
76:  dbo_topSpeed-863-small-10var.csv
77:  dbo_minimumElevation-410-small-10var.csv
78:  dbo_activeYearsStartYear-133-small-10var.csv
79:  dbo_activeYearsEndYear-194-small-10var.csv
80:  dbo_height-165-small-10var.csv
81:  dbo_yearOfConstruction-375-small-10var.csv
82:  dbo_serviceStartYear-674-small-10var.csv
83:  dbo_year-420-small-10var.csv
84:  dbo_minimumElevation-409-small-10var.csv
85:  dbo_length-313-small-10var.csv
86:  dbo_width-1022-small-10var.csv
87:  dbo_numberOfGoals-19-small-10var.csv
88:  dbo_openingYear-387-small-10var.csv
89:  dbo_areaWater-356-small-10var.csv
90:  dbo_weight-279-small-10var.csv
91:  dbo_minimumElevation-406-small-10var.csv
92:  dbo_runwayLength-487-small-10var.csv
93:  dbo_capacity-1011-small-10var.csv
94:  dbo_squadNumber-150-small-10var.csv
95:  dbo_openingYear-388-small-10var.csv
96:  dbo_area-323-small-10var.csv
97:  dbo_areaWater-364-small-10var.csv
98:  dbo_yearOfConstruction-382-small-10var.csv
99:  dbo_openingYear-391-small-10var.csv
100:  dbo_runtime-106-small-10var.csv
101:  dbo_weight-281-small-10var.csv
102:  dbo_squadNumber-149-small-10var.csv
103:  dbo_numberOfPages-616-small-10var.csv
104:  dbo_areaLand-301-small-10var.csv
105:  dbo_elevation-130-small-10var.csv
106:  dbo_numberOfEpisodes-561-small-10var.csv
107:  dbo_weight-286-small-10var.csv
108:  dbo_activeYearsStartYear-141-small-10var.csv
109:  dbo_runtime-101-small-10var.csv
110:  dbo_areaWater-363-small-10var.csv
111:  dbo_serviceEndYear-731-small-10var.csv
112:  dbo_area-324-small-10var.csv
113:  dbo_elevation-129-small-10var.csv
114:  dbo_maximumElevation-394-small-10var.csv
115:  dbo_draftYear-680-small-10var.csv
116:  dbo_foundingYear-241-small-10var.csv
117:  dbo_elevation-126-small-10var.csv
118:  dbo_width-1018-small-10var.csv
119:  dbo_width-1025-small-10var.csv
120:  dbo_length-314-small-10var.csv
Size: small Deviation: 0
all datasets: 246
 COLUMN LEVEL ANALYSIS: 
top 1 correctly labelled: 73
top 3 correctly labelled: 126
top X correctly labelled: 194
total: 246
 ROW LEVEL ANALYSIS: 
top 1 correctly labelled: 191
top 3 correctly labelled: 244
top X correctly labelled: 244
total: 246
 OVERAL ANALYSIS: 
top 1 correctly labelled: 240
top 3 correctly labelled: 244
top X correctly labelled: 244
total: 246
1500, 0
1500, 0
165, 0
156, 0
219, 0
123, 0
198, 0
168, 0
1500, 0
1500, 0
240, 0
99, 0
81, 0
1500, 0
810, 0
51, 0
546, 0
1500, 0
1500, 0
108, 0
252, 0
1500, 0
1500, 0
1500, 0
1500, 0
531, 0
858, 0
78, 0
1500, 0
1500, 0
36, 0
522, 0
1500, 0
1500, 0
132, 0
456, 0
1500, 0
1500, 0
1500, 0
1500, 0
1500, 0
345, 0
999, 0
1500, 0
78, 0
1500, 0
1161, 0
435, 0
1500, 0
1500, 0
378, 0
441, 0
87, 0
99, 0
36, 0
36, 0
1479, 0
321, 0
258, 0
51, 0
78, 0
171, 0
108, 0
459, 0
30, 0
36, 0
123, 0
1500, 0
42, 0
99, 0
1449, 0
171, 0
1500, 0
1050, 0
180, 0
36, 0
423, 0
510, 0
30, 0
1221, 0
222, 0
1500, 0
540, 0
60, 0
1500, 1
1500, 0
846, 0
135, 0
468, 0
1500, 0
1500, 0
132, 0
1500, 0
1500, 0
1500, 0
510, 0
1500, 0
252, 0
1500, 0
501, 0
69, 0
132, 0
1500, 0
33, 0
1500, 0
564, 0
1500, 0
39, 0
96, 0
1500, 2
276, 0
144, 0
63, 0
375, 0
1359, 0
63, 0
1500, 0
1500, 0
45, 0
99, 0
1500, 0
429, 0
105, 0
1500, 0
207, 0
45, 0
1500, 0
87, 0
30, 0
423, 0
252, 0
186, 0
174, 0
1500, 0
1500, 0
1500, 0
144, -1
114, 0
33, 0
1500, 0
42, 0
54, 0
1500, 0
948, 0
177, 0
1500, 0
168, 0
36, 0
909, 0
144, 0
321, 0
1035, 0
33, 0
66, 0
1500, 0
42, 0
1500, 0
42, 0
57, 0
1500, 0
81, 0
1500, 0
1500, 0
36, 0
1500, 0
144, 0
435, 0
30, 0
42, 0
78, 0
231, 0
30, 0
555, 0
75, 0
78, 0
48, 0
162, 0
1020, 0
1500, 0
1500, 0
90, 0
261, 0
30, 0
78, 0
1500, 0
84, 0
1500, 0
126, 0
1500, 0
453, 0
1500, 0
237, 0
1500, 0
222, 0
414, 0
387, 0
108, 0
108, 0
1500, 0
1500, 0
93, 0
381, 0
102, 0
57, 0
1500, 0
171, 0
1500, 0
546, 0
1500, 0
1500, 0
1500, 0
60, 0
114, 0
1500, 0
99, 0
150, 0
909, 0
1419, 0
156, 0
528, 0
393, 0
180, -1
1500, 0
240, 0
36, 0
369, 1
117, 0
72, 0
486, 0
51, 0
1500, 0
1500, 0
1500, 0
45, 0
1500, 0
1500, 0
1500, 0
1500, 0
78, 0
36, 0
1500, 0
135, 0
1500, 1
1287, 0
495, 0
51, 0
Size: small Deviation: 5
all datasets: 246
 COLUMN LEVEL ANALYSIS: 
top 1 correctly labelled: 65
top 3 correctly labelled: 111
top X correctly labelled: 194
total: 246
 ROW LEVEL ANALYSIS: 
top 1 correctly labelled: 201
top 3 correctly labelled: 244
top X correctly labelled: 244
total: 246
 OVERAL ANALYSIS: 
top 1 correctly labelled: 217
top 3 correctly labelled: 243
top X correctly labelled: 244
total: 246
1500, 0
36, 0
132, 0
36, 0
531, 0
1500, 0
1419, 1
1500, 0
1500, 2
1500, 0
1500, 0
1500, 0
1500, 0
72, 0
117, 0
78, 0
108, 0
135, 0
168, 0
1500, 0
1500, 0
1500, 1
1500, 0
108, 0
33, 0
30, 0
1287, 0
87, 0
33, 0
144, -1
1500, 0
1500, 0
99, 0
1500, 0
102, 1
1500, 0
231, 0
441, 0
510, 0
1500, 0
135, 0
1500, 0
1500, 0
1500, 0
60, 0
66, 0
174, 1
252, 0
1500, 0
387, 0
207, 0
51, 0
1500, 0
78, 1
78, 0
42, 0
393, 0
108, 0
1500, 0
456, 0
198, 0
1500, 0
1500, 0
30, 0
99, 0
186, 0
1500, 0
1500, 0
36, 0
63, 0
144, 0
81, 0
1500, 0
48, 0
1500, 3
156, 0
114, 0
60, 0
1500, 0
114, 0
453, 0
150, 0
222, 0
105, 0
414, 1
501, 0
99, 0
42, 2
81, 0
45, 0
909, 0
90, 0
1500, 0
999, 0
1500, 0
36, 0
423, 0
1500, 0
1035, 0
1359, 0
96, 0
1500, 0
1500, 0
1479, 0
435, 0
78, 0
1500, 0
468, 0
1161, 1
1500, 0
1500, 0
252, 1
1500, 0
1500, 0
1500, 0
42, 1
93, 0
57, 0
54, 0
1500, 0
810, 0
123, 0
30, 0
63, 0
237, 0
42, 0
1500, 0
423, 0
30, 2
171, 0
495, 0
528, 0
45, 0
378, 0
123, 1
1500, 0
222, 0
1500, 0
1500, 0
1500, 0
69, 0
321, 0
1050, 0
1500, 0
510, 0
375, 0
1500, 0
1500, 0
429, 0
258, 0
87, 0
132, 0
1500, 0
36, 0
39, 0
240, 0
1500, 0
435, 0
1500, 0
57, 0
45, 0
171, 0
1500, 0
99, 0
36, 0
99, 0
1500, 0
369, 1
162, 1
51, 0
909, 1
1500, 0
1500, 0
144, 2
261, 0
30, 0
1500, 0
219, 0
276, 0
1500, 0
1020, 0
1500, 0
240, 0
36, 0
1221, 0
252, 1
33, 0
84, 0
126, 0
165, 0
1500, 0
36, 0
846, 0
1500, 0
1500, 0
564, 0
1500, 0
1500, 0
381, 0
1500, 0
180, -1
546, 0
156, 1
540, 0
51, 0
1500, 0
1500, 0
36, 0
555, 1
459, 0
108, 0
1449, 0
168, 0
1500, 0
1500, 0
948, 0
75, 0
546, 0
1500, 1
132, 0
78, 0
1500, 0
51, 0
30, 0
144, 0
177, 0
1500, 1
1500, 0
1500, 0
1500, 1
1500, 0
522, 0
180, 1
171, 1
1500, 1
1500, 0
321, 0
78, 0
345, 0
1500, 0
1500, 0
858, 0
78, 0
42, 0
1500, 0
486, 0
Size: small Deviation: 10
all datasets: 246
 COLUMN LEVEL ANALYSIS: 
top 1 correctly labelled: 58
top 3 correctly labelled: 109
top X correctly labelled: 194
total: 246
 ROW LEVEL ANALYSIS: 
top 1 correctly labelled: 196
top 3 correctly labelled: 242
top X correctly labelled: 244
total: 246
 OVERAL ANALYSIS: 
top 1 correctly labelled: 208
top 3 correctly labelled: 242
top X correctly labelled: 244
total: 246
171, 1
276, 0
909, 0
36, 0
1500, 0
456, 0
1161, 0
1500, 0
1500, 0
1500, 0
126, 0
36, 0
1500, 0
1500, 0
42, 0
78, 1
60, 0
1500, 0
1500, 0
180, 0
222, 0
435, 0
123, 0
45, 0
177, 1
1500, 1
1500, 0
1500, 0
810, 0
102, 0
108, 0
546, 0
1020, 0
207, 0
66, 0
96, 0
99, 0
387, 3
78, 0
30, 0
30, 0
1500, 0
1500, 1
222, 1
1500, 0
1500, 1
165, 0
414, 2
393, 0
1500, 0
1500, 0
87, 0
219, 0
546, 0
378, 0
564, 0
75, 0
1500, 0
84, 0
78, 0
45, 0
846, 0
1500, 0
1500, 0
345, 0
33, 0
81, 1
51, 0
1500, 0
36, 0
1500, 0
108, 0
1500, 0
1500, 0
150, 0
453, 0
1500, 1
1500, 0
114, 0
30, 0
258, 0
72, 1
174, 0
510, 0
114, 0
42, 0
252, 0
132, 0
99, 0
510, 0
78, 0
144, 0
57, 0
168, 0
105, 0
63, 0
1500, 0
1500, 0
1500, 0
252, 0
33, 0
1449, 0
144, -1
30, 0
522, 1
1035, 0
108, 0
321, 0
1500, 0
36, 0
1500, 0
369, 1
1500, 0
1500, 0
39, 0
69, 0
858, 0
240, 0
252, 0
501, 0
1500, 0
156, 0
132, 0
1500, 0
171, 0
51, 0
1500, 1
1500, 0
1500, 0
948, 0
36, 0
180, -1
1500, 1
1500, 0
1500, 0
1500, 0
237, 1
1500, 0
1500, 0
1500, 0
1500, 0
909, 2
42, 3
1500, 1
42, 1
1500, 1
87, 0
1500, 1
261, 0
99, 0
1500, 0
30, 0
540, 0
531, 0
93, 0
60, 0
57, 0
1500, 0
117, 0
186, 0
375, 0
468, 0
36, 0
1500, 0
123, 0
99, 0
36, 0
135, 0
999, 0
36, 0
48, 0
1500, 0
78, 0
1479, 0
1419, 1
90, 0
1500, 0
555, 1
1500, 0
156, 0
1500, 0
381, 0
30, 0
1500, 0
1500, 1
1500, 0
1500, 0
1500, 1
1500, 0
1500, 0
1500, 0
63, 0
435, 0
423, 0
1500, 0
171, 0
135, 0
33, 0
1500, 0
1221, 0
1500, 0
423, 0
1500, 0
78, 0
51, 0
1500, 1
1500, 1
231, 1
162, 2
1500, 0
81, 0
1500, 0
144, 0
36, 0
1050, 0
528, 0
441, 0
1500, 1
78, 0
1500, 0
240, 0
459, 0
144, 2
108, 0
1500, 0
45, 0
1500, 0
1500, 0
429, 0
99, 0
51, 0
486, 0
1359, 0
168, 0
1500, 0
54, 1
1287, 0
42, 0
1500, 1
1500, 0
321, 0
198, 1
495, 0
132, 0
1500, 0
1500, 0
Size: small Deviation: 15
all datasets: 246
 COLUMN LEVEL ANALYSIS: 
top 1 correctly labelled: 58
top 3 correctly labelled: 106
top X correctly labelled: 194
total: 246
 ROW LEVEL ANALYSIS: 
top 1 correctly labelled: 199
top 3 correctly labelled: 241
top X correctly labelled: 244
total: 246
 OVERAL ANALYSIS: 
top 1 correctly labelled: 207
top 3 correctly labelled: 240
top X correctly labelled: 244
total: 246
321, 0
42, 0
1500, 0
1500, 0
1500, 0
198, 0
132, 0
495, 0
1500, 0
429, 0
1500, 0
1500, 0
45, 0
1500, 0
144, 3
108, 0
1287, 0
54, 0
486, 0
51, 1
1359, 0
168, 0
1500, 1
99, 1
36, 0
1050, 0
144, 0
1500, 0
81, 0
162, 1
1500, 1
459, 0
1500, 0
78, 0
1500, 0
240, 0
441, 0
528, 0
78, 0
1500, 0
423, 0
1500, 0
1221, 0
1500, 0
33, 0
1500, 0
231, 0
1500, 1
51, 0
1500, 0
1500, 0
1500, 0
1500, 0
381, 0
156, 0
1500, 0
1500, 1
30, 0
171, 2
135, 0
1500, 0
423, 0
1500, 0
1500, 0
1500, 0
63, 0
435, 0
999, 0
36, 0
48, 0
36, 0
135, 0
123, 0
99, 0
1500, 0
555, 0
1500, 0
90, 0
1479, 0
1419, 3
1500, 0
78, 0
60, 0
93, 0
1500, 0
30, 0
540, 0
531, 0
375, 0
468, 0
36, 0
1500, 0
186, 0
117, 0
57, 0
1500, 1
237, 1
1500, 0
1500, 0
1500, 0
1500, 0
1500, 0
180, -1
1500, 0
87, 1
99, 0
261, 0
1500, 1
42, 0
1500, 0
1500, 1
1500, 0
1500, 0
909, 0
42, 0
156, 0
1500, 0
252, 0
501, 0
858, 0
240, 0
948, 0
36, 0
171, 0
51, 0
132, 0
1500, 0
1500, 1
1500, 1
1500, 0
1500, 0
36, 0
1035, 0
108, 0
321, 0
69, 0
1500, 0
39, 0
1500, 0
1500, 0
369, 1
63, 0
1500, 0
1500, 0
1500, 0
57, 0
168, 0
105, 0
144, 1
78, 0
522, 1
1449, 0
30, 0
144, -1
252, 2
33, 0
150, 0
1500, 1
453, 0
30, 1
114, 0
1500, 0
72, 3
258, 0
1500, 0
1500, 0
108, 0
1500, 0
36, 0
252, 2
132, 0
99, 0
510, 0
42, 0
174, 0
114, 0
510, 0
78, 0
45, 0
1500, 0
84, 0
378, 0
564, 0
75, 0
546, 0
51, 0
1500, 0
345, 0
33, 0
81, 1
1500, 0
1500, 0
846, 1
30, 0
30, 0
1500, 0
1500, 1
207, 0
66, 0
99, 0
96, 0
78, 0
387, 2
1020, 0
87, 0
219, 0
393, 0
414, 2
1500, 0
1500, 0
1500, 0
165, 0
222, 1
1500, 0
222, 0
435, 0
123, 3
1500, 0
180, 0
60, 0
1500, 1
108, 0
546, 0
1500, 1
177, 0
102, 0
810, 0
1500, 0
1500, 0
45, 0
909, 0
36, 0
1500, 1
171, 0
276, 0
78, 0
42, 0
126, 0
1500, 0
36, 0
1500, 1
1500, 0
1500, 0
1500, 0
456, 0
1161, 1
